#
# A fatal error has been detected by the Java Runtime Environment:
#
#  EXCEPTION_ACCESS_VIOLATION (0xc0000005) at pc=0x6136ace9, pid=3428, tid=1264
#
# JRE version: Java(TM) SE Runtime Environment (7.0_51-b13) (build 1.7.0_51-b13)
# Java VM: Java HotSpot(TM) Client VM (24.51-b03 mixed mode windows-x86 )
# Problematic frame:
# C  [nvd3dum.dll+0x30ace9]
#
# Failed to write core dump. Minidumps are not enabled by default on client versions of Windows
#
# If you would like to submit a bug report, please visit:
#   http://bugreport.sun.com/bugreport/crash.jsp
# The crash happened outside the Java Virtual Machine in native code.
# See problematic frame for where to report the bug.
#

---------------  T H R E A D  ---------------

Current thread (0x47f10400):  JavaThread "AWT-Windows" daemon [_thread_in_native, id=1264, stack(0x487a0000,0x487f0000)]

siginfo: ExceptionCode=0xc0000005, reading address 0x00000000

Registers:
EAX=0x00000000, EBX=0x0000001d, ECX=0x000a5e80, EDX=0x000a6220
ESP=0x487ee2f8, EBP=0x487ee6b0, ESI=0x4bcdd6a0, EDI=0x4b222500
EIP=0x6136ace9, EFLAGS=0x00010246

Top of Stack: (sp=0x487ee2f8)
0x487ee2f8:   0000001d 4b222500 00000020 4bcdd6a0
0x487ee308:   00000000 60a55e80 00010001 0000001d
0x487ee318:   00000000 00000020 00000000 00554b38
0x487ee328:   0000007c 00000000 00000000 49c17698
0x487ee338:   49c66720 00000000 0000001d 00000020
0x487ee348:   4b1b6348 4b222500 00000000 0000003f
0x487ee358:   000a5e80 000003a0 00000000 00007ffe
0x487ee368:   00000000 00000000 00000000 00000000 

Instructions: (pc=0x6136ace9)
0x6136acc9:   44 24 50 89 50 08 c7 40 0c 00 00 00 00 f6 84 24
0x6136acd9:   10 02 00 00 08 8b 44 24 28 89 84 24 f8 00 00 00
0x6136ace9:   8b 10 89 94 24 14 01 00 00 74 10 8b 8c 24 0c 01
0x6136acf9:   00 00 b8 01 00 00 00 d3 e0 eb 07 8b 84 24 0c 01 


Register to memory mapping:

EAX=0x00000000 is an unknown value
EBX=0x0000001d is an unknown value
ECX=0x000a5e80 is an unknown value
EDX=0x000a6220 is an unknown value
ESP=0x487ee2f8 is pointing into the stack for thread: 0x47f10400
EBP=0x487ee6b0 is pointing into the stack for thread: 0x47f10400
ESI=0x4bcdd6a0 is an unknown value
EDI=0x4b222500 is an unknown value


Stack: [0x487a0000,0x487f0000],  sp=0x487ee2f8,  free space=312k
Native frames: (J=compiled Java code, j=interpreted, Vv=VM code, C=native code)
C  [nvd3dum.dll+0x30ace9]
C  [nvd3dum.dll+0x2ffeb2]
C  [nvd3dum.dll+0x3000d7]
C  [nvd3dum.dll+0x39a52b]
C  [nvd3dum.dll+0x2830e3]
C  [d3d9.dll+0x117ccd]
C  [d3d9.dll+0x11952a]
C  [d3d9.dll+0xb0f74]
C  [d3d9.dll+0x6aee7]
C  [d3d9.dll+0x362e2]
C  [d3d9.dll+0x36ad4]

Java frames: (J=compiled Java code, j=interpreted, Vv=VM code)
j  sun.awt.windows.WToolkit.eventLoop()V+0
j  sun.awt.windows.WToolkit.run()V+49
j  java.lang.Thread.run()V+11
v  ~StubRoutines::call_stub

---------------  P R O C E S S  ---------------

Java Threads: ( => current thread )
  0x484db400 JavaThread "pool-2-thread-1" [_thread_blocked, id=4044, stack(0x48d00000,0x48d50000)]
  0x4f439000 JavaThread "prefuse_ActivityManager" daemon [_thread_blocked, id=952, stack(0x4fc10000,0x4fc60000)]
  0x48549800 JavaThread "Swing-Shell" daemon [_thread_blocked, id=3240, stack(0x4edb0000,0x4ee00000)]
  0x484c5800 JavaThread "D3D Screen Updater" daemon [_thread_blocked, id=5612, stack(0x4d0e0000,0x4d130000)]
  0x48477800 JavaThread "TimerQueue" daemon [_thread_blocked, id=4564, stack(0x4bf70000,0x4bfc0000)]
  0x018cc000 JavaThread "DestroyJavaVM" [_thread_blocked, id=5164, stack(0x01940000,0x01990000)]
  0x4839ac00 JavaThread "AWT-EventQueue-0" [_thread_in_native, id=5280, stack(0x48720000,0x48770000)]
=>0x47f10400 JavaThread "AWT-Windows" daemon [_thread_in_native, id=1264, stack(0x487a0000,0x487f0000)]
  0x47e3bc00 JavaThread "AWT-Shutdown" [_thread_blocked, id=3156, stack(0x48220000,0x48270000)]
  0x47e3b000 JavaThread "Java2D Disposer" daemon [_thread_blocked, id=1672, stack(0x018e0000,0x01930000)]
  0x47d6bc00 JavaThread "Service Thread" daemon [_thread_blocked, id=4340, stack(0x481b0000,0x48200000)]
  0x47d67800 JavaThread "C1 CompilerThread0" daemon [_thread_blocked, id=3584, stack(0x00790000,0x007e0000)]
  0x47d66400 JavaThread "Attach Listener" daemon [_thread_blocked, id=2180, stack(0x48140000,0x48190000)]
  0x47d63000 JavaThread "Signal Dispatcher" daemon [_thread_blocked, id=4552, stack(0x48080000,0x480d0000)]
  0x47d37000 JavaThread "Finalizer" daemon [_thread_blocked, id=4528, stack(0x48030000,0x48080000)]
  0x47d30c00 JavaThread "Reference Handler" daemon [_thread_blocked, id=4864, stack(0x47fb0000,0x48000000)]

Other Threads:
  0x47d2f000 VMThread [stack: 0x47f40000,0x47f90000] [id=3616]
  0x47d86c00 WatcherThread [stack: 0x482b0000,0x48300000] [id=1128]

VM state:not at safepoint (normal execution)

VM Mutex/Monitor currently owned by a thread: None

Heap
 def new generation   total 281472K, used 227443K [0x03990000, 0x16af0000, 0x18ee0000)
  eden space 250240K,  88% used [0x03990000, 0x111d1890, 0x12df0000)
  from space 31232K,  19% used [0x14c70000, 0x1524b680, 0x16af0000)
  to   space 31232K,   0% used [0x12df0000, 0x12df0000, 0x14c70000)
 tenured generation   total 625376K, used 564955K [0x18ee0000, 0x3f198000, 0x43990000)
   the space 625376K,  90% used [0x18ee0000, 0x3b696f30, 0x3b697000, 0x3f198000)
 compacting perm gen  total 12288K, used 12062K [0x43990000, 0x44590000, 0x47990000)
   the space 12288K,  98% used [0x43990000, 0x445579b8, 0x44557a00, 0x44590000)
No shared spaces configured.

Card table byte_map: [0x47990000,0x47bc0000] byte_map_base: 0x47973380

Polling page: 0x00140000

Code Cache  [0x01990000, 0x01f78000, 0x03990000)
 total_blobs=3661 nmethods=3375 adapters=221 free_code_cache=26734Kb largest_free_block=27374784

Compilation events (10 events):
Event: 3147.781 Thread 0x47d67800 3378             javax.swing.plaf.synth.SynthProgressBarUI::paint (564 bytes)
Event: 3147.782 Thread 0x47d67800 nmethod 3378 0x01f72548 code [0x01f72760, 0x01f72eb0]
Event: 3167.574 Thread 0x47d67800 3379             java.awt.image.DirectColorModel::<init> (37 bytes)
Event: 3167.591 Thread 0x47d67800 nmethod 3379 0x01f73548 code [0x01f73660, 0x01f737c4]
Event: 3182.788 Thread 0x47d67800 3380             sun.java2d.SurfaceDataProxy$CountdownTracker::<init> (10 bytes)
Event: 3182.788 Thread 0x47d67800 nmethod 3380 0x01f73888 code [0x01f73980, 0x01f73a00]
Event: 3193.511 Thread 0x47d67800 3381             sun.java2d.pipe.Region::getTranslatedRegion (302 bytes)
Event: 3193.521 Thread 0x47d67800 nmethod 3381 0x01f73a48 code [0x01f73b70, 0x01f73f8c]
Event: 3204.100 Thread 0x47d67800 3382             java.util.StringTokenizer::setMaxDelimCodePoint (156 bytes)
Event: 3204.101 Thread 0x47d67800 nmethod 3382 0x01f74348 code [0x01f74480, 0x01f747c4]

GC Heap History (10 events):
Event: 3294.816 GC heap before
{Heap before GC invocations=1096 (full 7):
 def new generation   total 281472K, used 257444K [0x03990000, 0x16af0000, 0x18ee0000)
  eden space 250240K, 100% used [0x03990000, 0x12df0000, 0x12df0000)
  from space 31232K,  23% used [0x12df0000, 0x134f92c0, 0x14c70000)
  to   space 31232K,   0% used [0x14c70000, 0x14c70000, 0x16af0000)
 tenured generation   total 625376K, used 562160K [0x18ee0000, 0x3f198000, 0x43990000)
   the space 625376K,  89% used [0x18ee0000, 0x3b3dc128, 0x3b3dc200, 0x3f198000)
 compacting perm gen  total 12288K, used 12062K [0x43990000, 0x44590000, 0x47990000)
   the space 12288K,  98% used [0x43990000, 0x445579b8, 0x44557a00, 0x44590000)
No shared spaces configured.
Event: 3294.831 GC heap after
Heap after GC invocations=1097 (full 7):
 def new generation   total 281472K, used 5999K [0x03990000, 0x16af0000, 0x18ee0000)
  eden space 250240K,   0% used [0x03990000, 0x03990000, 0x12df0000)
  from space 31232K,  19% used [0x14c70000, 0x1524bce8, 0x16af0000)
  to   space 31232K,   0% used [0x12df0000, 0x12df0000, 0x14c70000)
 tenured generation   total 625376K, used 563444K [0x18ee0000, 0x3f198000, 0x43990000)
   the space 625376K,  90% used [0x18ee0000, 0x3b51d378, 0x3b51d400, 0x3f198000)
 compacting perm gen  total 12288K, used 12062K [0x43990000, 0x44590000, 0x47990000)
   the space 12288K,  98% used [0x43990000, 0x445579b8, 0x44557a00, 0x44590000)
No shared spaces configured.
}
Event: 3296.982 GC heap before
{Heap before GC invocations=1097 (full 7):
 def new generation   total 281472K, used 256239K [0x03990000, 0x16af0000, 0x18ee0000)
  eden space 250240K, 100% used [0x03990000, 0x12df0000, 0x12df0000)
  from space 31232K,  19% used [0x14c70000, 0x1524bce8, 0x16af0000)
  to   space 31232K,   0% used [0x12df0000, 0x12df0000, 0x14c70000)
 tenured generation   total 625376K, used 563444K [0x18ee0000, 0x3f198000, 0x43990000)
   the space 625376K,  90% used [0x18ee0000, 0x3b51d378, 0x3b51d400, 0x3f198000)
 compacting perm gen  total 12288K, used 12062K [0x43990000, 0x44590000, 0x47990000)
   the space 12288K,  98% used [0x43990000, 0x445579b8, 0x44557a00, 0x44590000)
No shared spaces configured.
Event: 3296.995 GC heap after
Heap after GC invocations=1098 (full 7):
 def new generation   total 281472K, used 5999K [0x03990000, 0x16af0000, 0x18ee0000)
  eden space 250240K,   0% used [0x03990000, 0x03990000, 0x12df0000)
  from space 31232K,  19% used [0x12df0000, 0x133cbd70, 0x14c70000)
  to   space 31232K,   0% used [0x14c70000, 0x14c70000, 0x16af0000)
 tenured generation   total 625376K, used 563518K [0x18ee0000, 0x3f198000, 0x43990000)
   the space 625376K,  90% used [0x18ee0000, 0x3b52f858, 0x3b52fa00, 0x3f198000)
 compacting perm gen  total 12288K, used 12062K [0x43990000, 0x44590000, 0x47990000)
   the space 12288K,  98% used [0x43990000, 0x445579b8, 0x44557a00, 0x44590000)
No shared spaces configured.
}
Event: 3299.144 GC heap before
{Heap before GC invocations=1098 (full 7):
 def new generation   total 281472K, used 256239K [0x03990000, 0x16af0000, 0x18ee0000)
  eden space 250240K, 100% used [0x03990000, 0x12df0000, 0x12df0000)
  from space 31232K,  19% used [0x12df0000, 0x133cbd70, 0x14c70000)
  to   space 31232K,   0% used [0x14c70000, 0x14c70000, 0x16af0000)
 tenured generation   total 625376K, used 563518K [0x18ee0000, 0x3f198000, 0x43990000)
   the space 625376K,  90% used [0x18ee0000, 0x3b52f858, 0x3b52fa00, 0x3f198000)
 compacting perm gen  total 12288K, used 12062K [0x43990000, 0x44590000, 0x47990000)
   the space 12288K,  98% used [0x43990000, 0x445579b8, 0x44557a00, 0x44590000)
No shared spaces configured.
Event: 3299.157 GC heap after
Heap after GC invocations=1099 (full 7):
 def new generation   total 281472K, used 5989K [0x03990000, 0x16af0000, 0x18ee0000)
  eden space 250240K,   0% used [0x03990000, 0x03990000, 0x12df0000)
  from space 31232K,  19% used [0x14c70000, 0x15249400, 0x16af0000)
  to   space 31232K,   0% used [0x12df0000, 0x12df0000, 0x14c70000)
 tenured generation   total 625376K, used 563593K [0x18ee0000, 0x3f198000, 0x43990000)
   the space 625376K,  90% used [0x18ee0000, 0x3b542620, 0x3b542800, 0x3f198000)
 compacting perm gen  total 12288K, used 12062K [0x43990000, 0x44590000, 0x47990000)
   the space 12288K,  98% used [0x43990000, 0x445579b8, 0x44557a00, 0x44590000)
No shared spaces configured.
}
Event: 3301.310 GC heap before
{Heap before GC invocations=1099 (full 7):
 def new generation   total 281472K, used 256229K [0x03990000, 0x16af0000, 0x18ee0000)
  eden space 250240K, 100% used [0x03990000, 0x12df0000, 0x12df0000)
  from space 31232K,  19% used [0x14c70000, 0x15249400, 0x16af0000)
  to   space 31232K,   0% used [0x12df0000, 0x12df0000, 0x14c70000)
 tenured generation   total 625376K, used 563593K [0x18ee0000, 0x3f198000, 0x43990000)
   the space 625376K,  90% used [0x18ee0000, 0x3b542620, 0x3b542800, 0x3f198000)
 compacting perm gen  total 12288K, used 12062K [0x43990000, 0x44590000, 0x47990000)
   the space 12288K,  98% used [0x43990000, 0x445579b8, 0x44557a00, 0x44590000)
No shared spaces configured.
Event: 3301.323 GC heap after
Heap after GC invocations=1100 (full 7):
 def new generation   total 281472K, used 7187K [0x03990000, 0x16af0000, 0x18ee0000)
  eden space 250240K,   0% used [0x03990000, 0x03990000, 0x12df0000)
  from space 31232K,  23% used [0x12df0000, 0x134f4e70, 0x14c70000)
  to   space 31232K,   0% used [0x14c70000, 0x14c70000, 0x16af0000)
 tenured generation   total 625376K, used 563667K [0x18ee0000, 0x3f198000, 0x43990000)
   the space 625376K,  90% used [0x18ee0000, 0x3b554f70, 0x3b555000, 0x3f198000)
 compacting perm gen  total 12288K, used 12062K [0x43990000, 0x44590000, 0x47990000)
   the space 12288K,  98% used [0x43990000, 0x445579b8, 0x44557a00, 0x44590000)
No shared spaces configured.
}
Event: 3303.617 GC heap before
{Heap before GC invocations=1100 (full 7):
 def new generation   total 281472K, used 257427K [0x03990000, 0x16af0000, 0x18ee0000)
  eden space 250240K, 100% used [0x03990000, 0x12df0000, 0x12df0000)
  from space 31232K,  23% used [0x12df0000, 0x134f4e70, 0x14c70000)
  to   space 31232K,   0% used [0x14c70000, 0x14c70000, 0x16af0000)
 tenured generation   total 625376K, used 563667K [0x18ee0000, 0x3f198000, 0x43990000)
   the space 625376K,  90% used [0x18ee0000, 0x3b554f70, 0x3b555000, 0x3f198000)
 compacting perm gen  total 12288K, used 12062K [0x43990000, 0x44590000, 0x47990000)
   the space 12288K,  98% used [0x43990000, 0x445579b8, 0x44557a00, 0x44590000)
No shared spaces configured.
Event: 3303.636 GC heap after
Heap after GC invocations=1101 (full 7):
 def new generation   total 281472K, used 5997K [0x03990000, 0x16af0000, 0x18ee0000)
  eden space 250240K,   0% used [0x03990000, 0x03990000, 0x12df0000)
  from space 31232K,  19% used [0x14c70000, 0x1524b680, 0x16af0000)
  to   space 31232K,   0% used [0x12df0000, 0x12df0000, 0x14c70000)
 tenured generation   total 625376K, used 564955K [0x18ee0000, 0x3f198000, 0x43990000)
   the space 625376K,  90% used [0x18ee0000, 0x3b696f30, 0x3b697000, 0x3f198000)
 compacting perm gen  total 12288K, used 12062K [0x43990000, 0x44590000, 0x47990000)
   the space 12288K,  98% used [0x43990000, 0x445579b8, 0x44557a00, 0x44590000)
No shared spaces configured.
}

Deoptimization events (0 events):
No events

Internal exceptions (10 events):
Event: 3301.214 Thread 0x4839ac00 Threw 0x12281eb8 at C:\re\jdk7u51\527\hotspot\src\share\vm\runtime\sharedRuntime.cpp:591
Event: 3301.215 Thread 0x4839ac00 Threw 0x122826b0 at C:\re\jdk7u51\527\hotspot\src\share\vm\runtime\sharedRuntime.cpp:591
Event: 3301.215 Thread 0x4839ac00 Threw 0x12287c98 at C:\re\jdk7u51\527\hotspot\src\share\vm\runtime\sharedRuntime.cpp:591
Event: 3301.215 Thread 0x4839ac00 Threw 0x122883b8 at C:\re\jdk7u51\527\hotspot\src\share\vm\runtime\sharedRuntime.cpp:591
Event: 3301.215 Thread 0x4839ac00 Threw 0x12288ac8 at C:\re\jdk7u51\527\hotspot\src\share\vm\runtime\sharedRuntime.cpp:591
Event: 3301.215 Thread 0x4839ac00 Threw 0x122891d8 at C:\re\jdk7u51\527\hotspot\src\share\vm\runtime\sharedRuntime.cpp:591
Event: 3301.215 Thread 0x4839ac00 Threw 0x1228d510 at C:\re\jdk7u51\527\hotspot\src\share\vm\runtime\sharedRuntime.cpp:591
Event: 3301.215 Thread 0x4839ac00 Threw 0x1228dbc8 at C:\re\jdk7u51\527\hotspot\src\share\vm\runtime\sharedRuntime.cpp:591
Event: 3301.216 Thread 0x4839ac00 Threw 0x1228e270 at C:\re\jdk7u51\527\hotspot\src\share\vm\runtime\sharedRuntime.cpp:591
Event: 3301.216 Thread 0x4839ac00 Threw 0x1228e918 at C:\re\jdk7u51\527\hotspot\src\share\vm\runtime\sharedRuntime.cpp:591

Events (10 events):
Event: 3304.988 Thread 0x485d9c00 Thread added: 0x485d9c00
Event: 3304.989 Thread 0x485d9c00 Thread exited: 0x485d9c00
Event: 3305.263 Thread 0x485d9c00 Thread added: 0x485d9c00
Event: 3305.263 Thread 0x485d9c00 Thread exited: 0x485d9c00
Event: 3305.263 Thread 0x485d9c00 Thread added: 0x485d9c00
Event: 3305.264 Thread 0x485d9c00 Thread exited: 0x485d9c00
Event: 3305.538 Thread 0x485d9c00 Thread added: 0x485d9c00
Event: 3305.538 Thread 0x485d9c00 Thread exited: 0x485d9c00
Event: 3305.538 Thread 0x485d9c00 Thread added: 0x485d9c00
Event: 3305.539 Thread 0x485d9c00 Thread exited: 0x485d9c00


Dynamic libraries:
0x00350000 - 0x0037f000 	C:\Program Files\Java\jdk1.7.0_51\bin\java.exe
0x77cb0000 - 0x77dec000 	C:\Windows\SYSTEM32\ntdll.dll
0x761c0000 - 0x76294000 	C:\Windows\system32\kernel32.dll
0x75fc0000 - 0x7600b000 	C:\Windows\system32\KERNELBASE.dll
0x762a0000 - 0x76340000 	C:\Windows\system32\ADVAPI32.dll
0x77e30000 - 0x77edc000 	C:\Windows\system32\msvcrt.dll
0x76340000 - 0x76359000 	C:\Windows\SYSTEM32\sechost.dll
0x76360000 - 0x76402000 	C:\Windows\system32\RPCRT4.dll
0x76870000 - 0x76939000 	C:\Windows\system32\USER32.dll
0x77ae0000 - 0x77b2e000 	C:\Windows\system32\GDI32.dll
0x77df0000 - 0x77dfa000 	C:\Windows\system32\LPK.dll
0x76120000 - 0x761bd000 	C:\Windows\system32\USP10.dll
0x74c60000 - 0x74dfe000 	C:\Windows\WinSxS\x86_microsoft.windows.common-controls_6595b64144ccf1df_6.0.7601.17514_none_41e6975e2bd6f2b2\COMCTL32.dll
0x769d0000 - 0x76a27000 	C:\Windows\system32\SHLWAPI.dll
0x77e10000 - 0x77e2f000 	C:\Windows\system32\IMM32.DLL
0x77b30000 - 0x77bfc000 	C:\Windows\system32\MSCTF.dll
0x60030000 - 0x600ef000 	C:\Program Files\Java\jdk1.7.0_51\jre\bin\msvcr100.dll
0x5f9f0000 - 0x5fd70000 	C:\Program Files\Java\jdk1.7.0_51\jre\bin\client\jvm.dll
0x71b90000 - 0x71b97000 	C:\Windows\system32\WSOCK32.dll
0x76690000 - 0x766c5000 	C:\Windows\system32\WS2_32.dll
0x76040000 - 0x76046000 	C:\Windows\system32\NSI.dll
0x73fa0000 - 0x73fd2000 	C:\Windows\system32\WINMM.dll
0x77e00000 - 0x77e05000 	C:\Windows\system32\PSAPI.DLL
0x60220000 - 0x6022c000 	C:\Program Files\Java\jdk1.7.0_51\jre\bin\verify.dll
0x60200000 - 0x60220000 	C:\Program Files\Java\jdk1.7.0_51\jre\bin\java.dll
0x5ffd0000 - 0x5ffe3000 	C:\Program Files\Java\jdk1.7.0_51\jre\bin\zip.dll
0x5fe50000 - 0x5ff93000 	C:\Program Files\Java\jdk1.7.0_51\jre\bin\awt.dll
0x76060000 - 0x760ef000 	C:\Windows\system32\OLEAUT32.dll
0x76530000 - 0x7668c000 	C:\Windows\system32\ole32.dll
0x748d0000 - 0x74910000 	C:\Windows\system32\uxtheme.dll
0x745e0000 - 0x745f3000 	C:\Windows\system32\dwmapi.dll
0x75c40000 - 0x75c4c000 	C:\Windows\system32\CRYPTBASE.dll
0x76ab0000 - 0x776fa000 	C:\Windows\system32\SHELL32.dll
0x73aa0000 - 0x73ad9000 	C:\Program Files\Java\jdk1.7.0_51\jre\bin\fontmanager.dll
0x75760000 - 0x75776000 	C:\Windows\system32\CRYPTSP.dll
0x75500000 - 0x7553b000 	C:\Windows\system32\rsaenh.dll
0x76020000 - 0x76037000 	C:\Windows\system32\USERENV.dll
0x75d20000 - 0x75d2b000 	C:\Windows\system32\profapi.dll
0x5ffb0000 - 0x5ffc4000 	C:\Program Files\Java\jdk1.7.0_51\jre\bin\net.dll
0x75720000 - 0x7575c000 	C:\Windows\system32\mswsock.dll
0x75710000 - 0x75716000 	C:\Windows\System32\wship6.dll
0x74190000 - 0x741a0000 	C:\Windows\system32\NLAapi.dll
0x710a0000 - 0x710b0000 	C:\Windows\system32\napinsp.dll
0x71080000 - 0x71092000 	C:\Windows\system32\pnrpnsp.dll
0x755e0000 - 0x75624000 	C:\Windows\system32\DNSAPI.dll
0x71070000 - 0x71078000 	C:\Windows\System32\winrnr.dll
0x75260000 - 0x75265000 	C:\Windows\System32\wshtcpip.dll
0x73f30000 - 0x73f4c000 	C:\Windows\system32\IPHLPAPI.DLL
0x73ef0000 - 0x73ef7000 	C:\Windows\system32\WINNSI.DLL
0x70410000 - 0x70416000 	C:\Windows\system32\rasadhlp.dll
0x73e30000 - 0x73e68000 	C:\Windows\System32\fwpuclnt.dll
0x5ffa0000 - 0x5ffaf000 	C:\Program Files\Java\jdk1.7.0_51\jre\bin\nio.dll
0x00710000 - 0x0074d000 	C:\Users\dieutq\AppData\Local\Temp\jna-dieutq\jna6575060052352756817.dll
0x72630000 - 0x72654000 	c:\program files\videolan\vlc\libvlc.dll
0x5f200000 - 0x5f451000 	c:\program files\videolan\vlc\libvlccore.dll
0x70af0000 - 0x70cb3000 	C:\Windows\system32\d3d9.dll
0x751d0000 - 0x751d9000 	C:\Windows\system32\VERSION.dll
0x70ae0000 - 0x70ae6000 	C:\Windows\system32\d3d8thk.dll
0x61060000 - 0x617c1000 	C:\Windows\system32\nvd3dum.dll
0x74b70000 - 0x74b95000 	C:\Windows\system32\powrprof.dll
0x766d0000 - 0x7686d000 	C:\Windows\system32\SETUPAPI.dll
0x75da0000 - 0x75dc7000 	C:\Windows\system32\CFGMGR32.dll
0x75d40000 - 0x75d52000 	C:\Windows\system32\DEVOBJ.dll
0x73a20000 - 0x73a45000 	C:\Program Files\Java\jdk1.7.0_51\jre\bin\jpeg.dll
0x73a70000 - 0x73aa0000 	C:\Program Files\Java\jdk1.7.0_51\jre\bin\t2k.dll
0x76940000 - 0x769c3000 	C:\Windows\system32\CLBCatQ.DLL
0x74480000 - 0x745b0000 	C:\Windows\system32\WindowsCodecs.dll
0x75bf0000 - 0x75c3c000 	C:\Windows\system32\apphelp.dll
0x6f6e0000 - 0x6f718000 	C:\Users\dieutq\AppData\Local\Microsoft\SkyDrive\17.3.1166.0618\SkyDriveShell.dll
0x6f650000 - 0x6f6d5000 	C:\Users\dieutq\AppData\Local\Microsoft\SkyDrive\17.3.1166.0618\MSVCP110.dll
0x6ed10000 - 0x6ede2000 	C:\Users\dieutq\AppData\Local\Microsoft\SkyDrive\17.3.1166.0618\MSVCR110.dll
0x6f2c0000 - 0x6f345000 	C:\Users\dieutq\AppData\Local\Microsoft\SkyDrive\17.3.1166.0618\Telemetry.dll
0x6f5c0000 - 0x6f5ca000 	C:\Users\dieutq\AppData\Local\Microsoft\SkyDrive\17.3.1166.0618\logging.dll
0x6f260000 - 0x6f2b2000 	C:\Windows\system32\faultrep.dll
0x6f240000 - 0x6f255000 	C:\Windows\system32\Cabinet.dll
0x73220000 - 0x73278000 	C:\Windows\system32\WINHTTP.dll
0x71e70000 - 0x71ebf000 	C:\Windows\system32\webio.dll
0x745b0000 - 0x745df000 	C:\Windows\system32\XmlLite.dll
0x77700000 - 0x778bd000 	C:\Windows\system32\WININET.dll
0x75d60000 - 0x75d64000 	C:\Windows\system32\api-ms-win-downlevel-user32-l1-1-0.dll
0x75ef0000 - 0x75ef4000 	C:\Windows\system32\api-ms-win-downlevel-shlwapi-l1-1-0.dll
0x75d90000 - 0x75d94000 	C:\Windows\system32\api-ms-win-downlevel-version-l1-1-0.dll
0x76010000 - 0x76013000 	C:\Windows\system32\api-ms-win-downlevel-normaliz-l1-1-0.dll
0x76050000 - 0x76053000 	C:\Windows\system32\normaliz.DLL
0x778c0000 - 0x77ad9000 	C:\Windows\system32\iertutil.dll
0x75d80000 - 0x75d85000 	C:\Windows\system32\api-ms-win-downlevel-advapi32-l1-1-0.dll
0x6e9b0000 - 0x6eb58000 	C:\PROGRA~1\MICROS~1\Office15\GROOVEEX.DLL
0x6eca0000 - 0x6ed09000 	C:\Windows\system32\MSVCP100.dll
0x6edf0000 - 0x6ee16000 	C:\Windows\system32\ATL100.DLL
0x71c30000 - 0x71e70000 	C:\Windows\system32\msi.dll
0x6dc30000 - 0x6e4ab000 	C:\PROGRA~1\MICROS~1\Office15\1033\GrooveIntlResource.dll
0x6ec40000 - 0x6ec63000 	C:\Users\dieutq\AppData\Roaming\Dropbox\bin\DropboxExt.24.dll
0x6f350000 - 0x6f43b000 	C:\Windows\system32\dbghelp.dll
0x6ebb0000 - 0x6ec3e000 	C:\Windows\WinSxS\x86_microsoft.vc90.crt_1fc8b3b9a1e18e3b_9.0.30729.6161_none_50934f2ebcb7eb57\MSVCP90.dll
0x73280000 - 0x73323000 	C:\Windows\WinSxS\x86_microsoft.vc90.crt_1fc8b3b9a1e18e3b_9.0.30729.6161_none_50934f2ebcb7eb57\MSVCR90.dll
0x6eb70000 - 0x6eba1000 	C:\Windows\system32\EhStorShell.dll
0x74a70000 - 0x74b65000 	C:\Windows\system32\PROPSYS.dll
0x6dbc0000 - 0x6dc2a000 	C:\Windows\System32\cscui.dll
0x6f230000 - 0x6f239000 	C:\Windows\System32\CSCDLL.dll
0x71400000 - 0x7140b000 	C:\Windows\system32\CSCAPI.dll
0x4bec0000 - 0x4bf14000 	C:\Users\dieutq\AppData\Local\Lingoes\Translator\lingoes-us\OpenText32.dll
0x71470000 - 0x714ac000 	C:\Windows\system32\OLEACC.dll
0x48200000 - 0x48208000 	C:\Program Files\Internet Download Manager\idmmkb.dll
0x739f0000 - 0x73a14000 	C:\Program Files\Java\jdk1.7.0_51\jre\bin\dcpr.dll
0x70e70000 - 0x70ef4000 	C:\Windows\WinSxS\x86_microsoft.windows.common-controls_6595b64144ccf1df_5.82.7601.18201_none_ec80f00e8593ece5\comctl32.dll
0x74390000 - 0x743b1000 	C:\Windows\system32\ntmarta.dll
0x77c00000 - 0x77c45000 	C:\Windows\system32\WLDAP32.dll
0x6d500000 - 0x6d698000 	C:\Windows\system32\NetworkExplorer.dll
0x6dac0000 - 0x6daef000 	C:\Windows\System32\shdocvw.dll
0x740c0000 - 0x740ca000 	C:\Windows\system32\slc.dll
0x70130000 - 0x70142000 	C:\Windows\system32\MPR.dll
0x70120000 - 0x70128000 	C:\Windows\System32\drprov.dll
0x75490000 - 0x754b9000 	C:\Windows\System32\WINSTA.dll
0x70100000 - 0x70114000 	C:\Windows\System32\ntlanman.dll
0x700e0000 - 0x700f7000 	C:\Windows\System32\davclnt.dll
0x700d0000 - 0x700d8000 	C:\Windows\System32\DAVHLPR.dll
0x74250000 - 0x7425f000 	C:\Windows\system32\wkscli.dll
0x74260000 - 0x74269000 	C:\Windows\system32\netutils.dll
0x5f480000 - 0x5f6b8000 	C:\Windows\system32\wpdshext.dll
0x74740000 - 0x748d0000 	C:\Windows\WinSxS\x86_microsoft.windows.gdiplus_6595b64144ccf1df_1.1.7601.18455_none_72d576ad8665e853\gdiplus.dll
0x65a60000 - 0x65ae9000 	C:\Windows\system32\PortableDeviceApi.dll
0x75f90000 - 0x75fbe000 	C:\Windows\system32\WINTRUST.dll
0x75dd0000 - 0x75ef0000 	C:\Windows\system32\CRYPT32.dll
0x75d30000 - 0x75d3c000 	C:\Windows\system32\MSASN1.dll
0x6ccd0000 - 0x6ccfb000 	C:\Windows\system32\PortableDeviceTypes.dll
0x60270000 - 0x602af000 	C:\Windows\system32\audiodev.dll
0x60520000 - 0x60787000 	C:\Windows\system32\WMVCore.DLL
0x604a0000 - 0x604dd000 	C:\Windows\system32\WMASF.DLL

VM Arguments:
jvm_args: -Dfile.encoding=UTF-8 -Xmx1024m 
java_command: movieannot.Process.Play
Launcher Type: SUN_STANDARD

Environment Variables:
JAVA_HOME=C:\Program Files\Java\jdk1.7.0_51
PATH=C:\Windows\system32;C:\Windows;C:\Windows\System32\Wbem;C:\Windows\System32\WindowsPowerShell\v1.0\;C:\Java\jdk1.7.0\bin;C:\opencv\build\x86\vc10\bin;C:\Program Files\Microsoft SQL Server\100\Tools\Binn\;C:\Program Files\Microsoft SQL Server\100\DTS\Binn\;C:\Program Files\MiKTeX 2.9\miktex\bin\;C:\EmguCV\bin
USERNAME=dieutq
OS=Windows_NT
PROCESSOR_IDENTIFIER=x86 Family 6 Model 30 Stepping 5, GenuineIntel



---------------  S Y S T E M  ---------------

OS: Windows 7 Build 7601 Service Pack 1

CPU:total 4 (4 cores per cpu, 1 threads per core) family 6 model 30 stepping 5, cmov, cx8, fxsr, mmx, sse, sse2, sse3, ssse3, sse4.1, sse4.2, popcnt, tsc, tscinvbit

Memory: 4k page, physical 3136880k(72700k free), swap 6994120k(541676k free)

vm_info: Java HotSpot(TM) Client VM (24.51-b03) for windows-x86 JRE (1.7.0_51-b13), built on Dec 18 2013 19:09:58 by "java_re" with unknown MS VC++:1600

time: Sun Jul 27 21:08:51 2014
elapsed time: 3306 seconds

