#
# A fatal error has been detected by the Java Runtime Environment:
#
#  EXCEPTION_ACCESS_VIOLATION (0xc0000005) at pc=0x53c6ace9, pid=2332, tid=6384
#
# JRE version: Java(TM) SE Runtime Environment (7.0_51-b13) (build 1.7.0_51-b13)
# Java VM: Java HotSpot(TM) Client VM (24.51-b03 mixed mode windows-x86 )
# Problematic frame:
# C  [nvd3dum.dll+0x30ace9]
#
# Failed to write core dump. Minidumps are not enabled by default on client versions of Windows
#
# If you would like to submit a bug report, please visit:
#   http://bugreport.sun.com/bugreport/crash.jsp
# The crash happened outside the Java Virtual Machine in native code.
# See problematic frame for where to report the bug.
#

---------------  T H R E A D  ---------------

Current thread (0x47e18400):  JavaThread "AWT-Windows" daemon [_thread_in_native, id=6384, stack(0x48480000,0x484d0000)]

siginfo: ExceptionCode=0xc0000005, reading address 0x00000000

Registers:
EAX=0x00000000, EBX=0x0000001d, ECX=0x00191e80, EDX=0x00192220
ESP=0x484ce978, EBP=0x484ced30, ESI=0x4b2024c0, EDI=0x4a8224c0
EIP=0x53c6ace9, EFLAGS=0x00010246

Top of Stack: (sp=0x484ce978)
0x484ce978:   0000001d 4a8224c0 00000020 4b2024c0
0x484ce988:   00000000 7f331e80 00010001 0000001d
0x484ce998:   0000000a 00000020 00000000 00396178
0x484ce9a8:   759ab323 00000000 00000000 487b0000
0x484ce9b8:   01836720 00000000 0000001d 00000020
0x484ce9c8:   4a7b6348 4a8224c0 00000000 0000003f
0x484ce9d8:   00191e80 000003a0 00000000 00007ffe
0x484ce9e8:   00000000 00000000 00000000 00000000 

Instructions: (pc=0x53c6ace9)
0x53c6acc9:   44 24 50 89 50 08 c7 40 0c 00 00 00 00 f6 84 24
0x53c6acd9:   10 02 00 00 08 8b 44 24 28 89 84 24 f8 00 00 00
0x53c6ace9:   8b 10 89 94 24 14 01 00 00 74 10 8b 8c 24 0c 01
0x53c6acf9:   00 00 b8 01 00 00 00 d3 e0 eb 07 8b 84 24 0c 01 


Register to memory mapping:

EAX=0x00000000 is an unknown value
EBX=0x0000001d is an unknown value
ECX=0x00191e80 is an unknown value
EDX=0x00192220 is an unknown value
ESP=0x484ce978 is pointing into the stack for thread: 0x47e18400
EBP=0x484ced30 is pointing into the stack for thread: 0x47e18400
ESI=0x4b2024c0 is an unknown value
EDI=0x4a8224c0 is an unknown value


Stack: [0x48480000,0x484d0000],  sp=0x484ce978,  free space=314k
Native frames: (J=compiled Java code, j=interpreted, Vv=VM code, C=native code)
C  [nvd3dum.dll+0x30ace9]
C  [nvd3dum.dll+0x2ffeb2]
C  [nvd3dum.dll+0x3000d7]
C  [nvd3dum.dll+0x39a52b]
C  [nvd3dum.dll+0x2830e3]
C  [d3d9.dll+0x117ccd]
C  [d3d9.dll+0x11952a]
C  [d3d9.dll+0xb0f74]
C  [d3d9.dll+0x6aee7]
C  [d3d9.dll+0x362e2]
C  [d3d9.dll+0x36ad4]

Java frames: (J=compiled Java code, j=interpreted, Vv=VM code)
j  sun.awt.windows.WToolkit.eventLoop()V+0
j  sun.awt.windows.WToolkit.run()V+49
j  java.lang.Thread.run()V+11
v  ~StubRoutines::call_stub

---------------  P R O C E S S  ---------------

Java Threads: ( => current thread )
  0x4e387c00 JavaThread "pool-2-thread-1" [_thread_blocked, id=6388, stack(0x4ac00000,0x4ac50000)]
  0x4932c000 JavaThread "prefuse_ActivityManager" daemon [_thread_in_native, id=6848, stack(0x4dac0000,0x4db10000)]
  0x494be400 JavaThread "Swing-Shell" daemon [_thread_blocked, id=3872, stack(0x4ca40000,0x4ca90000)]
  0x4943d800 JavaThread "D3D Screen Updater" daemon [_thread_blocked, id=6328, stack(0x4cd20000,0x4cd70000)]
  0x493f3000 JavaThread "TimerQueue" daemon [_thread_blocked, id=7008, stack(0x49b00000,0x49b50000)]
  0x012cbc00 JavaThread "DestroyJavaVM" [_thread_blocked, id=5308, stack(0x01940000,0x01990000)]
  0x49385800 JavaThread "AWT-EventQueue-0" [_thread_in_native, id=6128, stack(0x48600000,0x48650000)]
=>0x47e18400 JavaThread "AWT-Windows" daemon [_thread_in_native, id=6384, stack(0x48480000,0x484d0000)]
  0x47e17c00 JavaThread "AWT-Shutdown" [_thread_blocked, id=2964, stack(0x48420000,0x48470000)]
  0x47e17000 JavaThread "Java2D Disposer" daemon [_thread_blocked, id=7652, stack(0x47fa0000,0x47ff0000)]
  0x47d6b000 JavaThread "Service Thread" daemon [_thread_blocked, id=5348, stack(0x014c0000,0x01510000)]
  0x47d66800 JavaThread "C1 CompilerThread0" daemon [_thread_blocked, id=4208, stack(0x48150000,0x481a0000)]
  0x47d65400 JavaThread "Attach Listener" daemon [_thread_blocked, id=7724, stack(0x481e0000,0x48230000)]
  0x47d62400 JavaThread "Signal Dispatcher" daemon [_thread_blocked, id=5960, stack(0x018d0000,0x01920000)]
  0x47d37000 JavaThread "Finalizer" daemon [_thread_blocked, id=7624, stack(0x480d0000,0x48120000)]
  0x47d30c00 JavaThread "Reference Handler" daemon [_thread_blocked, id=7908, stack(0x48040000,0x48090000)]

Other Threads:
  0x47d2f000 VMThread [stack: 0x47f50000,0x47fa0000] [id=4724]
  0x47d8fc00 WatcherThread [stack: 0x48300000,0x48350000] [id=4436]

VM state:not at safepoint (normal execution)

VM Mutex/Monitor currently owned by a thread: None

Heap
 def new generation   total 243008K, used 212460K [0x03990000, 0x14130000, 0x18ee0000)
  eden space 216064K,  96% used [0x03990000, 0x1061a780, 0x10c90000)
  from space 26944K,  11% used [0x126e0000, 0x129d0b48, 0x14130000)
  to   space 26944K,   0% used [0x10c90000, 0x10c90000, 0x126e0000)
 tenured generation   total 539836K, used 487523K [0x18ee0000, 0x39e0f000, 0x43990000)
   the space 539836K,  90% used [0x18ee0000, 0x36af8c10, 0x36af8e00, 0x39e0f000)
 compacting perm gen  total 12288K, used 12041K [0x43990000, 0x44590000, 0x47990000)
   the space 12288K,  97% used [0x43990000, 0x445525c8, 0x44552600, 0x44590000)
No shared spaces configured.

Card table byte_map: [0x47990000,0x47bc0000] byte_map_base: 0x47973380

Polling page: 0x00190000

Code Cache  [0x01990000, 0x01f48000, 0x03990000)
 total_blobs=3590 nmethods=3303 adapters=221 free_code_cache=26922Kb largest_free_block=27567616

Compilation events (10 events):
Event: 2342.394 Thread 0x47d66800 3305  s          sun.java2d.SurfaceDataProxy$CountdownTracker::isCurrent (20 bytes)
Event: 2342.394 Thread 0x47d66800 nmethod 3305 0x01f44d88 code [0x01f44e80, 0x01f45050]
Event: 2449.405 Thread 0x47d66800 3306             sun.java2d.SurfaceDataProxy$CountdownTracker::<init> (10 bytes)
Event: 2449.406 Thread 0x47d66800 nmethod 3306 0x01f450c8 code [0x01f451c0, 0x01f45240]
Event: 2453.336 Thread 0x47d66800 3307             java.awt.image.ColorModel::getDefaultTransferType (27 bytes)
Event: 2453.336 Thread 0x47d66800 nmethod 3307 0x01f45288 code [0x01f45380, 0x01f45440]
Event: 2470.394 Thread 0x47d66800 3308             java.awt.image.DirectColorModel::<init> (37 bytes)
Event: 2470.395 Thread 0x47d66800 nmethod 3308 0x01f45488 code [0x01f455a0, 0x01f45704]
Event: 2500.609 Thread 0x47d66800 3309             sun.java2d.InvalidPipeException::<init> (6 bytes)
Event: 2500.609 Thread 0x47d66800 nmethod 3309 0x01f457c8 code [0x01f458c0, 0x01f4594c]

GC Heap History (10 events):
Event: 2511.422 GC heap before
{Heap before GC invocations=1324 (full 9):
 def new generation   total 243008K, used 217852K [0x03990000, 0x14130000, 0x18ee0000)
  eden space 216064K, 100% used [0x03990000, 0x10c90000, 0x10c90000)
  from space 26944K,   6% used [0x10c90000, 0x10e4f0c8, 0x126e0000)
  to   space 26944K,   0% used [0x126e0000, 0x126e0000, 0x14130000)
 tenured generation   total 539836K, used 486943K [0x18ee0000, 0x39e0f000, 0x43990000)
   the space 539836K,  90% used [0x18ee0000, 0x36a67fb0, 0x36a68000, 0x39e0f000)
 compacting perm gen  total 12288K, used 12041K [0x43990000, 0x44590000, 0x47990000)
   the space 12288K,  97% used [0x43990000, 0x445525c8, 0x44552600, 0x44590000)
No shared spaces configured.
Event: 2511.433 GC heap after
Heap after GC invocations=1325 (full 9):
 def new generation   total 243008K, used 1792K [0x03990000, 0x14130000, 0x18ee0000)
  eden space 216064K,   0% used [0x03990000, 0x03990000, 0x10c90000)
  from space 26944K,   6% used [0x126e0000, 0x128a01f0, 0x14130000)
  to   space 26944K,   0% used [0x10c90000, 0x10c90000, 0x126e0000)
 tenured generation   total 539836K, used 487060K [0x18ee0000, 0x39e0f000, 0x43990000)
   the space 539836K,  90% used [0x18ee0000, 0x36a851a0, 0x36a85200, 0x39e0f000)
 compacting perm gen  total 12288K, used 12041K [0x43990000, 0x44590000, 0x47990000)
   the space 12288K,  97% used [0x43990000, 0x445525c8, 0x44552600, 0x44590000)
No shared spaces configured.
}
Event: 2513.353 GC heap before
{Heap before GC invocations=1325 (full 9):
 def new generation   total 243008K, used 217856K [0x03990000, 0x14130000, 0x18ee0000)
  eden space 216064K, 100% used [0x03990000, 0x10c90000, 0x10c90000)
  from space 26944K,   6% used [0x126e0000, 0x128a01f0, 0x14130000)
  to   space 26944K,   0% used [0x10c90000, 0x10c90000, 0x126e0000)
 tenured generation   total 539836K, used 487060K [0x18ee0000, 0x39e0f000, 0x43990000)
   the space 539836K,  90% used [0x18ee0000, 0x36a851a0, 0x36a85200, 0x39e0f000)
 compacting perm gen  total 12288K, used 12041K [0x43990000, 0x44590000, 0x47990000)
   the space 12288K,  97% used [0x43990000, 0x445525c8, 0x44552600, 0x44590000)
No shared spaces configured.
Event: 2513.365 GC heap after
Heap after GC invocations=1326 (full 9):
 def new generation   total 243008K, used 3021K [0x03990000, 0x14130000, 0x18ee0000)
  eden space 216064K,   0% used [0x03990000, 0x03990000, 0x10c90000)
  from space 26944K,  11% used [0x10c90000, 0x10f83718, 0x126e0000)
  to   space 26944K,   0% used [0x126e0000, 0x126e0000, 0x14130000)
 tenured generation   total 539836K, used 487176K [0x18ee0000, 0x39e0f000, 0x43990000)
   the space 539836K,  90% used [0x18ee0000, 0x36aa2390, 0x36aa2400, 0x39e0f000)
 compacting perm gen  total 12288K, used 12041K [0x43990000, 0x44590000, 0x47990000)
   the space 12288K,  97% used [0x43990000, 0x445525c8, 0x44552600, 0x44590000)
No shared spaces configured.
}
Event: 2515.284 GC heap before
{Heap before GC invocations=1326 (full 9):
 def new generation   total 243008K, used 219085K [0x03990000, 0x14130000, 0x18ee0000)
  eden space 216064K, 100% used [0x03990000, 0x10c90000, 0x10c90000)
  from space 26944K,  11% used [0x10c90000, 0x10f83718, 0x126e0000)
  to   space 26944K,   0% used [0x126e0000, 0x126e0000, 0x14130000)
 tenured generation   total 539836K, used 487176K [0x18ee0000, 0x39e0f000, 0x43990000)
   the space 539836K,  90% used [0x18ee0000, 0x36aa2390, 0x36aa2400, 0x39e0f000)
 compacting perm gen  total 12288K, used 12041K [0x43990000, 0x44590000, 0x47990000)
   the space 12288K,  97% used [0x43990000, 0x445525c8, 0x44552600, 0x44590000)
No shared spaces configured.
Event: 2515.296 GC heap after
Heap after GC invocations=1327 (full 9):
 def new generation   total 243008K, used 3016K [0x03990000, 0x14130000, 0x18ee0000)
  eden space 216064K,   0% used [0x03990000, 0x03990000, 0x10c90000)
  from space 26944K,  11% used [0x126e0000, 0x129d2158, 0x14130000)
  to   space 26944K,   0% used [0x10c90000, 0x10c90000, 0x126e0000)
 tenured generation   total 539836K, used 487293K [0x18ee0000, 0x39e0f000, 0x43990000)
   the space 539836K,  90% used [0x18ee0000, 0x36abf580, 0x36abf600, 0x39e0f000)
 compacting perm gen  total 12288K, used 12041K [0x43990000, 0x44590000, 0x47990000)
   the space 12288K,  97% used [0x43990000, 0x445525c8, 0x44552600, 0x44590000)
No shared spaces configured.
}
Event: 2517.227 GC heap before
{Heap before GC invocations=1327 (full 9):
 def new generation   total 243008K, used 219080K [0x03990000, 0x14130000, 0x18ee0000)
  eden space 216064K, 100% used [0x03990000, 0x10c90000, 0x10c90000)
  from space 26944K,  11% used [0x126e0000, 0x129d2158, 0x14130000)
  to   space 26944K,   0% used [0x10c90000, 0x10c90000, 0x126e0000)
 tenured generation   total 539836K, used 487293K [0x18ee0000, 0x39e0f000, 0x43990000)
   the space 539836K,  90% used [0x18ee0000, 0x36abf580, 0x36abf600, 0x39e0f000)
 compacting perm gen  total 12288K, used 12041K [0x43990000, 0x44590000, 0x47990000)
   the space 12288K,  97% used [0x43990000, 0x445525c8, 0x44552600, 0x44590000)
No shared spaces configured.
Event: 2517.239 GC heap after
Heap after GC invocations=1328 (full 9):
 def new generation   total 243008K, used 3014K [0x03990000, 0x14130000, 0x18ee0000)
  eden space 216064K,   0% used [0x03990000, 0x03990000, 0x10c90000)
  from space 26944K,  11% used [0x10c90000, 0x10f81b90, 0x126e0000)
  to   space 26944K,   0% used [0x126e0000, 0x126e0000, 0x14130000)
 tenured generation   total 539836K, used 487406K [0x18ee0000, 0x39e0f000, 0x43990000)
   the space 539836K,  90% used [0x18ee0000, 0x36adba20, 0x36adbc00, 0x39e0f000)
 compacting perm gen  total 12288K, used 12041K [0x43990000, 0x44590000, 0x47990000)
   the space 12288K,  97% used [0x43990000, 0x445525c8, 0x44552600, 0x44590000)
No shared spaces configured.
}
Event: 2519.244 GC heap before
{Heap before GC invocations=1328 (full 9):
 def new generation   total 243008K, used 219078K [0x03990000, 0x14130000, 0x18ee0000)
  eden space 216064K, 100% used [0x03990000, 0x10c90000, 0x10c90000)
  from space 26944K,  11% used [0x10c90000, 0x10f81b90, 0x126e0000)
  to   space 26944K,   0% used [0x126e0000, 0x126e0000, 0x14130000)
 tenured generation   total 539836K, used 487406K [0x18ee0000, 0x39e0f000, 0x43990000)
   the space 539836K,  90% used [0x18ee0000, 0x36adba20, 0x36adbc00, 0x39e0f000)
 compacting perm gen  total 12288K, used 12041K [0x43990000, 0x44590000, 0x47990000)
   the space 12288K,  97% used [0x43990000, 0x445525c8, 0x44552600, 0x44590000)
No shared spaces configured.
Event: 2519.258 GC heap after
Heap after GC invocations=1329 (full 9):
 def new generation   total 243008K, used 3010K [0x03990000, 0x14130000, 0x18ee0000)
  eden space 216064K,   0% used [0x03990000, 0x03990000, 0x10c90000)
  from space 26944K,  11% used [0x126e0000, 0x129d0b48, 0x14130000)
  to   space 26944K,   0% used [0x10c90000, 0x10c90000, 0x126e0000)
 tenured generation   total 539836K, used 487523K [0x18ee0000, 0x39e0f000, 0x43990000)
   the space 539836K,  90% used [0x18ee0000, 0x36af8c10, 0x36af8e00, 0x39e0f000)
 compacting perm gen  total 12288K, used 12041K [0x43990000, 0x44590000, 0x47990000)
   the space 12288K,  97% used [0x43990000, 0x445525c8, 0x44552600, 0x44590000)
No shared spaces configured.
}

Deoptimization events (0 events):
No events

Internal exceptions (10 events):
Event: 2511.861 Thread 0x49385800 Threw 0x06ac17b0 at C:\re\jdk7u51\527\hotspot\src\share\vm\runtime\sharedRuntime.cpp:591
Event: 2511.861 Thread 0x49385800 Threw 0x06ac1fa0 at C:\re\jdk7u51\527\hotspot\src\share\vm\runtime\sharedRuntime.cpp:591
Event: 2511.862 Thread 0x49385800 Threw 0x06ac7950 at C:\re\jdk7u51\527\hotspot\src\share\vm\runtime\sharedRuntime.cpp:591
Event: 2511.862 Thread 0x49385800 Threw 0x06ac8080 at C:\re\jdk7u51\527\hotspot\src\share\vm\runtime\sharedRuntime.cpp:591
Event: 2511.862 Thread 0x49385800 Threw 0x06ac87a0 at C:\re\jdk7u51\527\hotspot\src\share\vm\runtime\sharedRuntime.cpp:591
Event: 2511.862 Thread 0x49385800 Threw 0x06ac8ec0 at C:\re\jdk7u51\527\hotspot\src\share\vm\runtime\sharedRuntime.cpp:591
Event: 2511.862 Thread 0x49385800 Threw 0x06acd218 at C:\re\jdk7u51\527\hotspot\src\share\vm\runtime\sharedRuntime.cpp:591
Event: 2511.862 Thread 0x49385800 Threw 0x06acd8d0 at C:\re\jdk7u51\527\hotspot\src\share\vm\runtime\sharedRuntime.cpp:591
Event: 2511.862 Thread 0x49385800 Threw 0x06acdf78 at C:\re\jdk7u51\527\hotspot\src\share\vm\runtime\sharedRuntime.cpp:591
Event: 2511.862 Thread 0x49385800 Threw 0x06ace620 at C:\re\jdk7u51\527\hotspot\src\share\vm\runtime\sharedRuntime.cpp:591

Events (10 events):
Event: 2520.578 Thread 0x4e528000 Thread added: 0x4e528000
Event: 2520.578 Thread 0x4e528000 Thread exited: 0x4e528000
Event: 2520.832 Thread 0x4e528000 Thread added: 0x4e528000
Event: 2520.833 Thread 0x4e528000 Thread exited: 0x4e528000
Event: 2520.833 Thread 0x4e528000 Thread added: 0x4e528000
Event: 2520.834 Thread 0x4e528000 Thread exited: 0x4e528000
Event: 2521.087 Thread 0x4e528000 Thread added: 0x4e528000
Event: 2521.088 Thread 0x4e528000 Thread exited: 0x4e528000
Event: 2521.088 Thread 0x4e528000 Thread added: 0x4e528000
Event: 2521.088 Thread 0x4e528000 Thread exited: 0x4e528000


Dynamic libraries:
0x01300000 - 0x0132f000 	C:\Program Files\Java\jdk1.7.0_51\bin\java.exe
0x77650000 - 0x7778c000 	C:\Windows\SYSTEM32\ntdll.dll
0x75c60000 - 0x75d34000 	C:\Windows\system32\kernel32.dll
0x75860000 - 0x758ab000 	C:\Windows\system32\KERNELBASE.dll
0x76e70000 - 0x76f10000 	C:\Windows\system32\ADVAPI32.dll
0x76fa0000 - 0x7704c000 	C:\Windows\system32\msvcrt.dll
0x75ad0000 - 0x75ae9000 	C:\Windows\SYSTEM32\sechost.dll
0x75b10000 - 0x75bb2000 	C:\Windows\system32\RPCRT4.dll
0x75a00000 - 0x75ac9000 	C:\Windows\system32\USER32.dll
0x76e10000 - 0x76e5e000 	C:\Windows\system32\GDI32.dll
0x76cf0000 - 0x76cfa000 	C:\Windows\system32\LPK.dll
0x777d0000 - 0x7786d000 	C:\Windows\system32\USP10.dll
0x745f0000 - 0x7478e000 	C:\Windows\WinSxS\x86_microsoft.windows.common-controls_6595b64144ccf1df_6.0.7601.17514_none_41e6975e2bd6f2b2\COMCTL32.dll
0x76db0000 - 0x76e07000 	C:\Windows\system32\SHLWAPI.dll
0x75af0000 - 0x75b0f000 	C:\Windows\system32\IMM32.DLL
0x77050000 - 0x7711c000 	C:\Windows\system32\MSCTF.dll
0x632e0000 - 0x6339f000 	C:\Program Files\Java\jdk1.7.0_51\jre\bin\msvcr100.dll
0x5ba60000 - 0x5bde0000 	C:\Program Files\Java\jdk1.7.0_51\jre\bin\client\jvm.dll
0x706c0000 - 0x706c7000 	C:\Windows\system32\WSOCK32.dll
0x77790000 - 0x777c5000 	C:\Windows\system32\WS2_32.dll
0x75bc0000 - 0x75bc6000 	C:\Windows\system32\NSI.dll
0x73ab0000 - 0x73ae2000 	C:\Windows\system32\WINMM.dll
0x76e60000 - 0x76e65000 	C:\Windows\system32\PSAPI.DLL
0x745e0000 - 0x745ec000 	C:\Program Files\Java\jdk1.7.0_51\jre\bin\verify.dll
0x74260000 - 0x74280000 	C:\Program Files\Java\jdk1.7.0_51\jre\bin\java.dll
0x722f0000 - 0x72303000 	C:\Program Files\Java\jdk1.7.0_51\jre\bin\zip.dll
0x62a70000 - 0x62bb3000 	C:\Program Files\Java\jdk1.7.0_51\jre\bin\awt.dll
0x76f10000 - 0x76f9f000 	C:\Windows\system32\OLEAUT32.dll
0x774f0000 - 0x7764c000 	C:\Windows\system32\ole32.dll
0x74280000 - 0x742c0000 	C:\Windows\system32\uxtheme.dll
0x73f70000 - 0x73f83000 	C:\Windows\system32\dwmapi.dll
0x755f0000 - 0x755fc000 	C:\Windows\system32\CRYPTBASE.dll
0x75d40000 - 0x7698a000 	C:\Windows\system32\SHELL32.dll
0x6f4d0000 - 0x6f509000 	C:\Program Files\Java\jdk1.7.0_51\jre\bin\fontmanager.dll
0x75110000 - 0x75126000 	C:\Windows\system32\CRYPTSP.dll
0x74eb0000 - 0x74eeb000 	C:\Windows\system32\rsaenh.dll
0x74cc0000 - 0x74cd7000 	C:\Windows\system32\USERENV.dll
0x75670000 - 0x7567b000 	C:\Windows\system32\profapi.dll
0x73710000 - 0x73724000 	C:\Program Files\Java\jdk1.7.0_51\jre\bin\net.dll
0x750d0000 - 0x7510c000 	C:\Windows\system32\mswsock.dll
0x750c0000 - 0x750c6000 	C:\Windows\System32\wship6.dll
0x73dd0000 - 0x73de0000 	C:\Windows\system32\NLAapi.dll
0x70670000 - 0x70680000 	C:\Windows\system32\napinsp.dll
0x70650000 - 0x70662000 	C:\Windows\system32\pnrpnsp.dll
0x74f90000 - 0x74fd4000 	C:\Windows\system32\DNSAPI.dll
0x70620000 - 0x70628000 	C:\Windows\System32\winrnr.dll
0x74bf0000 - 0x74bf5000 	C:\Windows\System32\wshtcpip.dll
0x73910000 - 0x7392c000 	C:\Windows\system32\IPHLPAPI.DLL
0x738d0000 - 0x738d7000 	C:\Windows\system32\WINNSI.DLL
0x70d50000 - 0x70d56000 	C:\Windows\system32\rasadhlp.dll
0x73830000 - 0x73868000 	C:\Windows\System32\fwpuclnt.dll
0x745d0000 - 0x745df000 	C:\Program Files\Java\jdk1.7.0_51\jre\bin\nio.dll
0x47ff0000 - 0x4802d000 	C:\Users\dieutq\AppData\Local\Temp\jna-dieutq\jna170388955760183704.dll
0x66b80000 - 0x66ba4000 	c:\program files\videolan\vlc\libvlc.dll
0x5f150000 - 0x5f3a1000 	c:\program files\videolan\vlc\libvlccore.dll
0x6ffd0000 - 0x70193000 	C:\Windows\system32\d3d9.dll
0x74b60000 - 0x74b69000 	C:\Windows\system32\VERSION.dll
0x701a0000 - 0x701a6000 	C:\Windows\system32\d3d8thk.dll
0x53960000 - 0x540c1000 	C:\Windows\system32\nvd3dum.dll
0x74520000 - 0x74545000 	C:\Windows\system32\powrprof.dll
0x76990000 - 0x76b2d000 	C:\Windows\system32\SETUPAPI.dll
0x75700000 - 0x75727000 	C:\Windows\system32\CFGMGR32.dll
0x758f0000 - 0x75902000 	C:\Windows\system32\DEVOBJ.dll
0x6adc0000 - 0x6ade5000 	C:\Program Files\Java\jdk1.7.0_51\jre\bin\jpeg.dll
0x6f450000 - 0x6f480000 	C:\Program Files\Java\jdk1.7.0_51\jre\bin\t2k.dll
0x75bd0000 - 0x75c53000 	C:\Windows\system32\CLBCatQ.DLL
0x73af0000 - 0x73c20000 	C:\Windows\system32\WindowsCodecs.dll
0x755a0000 - 0x755ec000 	C:\Windows\system32\apphelp.dll
0x6e7a0000 - 0x6e7d6000 	C:\Users\dieutq\AppData\Local\Microsoft\SkyDrive\17.0.4041.0512\SkyDriveShell.dll
0x6e710000 - 0x6e795000 	C:\Users\dieutq\AppData\Local\Microsoft\SkyDrive\17.0.4041.0512\MSVCP110.dll
0x6e630000 - 0x6e702000 	C:\Users\dieutq\AppData\Local\Microsoft\SkyDrive\17.0.4041.0512\MSVCR110.dll
0x6e5a0000 - 0x6e627000 	C:\Users\dieutq\AppData\Local\Microsoft\SkyDrive\17.0.4041.0512\Telemetry.dll
0x6e590000 - 0x6e59a000 	C:\Users\dieutq\AppData\Local\Microsoft\SkyDrive\17.0.4041.0512\logging.dll
0x6e530000 - 0x6e582000 	C:\Windows\system32\faultrep.dll
0x6ec60000 - 0x6ec75000 	C:\Windows\system32\Cabinet.dll
0x71a50000 - 0x71aa8000 	C:\Windows\system32\WINHTTP.dll
0x71870000 - 0x718bf000 	C:\Windows\system32\webio.dll
0x73f40000 - 0x73f6f000 	C:\Windows\system32\XmlLite.dll
0x76b30000 - 0x76ced000 	C:\Windows\system32\WININET.dll
0x75850000 - 0x75854000 	C:\Windows\system32\api-ms-win-downlevel-user32-l1-1-0.dll
0x759c0000 - 0x759c4000 	C:\Windows\system32\api-ms-win-downlevel-shlwapi-l1-1-0.dll
0x759b0000 - 0x759b4000 	C:\Windows\system32\api-ms-win-downlevel-version-l1-1-0.dll
0x758b0000 - 0x758b3000 	C:\Windows\system32\api-ms-win-downlevel-normaliz-l1-1-0.dll
0x77870000 - 0x77873000 	C:\Windows\system32\normaliz.DLL
0x772d0000 - 0x774e9000 	C:\Windows\system32\iertutil.dll
0x75910000 - 0x75915000 	C:\Windows\system32\api-ms-win-downlevel-advapi32-l1-1-0.dll
0x6e050000 - 0x6e1f7000 	C:\PROGRA~1\MICROS~1\Office15\GROOVEEX.DLL
0x6eb30000 - 0x6eb99000 	C:\Windows\system32\MSVCP100.dll
0x6eac0000 - 0x6eae6000 	C:\Windows\system32\ATL100.DLL
0x71580000 - 0x717c0000 	C:\Windows\system32\msi.dll
0x6d2d0000 - 0x6db4b000 	C:\PROGRA~1\MICROS~1\Office15\1033\GrooveIntlResource.dll
0x6ea90000 - 0x6eab2000 	C:\Users\dieutq\AppData\Roaming\Dropbox\bin\DropboxExt.22.dll
0x70f00000 - 0x70feb000 	C:\Windows\system32\dbghelp.dll
0x70ff0000 - 0x7107e000 	C:\Windows\WinSxS\x86_microsoft.vc90.crt_1fc8b3b9a1e18e3b_9.0.30729.6161_none_50934f2ebcb7eb57\MSVCP90.dll
0x71080000 - 0x71123000 	C:\Windows\WinSxS\x86_microsoft.vc90.crt_1fc8b3b9a1e18e3b_9.0.30729.6161_none_50934f2ebcb7eb57\MSVCR90.dll
0x6ea50000 - 0x6ea81000 	C:\Windows\system32\EhStorShell.dll
0x742d0000 - 0x743c5000 	C:\Windows\system32\PROPSYS.dll
0x6f0e0000 - 0x6f0e7000 	C:\Program Files\Internet Download Manager\IDMShellExt.dll
0x6e9b0000 - 0x6ea1a000 	C:\Windows\System32\cscui.dll
0x6e9a0000 - 0x6e9a9000 	C:\Windows\System32\CSCDLL.dll
0x70a70000 - 0x70a7b000 	C:\Windows\system32\CSCAPI.dll
0x6f420000 - 0x6f444000 	C:\Program Files\Java\jdk1.7.0_51\jre\bin\dcpr.dll
0x49b50000 - 0x49b96000 	E:\Unikey\UKHook40.dll
0x49ba0000 - 0x49bf4000 	C:\Users\dieutq\AppData\Local\Lingoes\Translator\lingoes-us\OpenText32.dll
0x70800000 - 0x7083c000 	C:\Windows\system32\OLEACC.dll
0x48470000 - 0x48478000 	C:\Program Files\Internet Download Manager\idmmkb.dll
0x6fc70000 - 0x6fcf4000 	C:\Windows\WinSxS\x86_microsoft.windows.common-controls_6595b64144ccf1df_5.82.7601.18201_none_ec80f00e8593ece5\comctl32.dll
0x73f10000 - 0x73f31000 	C:\Windows\system32\ntmarta.dll
0x76d60000 - 0x76da5000 	C:\Windows\system32\WLDAP32.dll
0x6b660000 - 0x6b7f8000 	C:\Windows\system32\NetworkExplorer.dll
0x6e960000 - 0x6e98f000 	C:\Windows\System32\shdocvw.dll
0x739f0000 - 0x739fa000 	C:\Windows\system32\slc.dll
0x70490000 - 0x704a2000 	C:\Windows\system32\MPR.dll
0x72330000 - 0x72338000 	C:\Windows\System32\drprov.dll
0x74e40000 - 0x74e69000 	C:\Windows\System32\WINSTA.dll
0x72310000 - 0x72324000 	C:\Windows\System32\ntlanman.dll
0x66740000 - 0x66757000 	C:\Windows\System32\davclnt.dll
0x6a270000 - 0x6a278000 	C:\Windows\System32\DAVHLPR.dll
0x73640000 - 0x7364f000 	C:\Windows\system32\wkscli.dll
0x736b0000 - 0x736b9000 	C:\Windows\system32\netutils.dll
0x52f20000 - 0x53158000 	C:\Windows\system32\wpdshext.dll
0x740d0000 - 0x74260000 	C:\Windows\WinSxS\x86_microsoft.windows.gdiplus_6595b64144ccf1df_1.1.7601.18120_none_72d2e82386681b36\gdiplus.dll
0x72380000 - 0x72409000 	C:\Windows\system32\PortableDeviceApi.dll
0x758c0000 - 0x758ee000 	C:\Windows\system32\WINTRUST.dll
0x75730000 - 0x75850000 	C:\Windows\system32\CRYPT32.dll
0x756e0000 - 0x756ec000 	C:\Windows\system32\MSASN1.dll
0x65260000 - 0x6528b000 	C:\Windows\system32\PortableDeviceTypes.dll
0x722b0000 - 0x722ef000 	C:\Windows\system32\audiodev.dll

VM Arguments:
jvm_args: -Dfile.encoding=UTF-8 -Xmx1024m 
java_command: movieannot.Process.Play
Launcher Type: SUN_STANDARD

Environment Variables:
JAVA_HOME=C:\Program Files\Java\jdk1.7.0_51
PATH=C:\Windows\system32;C:\Windows;C:\Windows\System32\Wbem;C:\Windows\System32\WindowsPowerShell\v1.0\;C:\Java\jdk1.7.0\bin;C:\opencv\build\x86\vc10\bin;C:\Program Files\Microsoft SQL Server\100\Tools\Binn\;C:\Program Files\Microsoft SQL Server\100\DTS\Binn\;C:\Program Files\MiKTeX 2.9\miktex\bin\;C:\EmguCV\bin
USERNAME=dieutq
OS=Windows_NT
PROCESSOR_IDENTIFIER=x86 Family 6 Model 30 Stepping 5, GenuineIntel



---------------  S Y S T E M  ---------------

OS: Windows 7 Build 7601 Service Pack 1

CPU:total 4 (4 cores per cpu, 1 threads per core) family 6 model 30 stepping 5, cmov, cx8, fxsr, mmx, sse, sse2, sse3, ssse3, sse4.1, sse4.2, popcnt, tsc, tscinvbit

Memory: 4k page, physical 3136880k(158636k free), swap 6852112k(1045112k free)

vm_info: Java HotSpot(TM) Client VM (24.51-b03) for windows-x86 JRE (1.7.0_51-b13), built on Dec 18 2013 19:09:58 by "java_re" with unknown MS VC++:1600

time: Tue Jun 10 18:37:25 2014
elapsed time: 2521 seconds

