#
# A fatal error has been detected by the Java Runtime Environment:
#
#  EXCEPTION_ACCESS_VIOLATION (0xc0000005) at pc=0x5ca3ace9, pid=1432, tid=4524
#
# JRE version: Java(TM) SE Runtime Environment (7.0_51-b13) (build 1.7.0_51-b13)
# Java VM: Java HotSpot(TM) Client VM (24.51-b03 mixed mode windows-x86 )
# Problematic frame:
# C  [nvd3dum.dll+0x30ace9]
#
# Failed to write core dump. Minidumps are not enabled by default on client versions of Windows
#
# If you would like to submit a bug report, please visit:
#   http://bugreport.sun.com/bugreport/crash.jsp
# The crash happened outside the Java Virtual Machine in native code.
# See problematic frame for where to report the bug.
#

---------------  T H R E A D  ---------------

Current thread (0x47da6800):  JavaThread "AWT-Windows" daemon [_thread_in_native, id=4524, stack(0x48470000,0x484c0000)]

siginfo: ExceptionCode=0xc0000005, reading address 0x00000000

Registers:
EAX=0x00000000, EBX=0x0000001d, ECX=0x00056b00, EDX=0x00056ea0
ESP=0x484be6b8, EBP=0x484bea70, ESI=0x4bcfd6a0, EDI=0x4b1824c0
EIP=0x5ca3ace9, EFLAGS=0x00010246

Top of Stack: (sp=0x484be6b8)
0x484be6b8:   0000001d 4b1824c0 00000020 4bcfd6a0
0x484be6c8:   00000000 7fc66b00 00010017 0000001d
0x484be6d8:   004be70c 00000020 00000000 00386250
0x484be6e8:   00000000 c0000017 7ffaf000 484be6e4
0x484be6f8:   00698f59 00000000 0000001d 00000020
0x484be708:   4b116348 4b1824c0 00000000 0000003f
0x484be718:   00056b00 000003a0 00000000 00007ffe
0x484be728:   00000000 00000000 00000000 00000000 

Instructions: (pc=0x5ca3ace9)
0x5ca3acc9:   44 24 50 89 50 08 c7 40 0c 00 00 00 00 f6 84 24
0x5ca3acd9:   10 02 00 00 08 8b 44 24 28 89 84 24 f8 00 00 00
0x5ca3ace9:   8b 10 89 94 24 14 01 00 00 74 10 8b 8c 24 0c 01
0x5ca3acf9:   00 00 b8 01 00 00 00 d3 e0 eb 07 8b 84 24 0c 01 


Register to memory mapping:

EAX=0x00000000 is an unknown value
EBX=0x0000001d is an unknown value
ECX=0x00056b00 is an unknown value
EDX=0x00056ea0 is an unknown value
ESP=0x484be6b8 is pointing into the stack for thread: 0x47da6800
EBP=0x484bea70 is pointing into the stack for thread: 0x47da6800
ESI=0x4bcfd6a0 is an unknown value
EDI=0x4b1824c0 is an unknown value


Stack: [0x48470000,0x484c0000],  sp=0x484be6b8,  free space=313k
Native frames: (J=compiled Java code, j=interpreted, Vv=VM code, C=native code)
C  [nvd3dum.dll+0x30ace9]
C  [nvd3dum.dll+0x2ffeb2]
C  [nvd3dum.dll+0x3000d7]
C  [nvd3dum.dll+0x39a52b]
C  [nvd3dum.dll+0x2830e3]
C  [d3d9.dll+0x117ccd]
C  [d3d9.dll+0x11952a]
C  [d3d9.dll+0xb0f74]
C  [d3d9.dll+0x6aee7]
C  [d3d9.dll+0x362e2]
C  [d3d9.dll+0x36ad4]

Java frames: (J=compiled Java code, j=interpreted, Vv=VM code)
j  sun.awt.windows.WToolkit.eventLoop()V+0
j  sun.awt.windows.WToolkit.run()V+49
j  java.lang.Thread.run()V+11
v  ~StubRoutines::call_stub

---------------  P R O C E S S  ---------------

Java Threads: ( => current thread )
  0x495b6c00 JavaThread "pool-2-thread-1" [_thread_blocked, id=192, stack(0x48ea0000,0x48ef0000)]
  0x47cc1800 JavaThread "Swing-Shell" daemon [_thread_blocked, id=3184, stack(0x48760000,0x487b0000)]
  0x493ad000 JavaThread "prefuse_ActivityManager" daemon [_thread_in_Java, id=4280, stack(0x489b0000,0x48a00000)]
  0x49392800 JavaThread "D3D Screen Updater" daemon [_thread_blocked, id=5592, stack(0x49940000,0x49990000)]
  0x4934c000 JavaThread "TimerQueue" daemon [_thread_blocked, id=5120, stack(0x484d0000,0x48520000)]
  0x002dc000 JavaThread "DestroyJavaVM" [_thread_blocked, id=5188, stack(0x01190000,0x011e0000)]
  0x49257c00 JavaThread "AWT-EventQueue-0" [_thread_in_native, id=752, stack(0x49bd0000,0x49c20000)]
=>0x47da6800 JavaThread "AWT-Windows" daemon [_thread_in_native, id=4524, stack(0x48470000,0x484c0000)]
  0x47da3400 JavaThread "AWT-Shutdown" [_thread_blocked, id=3752, stack(0x002f0000,0x00340000)]
  0x47d83c00 JavaThread "Java2D Disposer" daemon [_thread_blocked, id=5068, stack(0x48330000,0x48380000)]
  0x47c7ac00 JavaThread "Service Thread" daemon [_thread_blocked, id=3892, stack(0x47ef0000,0x47f40000)]
  0x47c76400 JavaThread "C1 CompilerThread0" daemon [_thread_blocked, id=3404, stack(0x481f0000,0x48240000)]
  0x47c75000 JavaThread "Attach Listener" daemon [_thread_blocked, id=5160, stack(0x48190000,0x481e0000)]
  0x47c72000 JavaThread "Signal Dispatcher" daemon [_thread_blocked, id=4872, stack(0x480a0000,0x480f0000)]
  0x47c48c00 JavaThread "Finalizer" daemon [_thread_blocked, id=5520, stack(0x480f0000,0x48140000)]
  0x47c40c00 JavaThread "Reference Handler" daemon [_thread_blocked, id=3820, stack(0x47fe0000,0x48030000)]

Other Threads:
  0x47c3f000 VMThread [stack: 0x47e90000,0x47ee0000] [id=4604]
  0x47c95800 WatcherThread [stack: 0x48140000,0x48190000] [id=3568]

VM state:not at safepoint (normal execution)

VM Mutex/Monitor currently owned by a thread: None

Heap
 def new generation   total 314560K, used 130114K [0x038a0000, 0x18df0000, 0x18df0000)
  eden space 279616K,  44% used [0x038a0000, 0x0b11bb18, 0x149b0000)
  from space 34944K,  19% used [0x149b0000, 0x150450c8, 0x16bd0000)
  to   space 34944K,   0% used [0x16bd0000, 0x16bd0000, 0x18df0000)
 tenured generation   total 699072K, used 692614K [0x18df0000, 0x438a0000, 0x438a0000)
   the space 699072K,  99% used [0x18df0000, 0x43251a68, 0x43251c00, 0x438a0000)
 compacting perm gen  total 12288K, used 12248K [0x438a0000, 0x444a0000, 0x478a0000)
   the space 12288K,  99% used [0x438a0000, 0x44496308, 0x44496400, 0x444a0000)
No shared spaces configured.

Card table byte_map: [0x478a0000,0x47ad0000] byte_map_base: 0x47883b00

Polling page: 0x00270000

Code Cache  [0x018a0000, 0x01e90000, 0x038a0000)
 total_blobs=3629 nmethods=3342 adapters=221 free_code_cache=26708Kb largest_free_block=27348864

Compilation events (10 events):
Event: 2921.960 Thread 0x47c76400 3344             java.awt.image.DirectColorModel::<init> (37 bytes)
Event: 2921.960 Thread 0x47c76400 nmethod 3344 0x01e89708 code [0x01e89820, 0x01e89984]
Event: 2923.439 Thread 0x47c76400 3345             sun.java2d.SurfaceDataProxy$CountdownTracker::<init> (10 bytes)
Event: 2923.439 Thread 0x47c76400 nmethod 3345 0x01e89a48 code [0x01e89b40, 0x01e89bc0]
Event: 2969.577 Thread 0x47c76400 3346             sun.java2d.InvalidPipeException::<init> (6 bytes)
Event: 2969.578 Thread 0x47c76400 nmethod 3346 0x01e89c08 code [0x01e89d00, 0x01e89d8c]
Event: 3008.389 Thread 0x47c76400 3347  s          sun.awt.image.BufImgSurfaceData::getSolidLoops (85 bytes)
Event: 3008.389 Thread 0x47c76400 nmethod 3347 0x01e89e48 code [0x01e89fa0, 0x01e8a454]
Event: 3424.451 Thread 0x47c76400 3348             java.util.logging.LogManager$LoggerContext::getNode (134 bytes)
Event: 3424.452 Thread 0x47c76400 nmethod 3348 0x01e8a808 code [0x01e8a990, 0x01e8acf4]

GC Heap History (10 events):
Event: 3699.806 GC heap before
{Heap before GC invocations=1563 (full 9):
 def new generation   total 314560K, used 283720K [0x038a0000, 0x18df0000, 0x18df0000)
  eden space 279616K, 100% used [0x038a0000, 0x149b0000, 0x149b0000)
  from space 34944K,  11% used [0x16bd0000, 0x16fd20a0, 0x18df0000)
  to   space 34944K,   0% used [0x149b0000, 0x149b0000, 0x16bd0000)
 tenured generation   total 699072K, used 692063K [0x18df0000, 0x438a0000, 0x438a0000)
   the space 699072K,  98% used [0x18df0000, 0x431c7c98, 0x431c7e00, 0x438a0000)
 compacting perm gen  total 12288K, used 12248K [0x438a0000, 0x444a0000, 0x478a0000)
   the space 12288K,  99% used [0x438a0000, 0x44496308, 0x44496400, 0x444a0000)
No shared spaces configured.
Event: 3699.820 GC heap after
Heap after GC invocations=1564 (full 9):
 def new generation   total 314560K, used 4107K [0x038a0000, 0x18df0000, 0x18df0000)
  eden space 279616K,   0% used [0x038a0000, 0x038a0000, 0x149b0000)
  from space 34944K,  11% used [0x149b0000, 0x14db2e50, 0x16bd0000)
  to   space 34944K,   0% used [0x16bd0000, 0x16bd0000, 0x18df0000)
 tenured generation   total 699072K, used 692169K [0x18df0000, 0x438a0000, 0x438a0000)
   the space 699072K,  99% used [0x18df0000, 0x431e2698, 0x431e2800, 0x438a0000)
 compacting perm gen  total 12288K, used 12248K [0x438a0000, 0x444a0000, 0x478a0000)
   the space 12288K,  99% used [0x438a0000, 0x44496308, 0x44496400, 0x444a0000)
No shared spaces configured.
}
Event: 3701.571 GC heap before
{Heap before GC invocations=1564 (full 9):
 def new generation   total 314560K, used 283723K [0x038a0000, 0x18df0000, 0x18df0000)
  eden space 279616K, 100% used [0x038a0000, 0x149b0000, 0x149b0000)
  from space 34944K,  11% used [0x149b0000, 0x14db2e50, 0x16bd0000)
  to   space 34944K,   0% used [0x16bd0000, 0x16bd0000, 0x18df0000)
 tenured generation   total 699072K, used 692169K [0x18df0000, 0x438a0000, 0x438a0000)
   the space 699072K,  99% used [0x18df0000, 0x431e2698, 0x431e2800, 0x438a0000)
 compacting perm gen  total 12288K, used 12248K [0x438a0000, 0x444a0000, 0x478a0000)
   the space 12288K,  99% used [0x438a0000, 0x44496308, 0x44496400, 0x444a0000)
No shared spaces configured.
Event: 3701.586 GC heap after
Heap after GC invocations=1565 (full 9):
 def new generation   total 314560K, used 4088K [0x038a0000, 0x18df0000, 0x18df0000)
  eden space 279616K,   0% used [0x038a0000, 0x038a0000, 0x149b0000)
  from space 34944K,  11% used [0x16bd0000, 0x16fce090, 0x18df0000)
  to   space 34944K,   0% used [0x149b0000, 0x149b0000, 0x16bd0000)
 tenured generation   total 699072K, used 692282K [0x18df0000, 0x438a0000, 0x438a0000)
   the space 699072K,  99% used [0x18df0000, 0x431feb38, 0x431fec00, 0x438a0000)
 compacting perm gen  total 12288K, used 12248K [0x438a0000, 0x444a0000, 0x478a0000)
   the space 12288K,  99% used [0x438a0000, 0x44496308, 0x44496400, 0x444a0000)
No shared spaces configured.
}
Event: 3703.393 GC heap before
{Heap before GC invocations=1565 (full 9):
 def new generation   total 314560K, used 283704K [0x038a0000, 0x18df0000, 0x18df0000)
  eden space 279616K, 100% used [0x038a0000, 0x149b0000, 0x149b0000)
  from space 34944K,  11% used [0x16bd0000, 0x16fce090, 0x18df0000)
  to   space 34944K,   0% used [0x149b0000, 0x149b0000, 0x16bd0000)
 tenured generation   total 699072K, used 692282K [0x18df0000, 0x438a0000, 0x438a0000)
   the space 699072K,  99% used [0x18df0000, 0x431feb38, 0x431fec00, 0x438a0000)
 compacting perm gen  total 12288K, used 12248K [0x438a0000, 0x444a0000, 0x478a0000)
   the space 12288K,  99% used [0x438a0000, 0x44496308, 0x44496400, 0x444a0000)
No shared spaces configured.
Event: 3703.407 GC heap after
Heap after GC invocations=1566 (full 9):
 def new generation   total 314560K, used 4084K [0x038a0000, 0x18df0000, 0x18df0000)
  eden space 279616K,   0% used [0x038a0000, 0x038a0000, 0x149b0000)
  from space 34944K,  11% used [0x149b0000, 0x14dad010, 0x16bd0000)
  to   space 34944K,   0% used [0x16bd0000, 0x16bd0000, 0x18df0000)
 tenured generation   total 699072K, used 692392K [0x18df0000, 0x438a0000, 0x438a0000)
   the space 699072K,  99% used [0x18df0000, 0x4321a288, 0x4321a400, 0x438a0000)
 compacting perm gen  total 12288K, used 12248K [0x438a0000, 0x444a0000, 0x478a0000)
   the space 12288K,  99% used [0x438a0000, 0x44496308, 0x44496400, 0x444a0000)
No shared spaces configured.
}
Event: 3705.432 GC heap before
{Heap before GC invocations=1566 (full 9):
 def new generation   total 314560K, used 283700K [0x038a0000, 0x18df0000, 0x18df0000)
  eden space 279616K, 100% used [0x038a0000, 0x149b0000, 0x149b0000)
  from space 34944K,  11% used [0x149b0000, 0x14dad010, 0x16bd0000)
  to   space 34944K,   0% used [0x16bd0000, 0x16bd0000, 0x18df0000)
 tenured generation   total 699072K, used 692392K [0x18df0000, 0x438a0000, 0x438a0000)
   the space 699072K,  99% used [0x18df0000, 0x4321a288, 0x4321a400, 0x438a0000)
 compacting perm gen  total 12288K, used 12248K [0x438a0000, 0x444a0000, 0x478a0000)
   the space 12288K,  99% used [0x438a0000, 0x44496308, 0x44496400, 0x444a0000)
No shared spaces configured.
Event: 3705.447 GC heap after
Heap after GC invocations=1567 (full 9):
 def new generation   total 314560K, used 6484K [0x038a0000, 0x18df0000, 0x18df0000)
  eden space 279616K,   0% used [0x038a0000, 0x038a0000, 0x149b0000)
  from space 34944K,  18% used [0x16bd0000, 0x172251b8, 0x18df0000)
  to   space 34944K,   0% used [0x149b0000, 0x149b0000, 0x16bd0000)
 tenured generation   total 699072K, used 692505K [0x18df0000, 0x438a0000, 0x438a0000)
   the space 699072K,  99% used [0x18df0000, 0x43236728, 0x43236800, 0x438a0000)
 compacting perm gen  total 12288K, used 12248K [0x438a0000, 0x444a0000, 0x478a0000)
   the space 12288K,  99% used [0x438a0000, 0x44496308, 0x44496400, 0x444a0000)
No shared spaces configured.
}
Event: 3707.423 GC heap before
{Heap before GC invocations=1567 (full 9):
 def new generation   total 314560K, used 286100K [0x038a0000, 0x18df0000, 0x18df0000)
  eden space 279616K, 100% used [0x038a0000, 0x149b0000, 0x149b0000)
  from space 34944K,  18% used [0x16bd0000, 0x172251b8, 0x18df0000)
  to   space 34944K,   0% used [0x149b0000, 0x149b0000, 0x16bd0000)
 tenured generation   total 699072K, used 692505K [0x18df0000, 0x438a0000, 0x438a0000)
   the space 699072K,  99% used [0x18df0000, 0x43236728, 0x43236800, 0x438a0000)
 compacting perm gen  total 12288K, used 12248K [0x438a0000, 0x444a0000, 0x478a0000)
   the space 12288K,  99% used [0x438a0000, 0x44496308, 0x44496400, 0x444a0000)
No shared spaces configured.
Event: 3707.439 GC heap after
Heap after GC invocations=1568 (full 9):
 def new generation   total 314560K, used 6740K [0x038a0000, 0x18df0000, 0x18df0000)
  eden space 279616K,   0% used [0x038a0000, 0x038a0000, 0x149b0000)
  from space 34944K,  19% used [0x149b0000, 0x150450c8, 0x16bd0000)
  to   space 34944K,   0% used [0x16bd0000, 0x16bd0000, 0x18df0000)
 tenured generation   total 699072K, used 692614K [0x18df0000, 0x438a0000, 0x438a0000)
   the space 699072K,  99% used [0x18df0000, 0x43251a68, 0x43251c00, 0x438a0000)
 compacting perm gen  total 12288K, used 12248K [0x438a0000, 0x444a0000, 0x478a0000)
   the space 12288K,  99% used [0x438a0000, 0x44496308, 0x44496400, 0x444a0000)
No shared spaces configured.
}

Deoptimization events (0 events):
No events

Internal exceptions (10 events):
Event: 3705.080 Thread 0x49257c00 Threw 0x11b603b0 at C:\re\jdk7u51\527\hotspot\src\share\vm\runtime\sharedRuntime.cpp:591
Event: 3705.080 Thread 0x49257c00 Threw 0x11b60b88 at C:\re\jdk7u51\527\hotspot\src\share\vm\runtime\sharedRuntime.cpp:591
Event: 3705.080 Thread 0x49257c00 Threw 0x11b66188 at C:\re\jdk7u51\527\hotspot\src\share\vm\runtime\sharedRuntime.cpp:591
Event: 3705.080 Thread 0x49257c00 Threw 0x11b668a8 at C:\re\jdk7u51\527\hotspot\src\share\vm\runtime\sharedRuntime.cpp:591
Event: 3705.080 Thread 0x49257c00 Threw 0x11b66fb8 at C:\re\jdk7u51\527\hotspot\src\share\vm\runtime\sharedRuntime.cpp:591
Event: 3705.080 Thread 0x49257c00 Threw 0x11b676c8 at C:\re\jdk7u51\527\hotspot\src\share\vm\runtime\sharedRuntime.cpp:591
Event: 3705.081 Thread 0x49257c00 Threw 0x11b6ba08 at C:\re\jdk7u51\527\hotspot\src\share\vm\runtime\sharedRuntime.cpp:591
Event: 3705.081 Thread 0x49257c00 Threw 0x11b6c0c0 at C:\re\jdk7u51\527\hotspot\src\share\vm\runtime\sharedRuntime.cpp:591
Event: 3705.081 Thread 0x49257c00 Threw 0x11b6c768 at C:\re\jdk7u51\527\hotspot\src\share\vm\runtime\sharedRuntime.cpp:591
Event: 3705.081 Thread 0x49257c00 Threw 0x11b6ce10 at C:\re\jdk7u51\527\hotspot\src\share\vm\runtime\sharedRuntime.cpp:591

Events (10 events):
Event: 3706.920 Thread 0x494b2c00 Thread added: 0x494b2c00
Event: 3706.921 Thread 0x494b2c00 Thread exited: 0x494b2c00
Event: 3706.921 Thread 0x494b2c00 Thread added: 0x494b2c00
Event: 3706.921 Thread 0x494b2c00 Thread exited: 0x494b2c00
Event: 3707.173 Thread 0x494b2c00 Thread added: 0x494b2c00
Event: 3707.173 Thread 0x494b2c00 Thread exited: 0x494b2c00
Event: 3707.173 Thread 0x494b2c00 Thread added: 0x494b2c00
Event: 3707.174 Thread 0x494b2c00 Thread exited: 0x494b2c00
Event: 3707.423 Executing VM operation: GenCollectForAllocation
Event: 3707.439 Executing VM operation: GenCollectForAllocation done


Dynamic libraries:
0x012b0000 - 0x012df000 	C:\Program Files\Java\jdk1.7.0_51\bin\java.exe
0x77b60000 - 0x77c9c000 	C:\Windows\SYSTEM32\ntdll.dll
0x76230000 - 0x76304000 	C:\Windows\system32\kernel32.dll
0x75d50000 - 0x75d9b000 	C:\Windows\system32\KERNELBASE.dll
0x760a0000 - 0x76140000 	C:\Windows\system32\ADVAPI32.dll
0x777d0000 - 0x7787c000 	C:\Windows\system32\msvcrt.dll
0x75ef0000 - 0x75f09000 	C:\Windows\SYSTEM32\sechost.dll
0x77ce0000 - 0x77d82000 	C:\Windows\system32\RPCRT4.dll
0x77a90000 - 0x77b59000 	C:\Windows\system32\USER32.dll
0x77a40000 - 0x77a8e000 	C:\Windows\system32\GDI32.dll
0x76350000 - 0x7635a000 	C:\Windows\system32\LPK.dll
0x77880000 - 0x7791d000 	C:\Windows\system32\USP10.dll
0x748e0000 - 0x74a7e000 	C:\Windows\WinSxS\x86_microsoft.windows.common-controls_6595b64144ccf1df_6.0.7601.17514_none_41e6975e2bd6f2b2\COMCTL32.dll
0x761d0000 - 0x76227000 	C:\Windows\system32\SHLWAPI.dll
0x77ca0000 - 0x77cbf000 	C:\Windows\system32\IMM32.DLL
0x77540000 - 0x7760c000 	C:\Windows\system32\MSCTF.dll
0x720b0000 - 0x7216f000 	C:\Program Files\Java\jdk1.7.0_51\jre\bin\msvcr100.dll
0x6cb70000 - 0x6cef0000 	C:\Program Files\Java\jdk1.7.0_51\jre\bin\client\jvm.dll
0x70f60000 - 0x70f67000 	C:\Windows\system32\WSOCK32.dll
0x76310000 - 0x76345000 	C:\Windows\system32\WS2_32.dll
0x76360000 - 0x76366000 	C:\Windows\system32\NSI.dll
0x73fb0000 - 0x73fe2000 	C:\Windows\system32\WINMM.dll
0x77cd0000 - 0x77cd5000 	C:\Windows\system32\PSAPI.DLL
0x723e0000 - 0x723ec000 	C:\Program Files\Java\jdk1.7.0_51\jre\bin\verify.dll
0x723c0000 - 0x723e0000 	C:\Program Files\Java\jdk1.7.0_51\jre\bin\java.dll
0x72210000 - 0x72223000 	C:\Program Files\Java\jdk1.7.0_51\jre\bin\zip.dll
0x6d0d0000 - 0x6d213000 	C:\Program Files\Java\jdk1.7.0_51\jre\bin\awt.dll
0x76640000 - 0x766cf000 	C:\Windows\system32\OLEAUT32.dll
0x75f10000 - 0x7606c000 	C:\Windows\system32\ole32.dll
0x74750000 - 0x74790000 	C:\Windows\system32\uxtheme.dll
0x74460000 - 0x74473000 	C:\Windows\system32\dwmapi.dll
0x75af0000 - 0x75afc000 	C:\Windows\system32\CRYPTBASE.dll
0x768f0000 - 0x7753a000 	C:\Windows\system32\SHELL32.dll
0x6b110000 - 0x6b149000 	C:\Program Files\Java\jdk1.7.0_51\jre\bin\fontmanager.dll
0x756f0000 - 0x75706000 	C:\Windows\system32\CRYPTSP.dll
0x75380000 - 0x753bb000 	C:\Windows\system32\rsaenh.dll
0x75ed0000 - 0x75ee7000 	C:\Windows\system32\USERENV.dll
0x75bd0000 - 0x75bdb000 	C:\Windows\system32\profapi.dll
0x72330000 - 0x72344000 	C:\Program Files\Java\jdk1.7.0_51\jre\bin\net.dll
0x755c0000 - 0x755fc000 	C:\Windows\system32\mswsock.dll
0x756e0000 - 0x756e6000 	C:\Windows\System32\wship6.dll
0x73ea0000 - 0x73eb0000 	C:\Windows\system32\NLAapi.dll
0x70f50000 - 0x70f60000 	C:\Windows\system32\napinsp.dll
0x70f30000 - 0x70f42000 	C:\Windows\system32\pnrpnsp.dll
0x75490000 - 0x754d4000 	C:\Windows\system32\DNSAPI.dll
0x70f20000 - 0x70f28000 	C:\Windows\System32\winrnr.dll
0x75110000 - 0x75115000 	C:\Windows\System32\wshtcpip.dll
0x73bc0000 - 0x73bdc000 	C:\Windows\system32\IPHLPAPI.DLL
0x73b80000 - 0x73b87000 	C:\Windows\system32\WINNSI.DLL
0x702f0000 - 0x702f6000 	C:\Windows\system32\rasadhlp.dll
0x73a40000 - 0x73a78000 	C:\Windows\System32\fwpuclnt.dll
0x73040000 - 0x7304f000 	C:\Program Files\Java\jdk1.7.0_51\jre\bin\nio.dll
0x011e0000 - 0x0121d000 	C:\Users\dieutq\AppData\Local\Temp\jna-dieutq\jna5292321358449685507.dll
0x6ae00000 - 0x6ae24000 	c:\program files\videolan\vlc\libvlc.dll
0x67d60000 - 0x67fb1000 	c:\program files\videolan\vlc\libvlccore.dll
0x70710000 - 0x708d3000 	C:\Windows\system32\d3d9.dll
0x75080000 - 0x75089000 	C:\Windows\system32\VERSION.dll
0x70700000 - 0x70706000 	C:\Windows\system32\d3d8thk.dll
0x5c730000 - 0x5ce91000 	C:\Windows\system32\nvd3dum.dll
0x74d00000 - 0x74d25000 	C:\Windows\system32\powrprof.dll
0x76440000 - 0x765dd000 	C:\Windows\system32\SETUPAPI.dll
0x75d20000 - 0x75d47000 	C:\Windows\system32\CFGMGR32.dll
0x75c00000 - 0x75c12000 	C:\Windows\system32\DEVOBJ.dll
0x6ac10000 - 0x6ac35000 	C:\Program Files\Java\jdk1.7.0_51\jre\bin\jpeg.dll
0x6b0d0000 - 0x6b100000 	C:\Program Files\Java\jdk1.7.0_51\jre\bin\t2k.dll
0x76140000 - 0x761c3000 	C:\Windows\system32\CLBCatQ.DLL
0x74300000 - 0x74430000 	C:\Windows\system32\WindowsCodecs.dll
0x75aa0000 - 0x75aec000 	C:\Windows\system32\apphelp.dll
0x6f2d0000 - 0x6f308000 	C:\Users\dieutq\AppData\Local\Microsoft\SkyDrive\17.3.1166.0618\SkyDriveShell.dll
0x6f240000 - 0x6f2c5000 	C:\Users\dieutq\AppData\Local\Microsoft\SkyDrive\17.3.1166.0618\MSVCP110.dll
0x6f160000 - 0x6f232000 	C:\Users\dieutq\AppData\Local\Microsoft\SkyDrive\17.3.1166.0618\MSVCR110.dll
0x6f0d0000 - 0x6f155000 	C:\Users\dieutq\AppData\Local\Microsoft\SkyDrive\17.3.1166.0618\Telemetry.dll
0x6ed90000 - 0x6ed9a000 	C:\Users\dieutq\AppData\Local\Microsoft\SkyDrive\17.3.1166.0618\logging.dll
0x6ed30000 - 0x6ed82000 	C:\Windows\system32\faultrep.dll
0x6ed10000 - 0x6ed25000 	C:\Windows\system32\Cabinet.dll
0x71cd0000 - 0x71d28000 	C:\Windows\system32\WINHTTP.dll
0x71c80000 - 0x71ccf000 	C:\Windows\system32\webio.dll
0x74430000 - 0x7445f000 	C:\Windows\system32\XmlLite.dll
0x77610000 - 0x777cd000 	C:\Windows\system32\WININET.dll
0x75d10000 - 0x75d14000 	C:\Windows\system32\api-ms-win-downlevel-user32-l1-1-0.dll
0x75c60000 - 0x75c64000 	C:\Windows\system32\api-ms-win-downlevel-shlwapi-l1-1-0.dll
0x75ec0000 - 0x75ec4000 	C:\Windows\system32\api-ms-win-downlevel-version-l1-1-0.dll
0x75c50000 - 0x75c53000 	C:\Windows\system32\api-ms-win-downlevel-normaliz-l1-1-0.dll
0x77cc0000 - 0x77cc3000 	C:\Windows\system32\normaliz.DLL
0x766d0000 - 0x768e9000 	C:\Windows\system32\iertutil.dll
0x75d00000 - 0x75d05000 	C:\Windows\system32\api-ms-win-downlevel-advapi32-l1-1-0.dll
0x6e9b0000 - 0x6eb58000 	C:\PROGRA~1\MICROS~1\Office15\GROOVEEX.DLL
0x6ebe0000 - 0x6ec49000 	C:\Windows\system32\MSVCP100.dll
0x6ebb0000 - 0x6ebd6000 	C:\Windows\system32\ATL100.DLL
0x71a40000 - 0x71c80000 	C:\Windows\system32\msi.dll
0x6dc30000 - 0x6e4ab000 	C:\PROGRA~1\MICROS~1\Office15\1033\GrooveIntlResource.dll
0x6dc00000 - 0x6dc22000 	C:\Users\dieutq\AppData\Roaming\Dropbox\bin\DropboxExt.22.dll
0x6f590000 - 0x6f67b000 	C:\Windows\system32\dbghelp.dll
0x6db50000 - 0x6dbde000 	C:\Windows\WinSxS\x86_microsoft.vc90.crt_1fc8b3b9a1e18e3b_9.0.30729.6161_none_50934f2ebcb7eb57\MSVCP90.dll
0x71d30000 - 0x71dd3000 	C:\Windows\WinSxS\x86_microsoft.vc90.crt_1fc8b3b9a1e18e3b_9.0.30729.6161_none_50934f2ebcb7eb57\MSVCR90.dll
0x6daf0000 - 0x6db21000 	C:\Windows\system32\EhStorShell.dll
0x74790000 - 0x74885000 	C:\Windows\system32\PROPSYS.dll
0x6da80000 - 0x6daea000 	C:\Windows\System32\cscui.dll
0x6da70000 - 0x6da79000 	C:\Windows\System32\CSCDLL.dll
0x71f50000 - 0x71f5b000 	C:\Windows\system32\CSCAPI.dll
0x6aa80000 - 0x6aaa4000 	C:\Program Files\Java\jdk1.7.0_51\jre\bin\dcpr.dll
0x48040000 - 0x48048000 	C:\Program Files\Internet Download Manager\idmmkb.dll
0x4bfe0000 - 0x4c034000 	C:\Users\dieutq\AppData\Local\Lingoes\Translator\lingoes-us\OpenText32.dll
0x710d0000 - 0x7110c000 	C:\Windows\system32\OLEACC.dll
0x70ce0000 - 0x70d64000 	C:\Windows\WinSxS\x86_microsoft.windows.common-controls_6595b64144ccf1df_5.82.7601.18201_none_ec80f00e8593ece5\comctl32.dll
0x74be0000 - 0x74c01000 	C:\Windows\system32\ntmarta.dll
0x76370000 - 0x763b5000 	C:\Windows\system32\WLDAP32.dll
0x6d490000 - 0x6d628000 	C:\Windows\system32\NetworkExplorer.dll
0x6d820000 - 0x6d84f000 	C:\Windows\System32\shdocvw.dll
0x73b40000 - 0x73b4a000 	C:\Windows\system32\slc.dll
0x70000000 - 0x70012000 	C:\Windows\system32\MPR.dll
0x6eb90000 - 0x6eb98000 	C:\Windows\System32\drprov.dll
0x753f0000 - 0x75419000 	C:\Windows\System32\WINSTA.dll
0x6eb70000 - 0x6eb84000 	C:\Windows\System32\ntlanman.dll
0x6dbe0000 - 0x6dbf7000 	C:\Windows\System32\davclnt.dll
0x6eb60000 - 0x6eb68000 	C:\Windows\System32\DAVHLPR.dll
0x741c0000 - 0x741cf000 	C:\Windows\system32\wkscli.dll
0x741d0000 - 0x741d9000 	C:\Windows\system32\netutils.dll
0x5bc20000 - 0x5be58000 	C:\Windows\system32\wpdshext.dll
0x745c0000 - 0x74750000 	C:\Windows\WinSxS\x86_microsoft.windows.gdiplus_6595b64144ccf1df_1.1.7601.18455_none_72d576ad8665e853\gdiplus.dll
0x73200000 - 0x73289000 	C:\Windows\system32\PortableDeviceApi.dll
0x75c20000 - 0x75c4e000 	C:\Windows\system32\WINTRUST.dll
0x75da0000 - 0x75ec0000 	C:\Windows\system32\CRYPT32.dll
0x75be0000 - 0x75bec000 	C:\Windows\system32\MSASN1.dll
0x72ce0000 - 0x72d0b000 	C:\Windows\system32\PortableDeviceTypes.dll
0x6abd0000 - 0x6ac0f000 	C:\Windows\system32\audiodev.dll
0x6b390000 - 0x6b5f7000 	C:\Windows\system32\WMVCore.DLL
0x6a850000 - 0x6a88d000 	C:\Windows\system32\WMASF.DLL

VM Arguments:
jvm_args: -Dfile.encoding=UTF-8 -Xmx1024m 
java_command: movieannot.Process.Play
Launcher Type: SUN_STANDARD

Environment Variables:
JAVA_HOME=C:\Program Files\Java\jdk1.7.0_51
PATH=C:\Windows\system32;C:\Windows;C:\Windows\System32\Wbem;C:\Windows\System32\WindowsPowerShell\v1.0\;C:\Java\jdk1.7.0\bin;C:\opencv\build\x86\vc10\bin;C:\Program Files\Microsoft SQL Server\100\Tools\Binn\;C:\Program Files\Microsoft SQL Server\100\DTS\Binn\;C:\Program Files\MiKTeX 2.9\miktex\bin\;C:\EmguCV\bin
USERNAME=dieutq
OS=Windows_NT
PROCESSOR_IDENTIFIER=x86 Family 6 Model 30 Stepping 5, GenuineIntel



---------------  S Y S T E M  ---------------

OS: Windows 7 Build 7601 Service Pack 1

CPU:total 4 (4 cores per cpu, 1 threads per core) family 6 model 30 stepping 5, cmov, cx8, fxsr, mmx, sse, sse2, sse3, ssse3, sse4.1, sse4.2, popcnt, tsc, tscinvbit

Memory: 4k page, physical 3136880k(68188k free), swap 6665224k(504884k free)

vm_info: Java HotSpot(TM) Client VM (24.51-b03) for windows-x86 JRE (1.7.0_51-b13), built on Dec 18 2013 19:09:58 by "java_re" with unknown MS VC++:1600

time: Fri Jul 25 11:46:42 2014
elapsed time: 3708 seconds

