#
# A fatal error has been detected by the Java Runtime Environment:
#
#  EXCEPTION_ACCESS_VIOLATION (0xc0000005) at pc=0x653dace9, pid=1520, tid=2392
#
# JRE version: Java(TM) SE Runtime Environment (7.0_51-b13) (build 1.7.0_51-b13)
# Java VM: Java HotSpot(TM) Client VM (24.51-b03 mixed mode windows-x86 )
# Problematic frame:
# C  [nvd3dum.dll+0x30ace9]
#
# Failed to write core dump. Minidumps are not enabled by default on client versions of Windows
#
# If you would like to submit a bug report, please visit:
#   http://bugreport.sun.com/bugreport/crash.jsp
# The crash happened outside the Java Virtual Machine in native code.
# See problematic frame for where to report the bug.
#

---------------  T H R E A D  ---------------

Current thread (0x47d7a800):  JavaThread "AWT-Windows" daemon [_thread_in_native, id=2392, stack(0x48970000,0x489c0000)]

siginfo: ExceptionCode=0xc0000005, reading address 0x00000000

Registers:
EAX=0x00000000, EBX=0x0000001d, ECX=0x0000ac80, EDX=0x0000b020
ESP=0x489be5f8, EBP=0x489be9b0, ESI=0x4bced6a0, EDI=0x4b312500
EIP=0x653dace9, EFLAGS=0x00010246

Top of Stack: (sp=0x489be5f8)
0x489be5f8:   0000001d 4b312500 00000020 4bced6a0
0x489be608:   00000000 7fb2ac80 00010001 0000001d
0x489be618:   0000000a 00000020 00000000 004165d0
0x489be628:   7544d47b 00000000 00000000 005a0000
0x489be638:   01e26720 00000000 0000001d 00000020
0x489be648:   4b2a6348 4b312500 00000000 0000003f
0x489be658:   0000ac80 000003a0 00000000 00007ffe
0x489be668:   00000000 00000000 00000000 00000000 

Instructions: (pc=0x653dace9)
0x653dacc9:   44 24 50 89 50 08 c7 40 0c 00 00 00 00 f6 84 24
0x653dacd9:   10 02 00 00 08 8b 44 24 28 89 84 24 f8 00 00 00
0x653dace9:   8b 10 89 94 24 14 01 00 00 74 10 8b 8c 24 0c 01
0x653dacf9:   00 00 b8 01 00 00 00 d3 e0 eb 07 8b 84 24 0c 01 


Register to memory mapping:

EAX=0x00000000 is an unknown value
EBX=0x0000001d is an unknown value
ECX=0x0000ac80 is an unknown value
EDX=0x0000b020 is an unknown value
ESP=0x489be5f8 is pointing into the stack for thread: 0x47d7a800
EBP=0x489be9b0 is pointing into the stack for thread: 0x47d7a800
ESI=0x4bced6a0 is an unknown value
EDI=0x4b312500 is an unknown value


Stack: [0x48970000,0x489c0000],  sp=0x489be5f8,  free space=313k
Native frames: (J=compiled Java code, j=interpreted, Vv=VM code, C=native code)
C  [nvd3dum.dll+0x30ace9]
C  [nvd3dum.dll+0x2ffeb2]
C  [nvd3dum.dll+0x3000d7]
C  [nvd3dum.dll+0x39a52b]
C  [nvd3dum.dll+0x2830e3]
C  [d3d9.dll+0x117ccd]
C  [d3d9.dll+0x11952a]
C  [d3d9.dll+0xb0f74]
C  [d3d9.dll+0x6aee7]
C  [d3d9.dll+0x362e2]
C  [d3d9.dll+0x36ad4]

Java frames: (J=compiled Java code, j=interpreted, Vv=VM code)
j  sun.awt.windows.WToolkit.eventLoop()V+0
j  sun.awt.windows.WToolkit.run()V+49
j  java.lang.Thread.run()V+11
v  ~StubRoutines::call_stub

---------------  P R O C E S S  ---------------

Java Threads: ( => current thread )
  0x485e8c00 JavaThread "pool-2-thread-1" [_thread_blocked, id=1452, stack(0x4d000000,0x4d050000)]
  0x484ccc00 JavaThread "prefuse_ActivityManager" daemon [_thread_in_Java, id=1684, stack(0x4afd0000,0x4b020000)]
  0x48533000 JavaThread "Swing-Shell" daemon [_thread_blocked, id=2412, stack(0x4bf60000,0x4bfb0000)]
  0x4842f000 JavaThread "D3D Screen Updater" daemon [_thread_blocked, id=1128, stack(0x49170000,0x491c0000)]
  0x4838f800 JavaThread "TimerQueue" daemon [_thread_blocked, id=3588, stack(0x4bf00000,0x4bf50000)]
  0x0039c000 JavaThread "DestroyJavaVM" [_thread_blocked, id=5124, stack(0x018a0000,0x018f0000)]
  0x47d1f400 JavaThread "AWT-EventQueue-0" [_thread_in_native, id=4196, stack(0x49b90000,0x49be0000)]
  0x47d1ec00 JavaThread "AWT-Shutdown" [_thread_blocked, id=2196, stack(0x49c20000,0x49c70000)]
=>0x47d7a800 JavaThread "AWT-Windows" daemon [_thread_in_native, id=2392, stack(0x48970000,0x489c0000)]
  0x47d79c00 JavaThread "Java2D Disposer" daemon [_thread_blocked, id=4920, stack(0x48160000,0x481b0000)]
  0x47ccbc00 JavaThread "Service Thread" daemon [_thread_blocked, id=3548, stack(0x47ee0000,0x47f30000)]
  0x47ccac00 JavaThread "C1 CompilerThread0" daemon [_thread_blocked, id=5376, stack(0x48230000,0x48280000)]
  0x47cc6400 JavaThread "Attach Listener" daemon [_thread_blocked, id=6032, stack(0x481b0000,0x48200000)]
  0x47cc3000 JavaThread "Signal Dispatcher" daemon [_thread_blocked, id=3536, stack(0x47f70000,0x47fc0000)]
  0x47c97000 JavaThread "Finalizer" daemon [_thread_blocked, id=4192, stack(0x480d0000,0x48120000)]
  0x47c90c00 JavaThread "Reference Handler" daemon [_thread_blocked, id=5644, stack(0x48020000,0x48070000)]

Other Threads:
  0x47c8f000 VMThread [stack: 0x01820000,0x01870000] [id=4876]
  0x47cf0000 WatcherThread [stack: 0x482c0000,0x48310000] [id=2648]

VM state:not at safepoint (normal execution)

VM Mutex/Monitor currently owned by a thread: None

Heap
 def new generation   total 291456K, used 191790K [0x038f0000, 0x17530000, 0x18e40000)
  eden space 259072K,  73% used [0x038f0000, 0x0f304478, 0x135f0000)
  from space 32384K,   3% used [0x135f0000, 0x137274c8, 0x15590000)
  to   space 32384K,   0% used [0x15590000, 0x15590000, 0x17530000)
 tenured generation   total 647596K, used 620946K [0x18e40000, 0x406ab000, 0x438f0000)
   the space 647596K,  95% used [0x18e40000, 0x3eca4a18, 0x3eca4c00, 0x406ab000)
 compacting perm gen  total 12288K, used 12075K [0x438f0000, 0x444f0000, 0x478f0000)
   the space 12288K,  98% used [0x438f0000, 0x444bad38, 0x444bae00, 0x444f0000)
No shared spaces configured.

Card table byte_map: [0x478f0000,0x47b20000] byte_map_base: 0x478d3880

Polling page: 0x00370000

Code Cache  [0x018f0000, 0x01ef0000, 0x038f0000)
 total_blobs=3740 nmethods=3453 adapters=221 free_code_cache=26624Kb largest_free_block=27263232

Compilation events (10 events):
Event: 2599.259 Thread 0x47ccac00 3455  s          sun.java2d.SurfaceDataProxy$CountdownTracker::isCurrent (20 bytes)
Event: 2599.259 Thread 0x47ccac00 nmethod 3455 0x01eef288 code [0x01eef380, 0x01eef550]
Event: 2705.189 Thread 0x47ccac00 3456             sun.java2d.InvalidPipeException::<init> (6 bytes)
Event: 2705.189 Thread 0x47ccac00 nmethod 3456 0x01eef5c8 code [0x01eef6c0, 0x01eef74c]
Event: 2705.647 Thread 0x47ccac00 3457             java.awt.image.ColorModel::getDefaultTransferType (27 bytes)
Event: 2705.647 Thread 0x47ccac00 nmethod 3457 0x01eef808 code [0x01eef900, 0x01eef9c0]
Event: 2717.865 Thread 0x47ccac00 3458             sun.java2d.SurfaceDataProxy$CountdownTracker::<init> (10 bytes)
Event: 2717.874 Thread 0x47ccac00 nmethod 3458 0x01eefa08 code [0x01eefb00, 0x01eefb80]
Event: 2721.224 Thread 0x47ccac00 3459             java.awt.image.DirectColorModel::<init> (37 bytes)
Event: 2721.235 Thread 0x47ccac00 nmethod 3459 0x01eefbc8 code [0x01eefce0, 0x01eefe44]

GC Heap History (10 events):
Event: 2969.761 GC heap before
{Heap before GC invocations=844 (full 7):
 def new generation   total 291456K, used 260174K [0x038f0000, 0x17530000, 0x18e40000)
  eden space 259072K, 100% used [0x038f0000, 0x135f0000, 0x135f0000)
  from space 32384K,   3% used [0x15590000, 0x156a3b70, 0x17530000)
  to   space 32384K,   0% used [0x135f0000, 0x135f0000, 0x15590000)
 tenured generation   total 647596K, used 620596K [0x18e40000, 0x406ab000, 0x438f0000)
   the space 647596K,  95% used [0x18e40000, 0x3ec4d3b8, 0x3ec4d400, 0x406ab000)
 compacting perm gen  total 12288K, used 12075K [0x438f0000, 0x444f0000, 0x478f0000)
   the space 12288K,  98% used [0x438f0000, 0x444bad38, 0x444bae00, 0x444f0000)
No shared spaces configured.
Event: 2969.772 GC heap after
Heap after GC invocations=845 (full 7):
 def new generation   total 291456K, used 1098K [0x038f0000, 0x17530000, 0x18e40000)
  eden space 259072K,   0% used [0x038f0000, 0x038f0000, 0x135f0000)
  from space 32384K,   3% used [0x135f0000, 0x13702ae8, 0x15590000)
  to   space 32384K,   0% used [0x15590000, 0x15590000, 0x17530000)
 tenured generation   total 647596K, used 620668K [0x18e40000, 0x406ab000, 0x438f0000)
   the space 647596K,  95% used [0x18e40000, 0x3ec5f058, 0x3ec5f200, 0x406ab000)
 compacting perm gen  total 12288K, used 12075K [0x438f0000, 0x444f0000, 0x478f0000)
   the space 12288K,  98% used [0x438f0000, 0x444bad38, 0x444bae00, 0x444f0000)
No shared spaces configured.
}
Event: 2972.023 GC heap before
{Heap before GC invocations=845 (full 7):
 def new generation   total 291456K, used 260170K [0x038f0000, 0x17530000, 0x18e40000)
  eden space 259072K, 100% used [0x038f0000, 0x135f0000, 0x135f0000)
  from space 32384K,   3% used [0x135f0000, 0x13702ae8, 0x15590000)
  to   space 32384K,   0% used [0x15590000, 0x15590000, 0x17530000)
 tenured generation   total 647596K, used 620668K [0x18e40000, 0x406ab000, 0x438f0000)
   the space 647596K,  95% used [0x18e40000, 0x3ec5f058, 0x3ec5f200, 0x406ab000)
 compacting perm gen  total 12288K, used 12075K [0x438f0000, 0x444f0000, 0x478f0000)
   the space 12288K,  98% used [0x438f0000, 0x444bad38, 0x444bae00, 0x444f0000)
No shared spaces configured.
Event: 2972.034 GC heap after
Heap after GC invocations=846 (full 7):
 def new generation   total 291456K, used 1101K [0x038f0000, 0x17530000, 0x18e40000)
  eden space 259072K,   0% used [0x038f0000, 0x038f0000, 0x135f0000)
  from space 32384K,   3% used [0x15590000, 0x156a3770, 0x17530000)
  to   space 32384K,   0% used [0x135f0000, 0x135f0000, 0x15590000)
 tenured generation   total 647596K, used 620738K [0x18e40000, 0x406ab000, 0x438f0000)
   the space 647596K,  95% used [0x18e40000, 0x3ec708e0, 0x3ec70a00, 0x406ab000)
 compacting perm gen  total 12288K, used 12075K [0x438f0000, 0x444f0000, 0x478f0000)
   the space 12288K,  98% used [0x438f0000, 0x444bad38, 0x444bae00, 0x444f0000)
No shared spaces configured.
}
Event: 2974.539 GC heap before
{Heap before GC invocations=846 (full 7):
 def new generation   total 291456K, used 260173K [0x038f0000, 0x17530000, 0x18e40000)
  eden space 259072K, 100% used [0x038f0000, 0x135f0000, 0x135f0000)
  from space 32384K,   3% used [0x15590000, 0x156a3770, 0x17530000)
  to   space 32384K,   0% used [0x135f0000, 0x135f0000, 0x15590000)
 tenured generation   total 647596K, used 620738K [0x18e40000, 0x406ab000, 0x438f0000)
   the space 647596K,  95% used [0x18e40000, 0x3ec708e0, 0x3ec70a00, 0x406ab000)
 compacting perm gen  total 12288K, used 12075K [0x438f0000, 0x444f0000, 0x478f0000)
   the space 12288K,  98% used [0x438f0000, 0x444bad38, 0x444bae00, 0x444f0000)
No shared spaces configured.
Event: 2974.549 GC heap after
Heap after GC invocations=847 (full 7):
 def new generation   total 291456K, used 1116K [0x038f0000, 0x17530000, 0x18e40000)
  eden space 259072K,   0% used [0x038f0000, 0x038f0000, 0x135f0000)
  from space 32384K,   3% used [0x135f0000, 0x137072f0, 0x15590000)
  to   space 32384K,   0% used [0x15590000, 0x15590000, 0x17530000)
 tenured generation   total 647596K, used 620807K [0x18e40000, 0x406ab000, 0x438f0000)
   the space 647596K,  95% used [0x18e40000, 0x3ec81d38, 0x3ec81e00, 0x406ab000)
 compacting perm gen  total 12288K, used 12075K [0x438f0000, 0x444f0000, 0x478f0000)
   the space 12288K,  98% used [0x438f0000, 0x444bad38, 0x444bae00, 0x444f0000)
No shared spaces configured.
}
Event: 2976.891 GC heap before
{Heap before GC invocations=847 (full 7):
 def new generation   total 291456K, used 260188K [0x038f0000, 0x17530000, 0x18e40000)
  eden space 259072K, 100% used [0x038f0000, 0x135f0000, 0x135f0000)
  from space 32384K,   3% used [0x135f0000, 0x137072f0, 0x15590000)
  to   space 32384K,   0% used [0x15590000, 0x15590000, 0x17530000)
 tenured generation   total 647596K, used 620807K [0x18e40000, 0x406ab000, 0x438f0000)
   the space 647596K,  95% used [0x18e40000, 0x3ec81d38, 0x3ec81e00, 0x406ab000)
 compacting perm gen  total 12288K, used 12075K [0x438f0000, 0x444f0000, 0x478f0000)
   the space 12288K,  98% used [0x438f0000, 0x444bad38, 0x444bae00, 0x444f0000)
No shared spaces configured.
Event: 2976.902 GC heap after
Heap after GC invocations=848 (full 7):
 def new generation   total 291456K, used 1096K [0x038f0000, 0x17530000, 0x18e40000)
  eden space 259072K,   0% used [0x038f0000, 0x038f0000, 0x135f0000)
  from space 32384K,   3% used [0x15590000, 0x156a2360, 0x17530000)
  to   space 32384K,   0% used [0x135f0000, 0x135f0000, 0x15590000)
 tenured generation   total 647596K, used 620877K [0x18e40000, 0x406ab000, 0x438f0000)
   the space 647596K,  95% used [0x18e40000, 0x3ec93418, 0x3ec93600, 0x406ab000)
 compacting perm gen  total 12288K, used 12075K [0x438f0000, 0x444f0000, 0x478f0000)
   the space 12288K,  98% used [0x438f0000, 0x444bad38, 0x444bae00, 0x444f0000)
No shared spaces configured.
}
Event: 2979.461 GC heap before
{Heap before GC invocations=848 (full 7):
 def new generation   total 291456K, used 260168K [0x038f0000, 0x17530000, 0x18e40000)
  eden space 259072K, 100% used [0x038f0000, 0x135f0000, 0x135f0000)
  from space 32384K,   3% used [0x15590000, 0x156a2360, 0x17530000)
  to   space 32384K,   0% used [0x135f0000, 0x135f0000, 0x15590000)
 tenured generation   total 647596K, used 620877K [0x18e40000, 0x406ab000, 0x438f0000)
   the space 647596K,  95% used [0x18e40000, 0x3ec93418, 0x3ec93600, 0x406ab000)
 compacting perm gen  total 12288K, used 12075K [0x438f0000, 0x444f0000, 0x478f0000)
   the space 12288K,  98% used [0x438f0000, 0x444bad38, 0x444bae00, 0x444f0000)
No shared spaces configured.
Event: 2979.483 GC heap after
Heap after GC invocations=849 (full 7):
 def new generation   total 291456K, used 1245K [0x038f0000, 0x17530000, 0x18e40000)
  eden space 259072K,   0% used [0x038f0000, 0x038f0000, 0x135f0000)
  from space 32384K,   3% used [0x135f0000, 0x137274c8, 0x15590000)
  to   space 32384K,   0% used [0x15590000, 0x15590000, 0x17530000)
 tenured generation   total 647596K, used 620946K [0x18e40000, 0x406ab000, 0x438f0000)
   the space 647596K,  95% used [0x18e40000, 0x3eca4a18, 0x3eca4c00, 0x406ab000)
 compacting perm gen  total 12288K, used 12075K [0x438f0000, 0x444f0000, 0x478f0000)
   the space 12288K,  98% used [0x438f0000, 0x444bad38, 0x444bae00, 0x444f0000)
No shared spaces configured.
}

Deoptimization events (0 events):
No events

Internal exceptions (10 events):
Event: 2927.035 Thread 0x47d1f400 Threw 0x103435a8 at C:\re\jdk7u51\527\hotspot\src\share\vm\runtime\sharedRuntime.cpp:591
Event: 2927.035 Thread 0x47d1f400 Threw 0x10343e08 at C:\re\jdk7u51\527\hotspot\src\share\vm\runtime\sharedRuntime.cpp:591
Event: 2927.036 Thread 0x47d1f400 Threw 0x10349788 at C:\re\jdk7u51\527\hotspot\src\share\vm\runtime\sharedRuntime.cpp:591
Event: 2927.036 Thread 0x47d1f400 Threw 0x10349eb0 at C:\re\jdk7u51\527\hotspot\src\share\vm\runtime\sharedRuntime.cpp:591
Event: 2927.036 Thread 0x47d1f400 Threw 0x1034a5c8 at C:\re\jdk7u51\527\hotspot\src\share\vm\runtime\sharedRuntime.cpp:591
Event: 2927.036 Thread 0x47d1f400 Threw 0x1034ace0 at C:\re\jdk7u51\527\hotspot\src\share\vm\runtime\sharedRuntime.cpp:591
Event: 2927.036 Thread 0x47d1f400 Threw 0x1034f030 at C:\re\jdk7u51\527\hotspot\src\share\vm\runtime\sharedRuntime.cpp:591
Event: 2927.036 Thread 0x47d1f400 Threw 0x1034f6e8 at C:\re\jdk7u51\527\hotspot\src\share\vm\runtime\sharedRuntime.cpp:591
Event: 2927.036 Thread 0x47d1f400 Threw 0x1034fd90 at C:\re\jdk7u51\527\hotspot\src\share\vm\runtime\sharedRuntime.cpp:591
Event: 2927.036 Thread 0x47d1f400 Threw 0x10350438 at C:\re\jdk7u51\527\hotspot\src\share\vm\runtime\sharedRuntime.cpp:591

Events (10 events):
Event: 2969.761 Executing VM operation: GenCollectForAllocation
Event: 2969.772 Executing VM operation: GenCollectForAllocation done
Event: 2972.023 Executing VM operation: GenCollectForAllocation
Event: 2972.034 Executing VM operation: GenCollectForAllocation done
Event: 2974.539 Executing VM operation: GenCollectForAllocation
Event: 2974.549 Executing VM operation: GenCollectForAllocation done
Event: 2976.891 Executing VM operation: GenCollectForAllocation
Event: 2976.902 Executing VM operation: GenCollectForAllocation done
Event: 2979.461 Executing VM operation: GenCollectForAllocation
Event: 2979.483 Executing VM operation: GenCollectForAllocation done


Dynamic libraries:
0x009b0000 - 0x009df000 	C:\Program Files\Java\jdk1.7.0_51\bin\java.exe
0x77510000 - 0x7764c000 	C:\Windows\SYSTEM32\ntdll.dll
0x75ef0000 - 0x75fc4000 	C:\Windows\system32\kernel32.dll
0x75740000 - 0x7578b000 	C:\Windows\system32\KERNELBASE.dll
0x76000000 - 0x760a0000 	C:\Windows\system32\ADVAPI32.dll
0x75cc0000 - 0x75d6c000 	C:\Windows\system32\msvcrt.dll
0x77650000 - 0x77669000 	C:\Windows\SYSTEM32\sechost.dll
0x75a40000 - 0x75ae2000 	C:\Windows\system32\RPCRT4.dll
0x76d30000 - 0x76df9000 	C:\Windows\system32\USER32.dll
0x75d70000 - 0x75dbe000 	C:\Windows\system32\GDI32.dll
0x75e50000 - 0x75e5a000 	C:\Windows\system32\LPK.dll
0x771f0000 - 0x7728d000 	C:\Windows\system32\USP10.dll
0x74490000 - 0x7462e000 	C:\Windows\WinSxS\x86_microsoft.windows.common-controls_6595b64144ccf1df_6.0.7601.17514_none_41e6975e2bd6f2b2\COMCTL32.dll
0x75b00000 - 0x75b57000 	C:\Windows\system32\SHLWAPI.dll
0x760b0000 - 0x760cf000 	C:\Windows\system32\IMM32.DLL
0x77670000 - 0x7773c000 	C:\Windows\system32\MSCTF.dll
0x5f650000 - 0x5f70f000 	C:\Program Files\Java\jdk1.7.0_51\jre\bin\msvcr100.dll
0x77990000 - 0x77d10000 	C:\Program Files\Java\jdk1.7.0_51\jre\bin\client\jvm.dll
0x70910000 - 0x70917000 	C:\Windows\system32\WSOCK32.dll
0x75e10000 - 0x75e45000 	C:\Windows\system32\WS2_32.dll
0x75af0000 - 0x75af6000 	C:\Windows\system32\NSI.dll
0x737a0000 - 0x737d2000 	C:\Windows\system32\WINMM.dll
0x76d20000 - 0x76d25000 	C:\Windows\system32\PSAPI.DLL
0x6cb00000 - 0x6cb0c000 	C:\Program Files\Java\jdk1.7.0_51\jre\bin\verify.dll
0x66120000 - 0x66140000 	C:\Program Files\Java\jdk1.7.0_51\jre\bin\java.dll
0x63960000 - 0x63973000 	C:\Program Files\Java\jdk1.7.0_51\jre\bin\zip.dll
0x77840000 - 0x77983000 	C:\Program Files\Java\jdk1.7.0_51\jre\bin\awt.dll
0x77160000 - 0x771ef000 	C:\Windows\system32\OLEAUT32.dll
0x75b60000 - 0x75cbc000 	C:\Windows\system32\ole32.dll
0x74200000 - 0x74240000 	C:\Windows\system32\uxtheme.dll
0x73e10000 - 0x73e23000 	C:\Windows\system32\dwmapi.dll
0x754a0000 - 0x754ac000 	C:\Windows\system32\CRYPTBASE.dll
0x760d0000 - 0x76d1a000 	C:\Windows\system32\SHELL32.dll
0x62270000 - 0x622a9000 	C:\Program Files\Java\jdk1.7.0_51\jre\bin\fontmanager.dll
0x74fc0000 - 0x74fd6000 	C:\Windows\system32\CRYPTSP.dll
0x74d60000 - 0x74d9b000 	C:\Windows\system32\rsaenh.dll
0x75870000 - 0x75887000 	C:\Windows\system32\USERENV.dll
0x75580000 - 0x7558b000 	C:\Windows\system32\profapi.dll
0x636b0000 - 0x636c4000 	C:\Program Files\Java\jdk1.7.0_51\jre\bin\net.dll
0x74f80000 - 0x74fbc000 	C:\Windows\system32\mswsock.dll
0x74f70000 - 0x74f76000 	C:\Windows\System32\wship6.dll
0x73920000 - 0x73930000 	C:\Windows\system32\NLAapi.dll
0x708f0000 - 0x70900000 	C:\Windows\system32\napinsp.dll
0x708d0000 - 0x708e2000 	C:\Windows\system32\pnrpnsp.dll
0x74e40000 - 0x74e84000 	C:\Windows\system32\DNSAPI.dll
0x708c0000 - 0x708c8000 	C:\Windows\System32\winrnr.dll
0x74ac0000 - 0x74ac5000 	C:\Windows\System32\wshtcpip.dll
0x735c0000 - 0x735dc000 	C:\Windows\system32\IPHLPAPI.DLL
0x73580000 - 0x73587000 	C:\Windows\system32\WINNSI.DLL
0x71480000 - 0x71486000 	C:\Windows\system32\rasadhlp.dll
0x73530000 - 0x73568000 	C:\Windows\System32\fwpuclnt.dll
0x6e5c0000 - 0x6e5cf000 	C:\Program Files\Java\jdk1.7.0_51\jre\bin\nio.dll
0x00620000 - 0x0065d000 	C:\Users\dieutq\AppData\Local\Temp\jna-dieutq\jna2125738448385961471.dll
0x73460000 - 0x73484000 	c:\program files\videolan\vlc\libvlc.dll
0x5c290000 - 0x5c4e1000 	c:\program files\videolan\vlc\libvlccore.dll
0x700b0000 - 0x70273000 	C:\Windows\system32\d3d9.dll
0x74a30000 - 0x74a39000 	C:\Windows\system32\VERSION.dll
0x700a0000 - 0x700a6000 	C:\Windows\system32\d3d8thk.dll
0x650d0000 - 0x65831000 	C:\Windows\system32\nvd3dum.dll
0x743e0000 - 0x74405000 	C:\Windows\system32\powrprof.dll
0x758a0000 - 0x75a3d000 	C:\Windows\system32\SETUPAPI.dll
0x75830000 - 0x75857000 	C:\Windows\system32\CFGMGR32.dll
0x755f0000 - 0x75602000 	C:\Windows\system32\DEVOBJ.dll
0x73430000 - 0x73455000 	C:\Program Files\Java\jdk1.7.0_51\jre\bin\jpeg.dll
0x5a330000 - 0x5a360000 	C:\Program Files\Java\jdk1.7.0_51\jre\bin\t2k.dll
0x75e60000 - 0x75ee3000 	C:\Windows\system32\CLBCatQ.DLL
0x73cb0000 - 0x73de0000 	C:\Windows\system32\WindowsCodecs.dll
0x75450000 - 0x7549c000 	C:\Windows\system32\apphelp.dll
0x6f230000 - 0x6f268000 	C:\Users\dieutq\AppData\Local\Microsoft\SkyDrive\17.3.1166.0618\SkyDriveShell.dll
0x6f100000 - 0x6f185000 	C:\Users\dieutq\AppData\Local\Microsoft\SkyDrive\17.3.1166.0618\MSVCP110.dll
0x6eff0000 - 0x6f0c2000 	C:\Users\dieutq\AppData\Local\Microsoft\SkyDrive\17.3.1166.0618\MSVCR110.dll
0x6ef40000 - 0x6efc5000 	C:\Users\dieutq\AppData\Local\Microsoft\SkyDrive\17.3.1166.0618\Telemetry.dll
0x6ef30000 - 0x6ef3a000 	C:\Users\dieutq\AppData\Local\Microsoft\SkyDrive\17.3.1166.0618\logging.dll
0x6eed0000 - 0x6ef22000 	C:\Windows\system32\faultrep.dll
0x6eeb0000 - 0x6eec5000 	C:\Windows\system32\Cabinet.dll
0x71720000 - 0x71778000 	C:\Windows\system32\WINHTTP.dll
0x716d0000 - 0x7171f000 	C:\Windows\system32\webio.dll
0x73de0000 - 0x73e0f000 	C:\Windows\system32\XmlLite.dll
0x76f20000 - 0x770dd000 	C:\Windows\system32\WININET.dll
0x755e0000 - 0x755e4000 	C:\Windows\system32\api-ms-win-downlevel-user32-l1-1-0.dll
0x755a0000 - 0x755a4000 	C:\Windows\system32\api-ms-win-downlevel-shlwapi-l1-1-0.dll
0x75730000 - 0x75734000 	C:\Windows\system32\api-ms-win-downlevel-version-l1-1-0.dll
0x75890000 - 0x75893000 	C:\Windows\system32\api-ms-win-downlevel-normaliz-l1-1-0.dll
0x760a0000 - 0x760a3000 	C:\Windows\system32\normaliz.DLL
0x772f0000 - 0x77509000 	C:\Windows\system32\iertutil.dll
0x75860000 - 0x75865000 	C:\Windows\system32\api-ms-win-downlevel-advapi32-l1-1-0.dll
0x6e340000 - 0x6e4e8000 	C:\PROGRA~1\MICROS~1\Office15\GROOVEEX.DLL
0x6de30000 - 0x6de99000 	C:\Windows\system32\MSVCP100.dll
0x6de00000 - 0x6de26000 	C:\Windows\system32\ATL100.DLL
0x71490000 - 0x716d0000 	C:\Windows\system32\msi.dll
0x6cc40000 - 0x6d4bb000 	C:\PROGRA~1\MICROS~1\Office15\1033\GrooveIntlResource.dll
0x50000000 - 0x50023000 	C:\Users\dieutq\AppData\Roaming\Dropbox\bin\DropboxExt.24.dll
0x6ed70000 - 0x6ee5b000 	C:\Windows\system32\dbghelp.dll
0x6d870000 - 0x6d8fe000 	C:\Windows\WinSxS\x86_microsoft.vc90.crt_1fc8b3b9a1e18e3b_9.0.30729.6161_none_50934f2ebcb7eb57\MSVCP90.dll
0x72b50000 - 0x72bf3000 	C:\Windows\WinSxS\x86_microsoft.vc90.crt_1fc8b3b9a1e18e3b_9.0.30729.6161_none_50934f2ebcb7eb57\MSVCR90.dll
0x6d810000 - 0x6d841000 	C:\Windows\system32\EhStorShell.dll
0x740c0000 - 0x741b5000 	C:\Windows\system32\PROPSYS.dll
0x6d5e0000 - 0x6d64a000 	C:\Windows\System32\cscui.dll
0x6d800000 - 0x6d809000 	C:\Windows\System32\CSCDLL.dll
0x70c90000 - 0x70c9b000 	C:\Windows\system32\CSCAPI.dll
0x48f20000 - 0x48f74000 	C:\Users\dieutq\AppData\Local\Lingoes\Translator\lingoes-us\OpenText32.dll
0x70a50000 - 0x70a8c000 	C:\Windows\system32\OLEACC.dll
0x47f30000 - 0x47f38000 	C:\Program Files\Internet Download Manager\idmmkb.dll
0x48120000 - 0x48144000 	C:\Program Files\Java\jdk1.7.0_51\jre\bin\dcpr.dll
0x70660000 - 0x706e4000 	C:\Windows\WinSxS\x86_microsoft.windows.common-controls_6595b64144ccf1df_5.82.7601.18201_none_ec80f00e8593ece5\comctl32.dll
0x74630000 - 0x74651000 	C:\Windows\system32\ntmarta.dll
0x75dc0000 - 0x75e05000 	C:\Windows\system32\WLDAP32.dll
0x6c8a0000 - 0x6ca38000 	C:\Windows\system32\NetworkExplorer.dll
0x6d7c0000 - 0x6d7ef000 	C:\Windows\System32\shdocvw.dll
0x736b0000 - 0x736ba000 	C:\Windows\system32\slc.dll
0x6f8d0000 - 0x6f8e2000 	C:\Windows\system32\MPR.dll
0x6ee60000 - 0x6ee68000 	C:\Windows\System32\drprov.dll
0x74d30000 - 0x74d59000 	C:\Windows\System32\WINSTA.dll
0x6e570000 - 0x6e584000 	C:\Windows\System32\ntlanman.dll
0x6e550000 - 0x6e567000 	C:\Windows\System32\davclnt.dll
0x6e540000 - 0x6e548000 	C:\Windows\System32\DAVHLPR.dll
0x73b70000 - 0x73b7f000 	C:\Windows\system32\wkscli.dll
0x73b80000 - 0x73b89000 	C:\Windows\system32\netutils.dll
0x5c050000 - 0x5c288000 	C:\Windows\system32\wpdshext.dll
0x73f30000 - 0x740c0000 	C:\Windows\WinSxS\x86_microsoft.windows.gdiplus_6595b64144ccf1df_1.1.7601.18455_none_72d576ad8665e853\gdiplus.dll
0x66bf0000 - 0x66c79000 	C:\Windows\system32\PortableDeviceApi.dll
0x755b0000 - 0x755de000 	C:\Windows\system32\WINTRUST.dll
0x75610000 - 0x75730000 	C:\Windows\system32\CRYPT32.dll
0x75590000 - 0x7559c000 	C:\Windows\system32\MSASN1.dll
0x66780000 - 0x667ab000 	C:\Windows\system32\PortableDeviceTypes.dll
0x73340000 - 0x7337f000 	C:\Windows\system32\audiodev.dll
0x64e20000 - 0x65087000 	C:\Windows\system32\WMVCore.DLL
0x64dd0000 - 0x64e0d000 	C:\Windows\system32\WMASF.DLL

VM Arguments:
jvm_args: -Dfile.encoding=UTF-8 -Xmx1024m 
java_command: movieannot.Process.Play
Launcher Type: SUN_STANDARD

Environment Variables:
JAVA_HOME=C:\Program Files\Java\jdk1.7.0_51
PATH=C:\Windows\system32;C:\Windows;C:\Windows\System32\Wbem;C:\Windows\System32\WindowsPowerShell\v1.0\;C:\Java\jdk1.7.0\bin;C:\opencv\build\x86\vc10\bin;C:\Program Files\Microsoft SQL Server\100\Tools\Binn\;C:\Program Files\Microsoft SQL Server\100\DTS\Binn\;C:\Program Files\MiKTeX 2.9\miktex\bin\;C:\EmguCV\bin
USERNAME=dieutq
OS=Windows_NT
PROCESSOR_IDENTIFIER=x86 Family 6 Model 30 Stepping 5, GenuineIntel



---------------  S Y S T E M  ---------------

OS: Windows 7 Build 7601 Service Pack 1

CPU:total 4 (4 cores per cpu, 1 threads per core) family 6 model 30 stepping 5, cmov, cx8, fxsr, mmx, sse, sse2, sse3, ssse3, sse4.1, sse4.2, popcnt, tsc, tscinvbit

Memory: 4k page, physical 3136880k(172056k free), swap 6452232k(501488k free)

vm_info: Java HotSpot(TM) Client VM (24.51-b03) for windows-x86 JRE (1.7.0_51-b13), built on Dec 18 2013 19:09:58 by "java_re" with unknown MS VC++:1600

time: Sat Jul 26 16:38:06 2014
elapsed time: 2981 seconds

