#
# A fatal error has been detected by the Java Runtime Environment:
#
#  EXCEPTION_ACCESS_VIOLATION (0xc0000005) at pc=0x53c6ace9, pid=3248, tid=6524
#
# JRE version: Java(TM) SE Runtime Environment (7.0_51-b13) (build 1.7.0_51-b13)
# Java VM: Java HotSpot(TM) Client VM (24.51-b03 mixed mode windows-x86 )
# Problematic frame:
# C  [nvd3dum.dll+0x30ace9]
#
# Failed to write core dump. Minidumps are not enabled by default on client versions of Windows
#
# If you would like to submit a bug report, please visit:
#   http://bugreport.sun.com/bugreport/crash.jsp
# The crash happened outside the Java Virtual Machine in native code.
# See problematic frame for where to report the bug.
#

---------------  T H R E A D  ---------------

Current thread (0x47d66800):  JavaThread "AWT-Windows" daemon [_thread_in_native, id=6524, stack(0x486e0000,0x48730000)]

siginfo: ExceptionCode=0xc0000005, reading address 0x00000000

Registers:
EAX=0x00000000, EBX=0x0000001d, ECX=0x0007af80, EDX=0x0007b320
ESP=0x4872e678, EBP=0x4872ea30, ESI=0x4bd644c0, EDI=0x4b2324c0
EIP=0x53c6ace9, EFLAGS=0x00010246

Top of Stack: (sp=0x4872e678)
0x4872e678:   0000001d 4b2324c0 00000020 4bd644c0
0x4872e688:   00000000 77a2af80 00010001 0000001d
0x4872e698:   00000000 00000020 00000000 002e6178
0x4872e6a8:   0000007c 00000000 00000000 582e6378
0x4872e6b8:   49cc6720 00000000 0000001d 00000020
0x4872e6c8:   4b1c6348 4b2324c0 00000000 0000003f
0x4872e6d8:   0007af80 000003a0 00000000 00007ffe
0x4872e6e8:   00000000 00000000 00000000 00000000 

Instructions: (pc=0x53c6ace9)
0x53c6acc9:   44 24 50 89 50 08 c7 40 0c 00 00 00 00 f6 84 24
0x53c6acd9:   10 02 00 00 08 8b 44 24 28 89 84 24 f8 00 00 00
0x53c6ace9:   8b 10 89 94 24 14 01 00 00 74 10 8b 8c 24 0c 01
0x53c6acf9:   00 00 b8 01 00 00 00 d3 e0 eb 07 8b 84 24 0c 01 


Register to memory mapping:

EAX=0x00000000 is an unknown value
EBX=0x0000001d is an unknown value
ECX=0x0007af80 is an unknown value
EDX=0x0007b320 is an unknown value
ESP=0x4872e678 is pointing into the stack for thread: 0x47d66800
EBP=0x4872ea30 is pointing into the stack for thread: 0x47d66800
ESI=0x4bd644c0 is an unknown value
EDI=0x4b2324c0 is an unknown value


Stack: [0x486e0000,0x48730000],  sp=0x4872e678,  free space=313k
Native frames: (J=compiled Java code, j=interpreted, Vv=VM code, C=native code)
C  [nvd3dum.dll+0x30ace9]
C  [nvd3dum.dll+0x2ffeb2]
C  [nvd3dum.dll+0x3000d7]
C  [nvd3dum.dll+0x39a52b]
C  [nvd3dum.dll+0x2830e3]
C  [d3d9.dll+0x117ccd]
C  [d3d9.dll+0x11952a]
C  [d3d9.dll+0xb0f74]
C  [d3d9.dll+0x6aee7]
C  [d3d9.dll+0x362e2]
C  [d3d9.dll+0x36ad4]

Java frames: (J=compiled Java code, j=interpreted, Vv=VM code)
j  sun.awt.windows.WToolkit.eventLoop()V+0
j  sun.awt.windows.WToolkit.run()V+49
j  java.lang.Thread.run()V+11
v  ~StubRoutines::call_stub

---------------  P R O C E S S  ---------------

Java Threads: ( => current thread )
  0x4e431c00 JavaThread "pool-2-thread-1" [_thread_blocked, id=6476, stack(0x4e360000,0x4e3b0000)]
  0x4e44a400 JavaThread "prefuse_ActivityManager" daemon [_thread_in_Java, id=6968, stack(0x4d810000,0x4d860000)]
  0x4844c400 JavaThread "Swing-Shell" daemon [_thread_blocked, id=5248, stack(0x4e170000,0x4e1c0000)]
  0x47c5dc00 JavaThread "D3D Screen Updater" daemon [_thread_blocked, id=5920, stack(0x4cd50000,0x4cda0000)]
  0x48381c00 JavaThread "TimerQueue" daemon [_thread_blocked, id=7936, stack(0x4bf80000,0x4bfd0000)]
  0x010ebc00 JavaThread "DestroyJavaVM" [_thread_blocked, id=2792, stack(0x01810000,0x01860000)]
  0x482a6400 JavaThread "AWT-EventQueue-0" [_thread_in_native, id=7784, stack(0x49a90000,0x49ae0000)]
=>0x47d66800 JavaThread "AWT-Windows" daemon [_thread_in_native, id=6524, stack(0x486e0000,0x48730000)]
  0x47d66000 JavaThread "AWT-Shutdown" [_thread_blocked, id=7404, stack(0x48620000,0x48670000)]
  0x47d08800 JavaThread "Java2D Disposer" daemon [_thread_blocked, id=8124, stack(0x48780000,0x487d0000)]
  0x47c3a800 JavaThread "Service Thread" daemon [_thread_blocked, id=6528, stack(0x47f30000,0x47f80000)]
  0x47c36800 JavaThread "C1 CompilerThread0" daemon [_thread_blocked, id=3092, stack(0x01750000,0x017a0000)]
  0x47c35000 JavaThread "Attach Listener" daemon [_thread_blocked, id=2632, stack(0x48130000,0x48180000)]
  0x47c32000 JavaThread "Signal Dispatcher" daemon [_thread_blocked, id=5280, stack(0x48020000,0x48070000)]
  0x47c07000 JavaThread "Finalizer" daemon [_thread_blocked, id=6660, stack(0x47fa0000,0x47ff0000)]
  0x47c00c00 JavaThread "Reference Handler" daemon [_thread_blocked, id=3772, stack(0x47ec0000,0x47f10000)]

Other Threads:
  0x47bff000 VMThread [stack: 0x47e20000,0x47e70000] [id=5116]
  0x47c60c00 WatcherThread [stack: 0x481c0000,0x48210000] [id=6228]

VM state:not at safepoint (normal execution)

VM Mutex/Monitor currently owned by a thread: None

Heap
 def new generation   total 262208K, used 202487K [0x03860000, 0x154e0000, 0x18db0000)
  eden space 233088K,  85% used [0x03860000, 0x0fb07790, 0x11c00000)
  from space 29120K,  10% used [0x11c00000, 0x11f166f0, 0x13870000)
  to   space 29120K,   0% used [0x13870000, 0x13870000, 0x154e0000)
 tenured generation   total 582560K, used 546824K [0x18db0000, 0x3c698000, 0x43860000)
   the space 582560K,  93% used [0x18db0000, 0x3a3b2280, 0x3a3b2400, 0x3c698000)
 compacting perm gen  total 12288K, used 12061K [0x43860000, 0x44460000, 0x47860000)
   the space 12288K,  98% used [0x43860000, 0x44427710, 0x44427800, 0x44460000)
No shared spaces configured.

Card table byte_map: [0x47860000,0x47a90000] byte_map_base: 0x47843d00

Polling page: 0x00270000

Code Cache  [0x01860000, 0x01e40000, 0x03860000)
 total_blobs=3653 nmethods=3360 adapters=225 free_code_cache=26768Kb largest_free_block=27410368

Compilation events (10 events):
Event: 3108.795 Thread 0x47c36800 3362             java.util.StringTokenizer::setMaxDelimCodePoint (156 bytes)
Event: 3108.795 Thread 0x47c36800 nmethod 3362 0x01e39f08 code [0x01e3a040, 0x01e3a384]
Event: 3110.614 Thread 0x47c36800 3363             java.awt.image.DirectColorModel::<init> (37 bytes)
Event: 3110.614 Thread 0x47c36800 nmethod 3363 0x01e3a708 code [0x01e3a820, 0x01e3a984]
Event: 3130.216 Thread 0x47c36800 3364             sun.java2d.SurfaceDataProxy$CountdownTracker::<init> (10 bytes)
Event: 3130.217 Thread 0x47c36800 nmethod 3364 0x01e3aa48 code [0x01e3ab40, 0x01e3abc0]
Event: 3146.897 Thread 0x47c36800 3365             sun.java2d.InvalidPipeException::<init> (6 bytes)
Event: 3146.897 Thread 0x47c36800 nmethod 3365 0x01e3ac08 code [0x01e3ad00, 0x01e3ad8c]
Event: 3479.993 Thread 0x47c36800 3366             movieannot.Process.Play::RefreshRelation (182 bytes)
Event: 3479.993 Thread 0x47c36800 nmethod 3366 0x01e3ae48 code [0x01e3b070, 0x01e3b6a8]

GC Heap History (10 events):
Event: 3717.071 GC heap before
{Heap before GC invocations=1734 (full 10):
 def new generation   total 262208K, used 238724K [0x03860000, 0x154e0000, 0x18db0000)
  eden space 233088K, 100% used [0x03860000, 0x11c00000, 0x11c00000)
  from space 29120K,  19% used [0x13870000, 0x13df1060, 0x154e0000)
  to   space 29120K,   0% used [0x11c00000, 0x11c00000, 0x13870000)
 tenured generation   total 582560K, used 543730K [0x18db0000, 0x3c698000, 0x43860000)
   the space 582560K,  93% used [0x18db0000, 0x3a0aca48, 0x3a0acc00, 0x3c698000)
 compacting perm gen  total 12288K, used 12061K [0x43860000, 0x44460000, 0x47860000)
   the space 12288K,  98% used [0x43860000, 0x44427710, 0x44427800, 0x44460000)
No shared spaces configured.
Event: 3717.088 GC heap after
Heap after GC invocations=1735 (full 10):
 def new generation   total 262208K, used 4406K [0x03860000, 0x154e0000, 0x18db0000)
  eden space 233088K,   0% used [0x03860000, 0x03860000, 0x11c00000)
  from space 29120K,  15% used [0x11c00000, 0x1204d868, 0x13870000)
  to   space 29120K,   0% used [0x13870000, 0x13870000, 0x154e0000)
 tenured generation   total 582560K, used 545082K [0x18db0000, 0x3c698000, 0x43860000)
   the space 582560K,  93% used [0x18db0000, 0x3a1fe8d0, 0x3a1fea00, 0x3c698000)
 compacting perm gen  total 12288K, used 12061K [0x43860000, 0x44460000, 0x47860000)
   the space 12288K,  98% used [0x43860000, 0x44427710, 0x44427800, 0x44460000)
No shared spaces configured.
}
Event: 3719.233 GC heap before
{Heap before GC invocations=1735 (full 10):
 def new generation   total 262208K, used 237494K [0x03860000, 0x154e0000, 0x18db0000)
  eden space 233088K, 100% used [0x03860000, 0x11c00000, 0x11c00000)
  from space 29120K,  15% used [0x11c00000, 0x1204d868, 0x13870000)
  to   space 29120K,   0% used [0x13870000, 0x13870000, 0x154e0000)
 tenured generation   total 582560K, used 545082K [0x18db0000, 0x3c698000, 0x43860000)
   the space 582560K,  93% used [0x18db0000, 0x3a1fe8d0, 0x3a1fea00, 0x3c698000)
 compacting perm gen  total 12288K, used 12061K [0x43860000, 0x44460000, 0x47860000)
   the space 12288K,  98% used [0x43860000, 0x44427710, 0x44427800, 0x44460000)
No shared spaces configured.
Event: 3719.247 GC heap after
Heap after GC invocations=1736 (full 10):
 def new generation   total 262208K, used 4390K [0x03860000, 0x154e0000, 0x18db0000)
  eden space 233088K,   0% used [0x03860000, 0x03860000, 0x11c00000)
  from space 29120K,  15% used [0x13870000, 0x13cb9ac0, 0x154e0000)
  to   space 29120K,   0% used [0x11c00000, 0x11c00000, 0x13870000)
 tenured generation   total 582560K, used 545217K [0x18db0000, 0x3c698000, 0x43860000)
   the space 582560K,  93% used [0x18db0000, 0x3a2206d0, 0x3a220800, 0x3c698000)
 compacting perm gen  total 12288K, used 12061K [0x43860000, 0x44460000, 0x47860000)
   the space 12288K,  98% used [0x43860000, 0x44427710, 0x44427800, 0x44460000)
No shared spaces configured.
}
Event: 3721.422 GC heap before
{Heap before GC invocations=1736 (full 10):
 def new generation   total 262208K, used 237478K [0x03860000, 0x154e0000, 0x18db0000)
  eden space 233088K, 100% used [0x03860000, 0x11c00000, 0x11c00000)
  from space 29120K,  15% used [0x13870000, 0x13cb9ac0, 0x154e0000)
  to   space 29120K,   0% used [0x11c00000, 0x11c00000, 0x13870000)
 tenured generation   total 582560K, used 545217K [0x18db0000, 0x3c698000, 0x43860000)
   the space 582560K,  93% used [0x18db0000, 0x3a2206d0, 0x3a220800, 0x3c698000)
 compacting perm gen  total 12288K, used 12061K [0x43860000, 0x44460000, 0x47860000)
   the space 12288K,  98% used [0x43860000, 0x44427710, 0x44427800, 0x44460000)
No shared spaces configured.
Event: 3721.442 GC heap after
Heap after GC invocations=1737 (full 10):
 def new generation   total 262208K, used 3161K [0x03860000, 0x154e0000, 0x18db0000)
  eden space 233088K,   0% used [0x03860000, 0x03860000, 0x11c00000)
  from space 29120K,  10% used [0x11c00000, 0x11f16540, 0x13870000)
  to   space 29120K,   0% used [0x13870000, 0x13870000, 0x154e0000)
 tenured generation   total 582560K, used 546573K [0x18db0000, 0x3c698000, 0x43860000)
   the space 582560K,  93% used [0x18db0000, 0x3a3737b0, 0x3a373800, 0x3c698000)
 compacting perm gen  total 12288K, used 12061K [0x43860000, 0x44460000, 0x47860000)
   the space 12288K,  98% used [0x43860000, 0x44427710, 0x44427800, 0x44460000)
No shared spaces configured.
}
Event: 3723.653 GC heap before
{Heap before GC invocations=1737 (full 10):
 def new generation   total 262208K, used 236249K [0x03860000, 0x154e0000, 0x18db0000)
  eden space 233088K, 100% used [0x03860000, 0x11c00000, 0x11c00000)
  from space 29120K,  10% used [0x11c00000, 0x11f16540, 0x13870000)
  to   space 29120K,   0% used [0x13870000, 0x13870000, 0x154e0000)
 tenured generation   total 582560K, used 546573K [0x18db0000, 0x3c698000, 0x43860000)
   the space 582560K,  93% used [0x18db0000, 0x3a3737b0, 0x3a373800, 0x3c698000)
 compacting perm gen  total 12288K, used 12061K [0x43860000, 0x44460000, 0x47860000)
   the space 12288K,  98% used [0x43860000, 0x44427710, 0x44427800, 0x44460000)
No shared spaces configured.
Event: 3723.667 GC heap after
Heap after GC invocations=1738 (full 10):
 def new generation   total 262208K, used 3164K [0x03860000, 0x154e0000, 0x18db0000)
  eden space 233088K,   0% used [0x03860000, 0x03860000, 0x11c00000)
  from space 29120K,  10% used [0x13870000, 0x13b87080, 0x154e0000)
  to   space 29120K,   0% used [0x11c00000, 0x11c00000, 0x13870000)
 tenured generation   total 582560K, used 546700K [0x18db0000, 0x3c698000, 0x43860000)
   the space 582560K,  93% used [0x18db0000, 0x3a393190, 0x3a393200, 0x3c698000)
 compacting perm gen  total 12288K, used 12061K [0x43860000, 0x44460000, 0x47860000)
   the space 12288K,  98% used [0x43860000, 0x44427710, 0x44427800, 0x44460000)
No shared spaces configured.
}
Event: 3725.993 GC heap before
{Heap before GC invocations=1738 (full 10):
 def new generation   total 262208K, used 236252K [0x03860000, 0x154e0000, 0x18db0000)
  eden space 233088K, 100% used [0x03860000, 0x11c00000, 0x11c00000)
  from space 29120K,  10% used [0x13870000, 0x13b87080, 0x154e0000)
  to   space 29120K,   0% used [0x11c00000, 0x11c00000, 0x13870000)
 tenured generation   total 582560K, used 546700K [0x18db0000, 0x3c698000, 0x43860000)
   the space 582560K,  93% used [0x18db0000, 0x3a393190, 0x3a393200, 0x3c698000)
 compacting perm gen  total 12288K, used 12061K [0x43860000, 0x44460000, 0x47860000)
   the space 12288K,  98% used [0x43860000, 0x44427710, 0x44427800, 0x44460000)
No shared spaces configured.
Event: 3726.007 GC heap after
Heap after GC invocations=1739 (full 10):
 def new generation   total 262208K, used 3161K [0x03860000, 0x154e0000, 0x18db0000)
  eden space 233088K,   0% used [0x03860000, 0x03860000, 0x11c00000)
  from space 29120K,  10% used [0x11c00000, 0x11f166f0, 0x13870000)
  to   space 29120K,   0% used [0x13870000, 0x13870000, 0x154e0000)
 tenured generation   total 582560K, used 546824K [0x18db0000, 0x3c698000, 0x43860000)
   the space 582560K,  93% used [0x18db0000, 0x3a3b2280, 0x3a3b2400, 0x3c698000)
 compacting perm gen  total 12288K, used 12061K [0x43860000, 0x44460000, 0x47860000)
   the space 12288K,  98% used [0x43860000, 0x44427710, 0x44427800, 0x44460000)
No shared spaces configured.
}

Deoptimization events (0 events):
No events

Internal exceptions (10 events):
Event: 3696.128 Thread 0x482a6400 Threw 0x0b5b4000 at C:\re\jdk7u51\527\hotspot\src\share\vm\runtime\sharedRuntime.cpp:591
Event: 3696.128 Thread 0x482a6400 Threw 0x0b5b4848 at C:\re\jdk7u51\527\hotspot\src\share\vm\runtime\sharedRuntime.cpp:591
Event: 3696.129 Thread 0x482a6400 Threw 0x0b5ba2a0 at C:\re\jdk7u51\527\hotspot\src\share\vm\runtime\sharedRuntime.cpp:591
Event: 3696.129 Thread 0x482a6400 Threw 0x0b5ba9d0 at C:\re\jdk7u51\527\hotspot\src\share\vm\runtime\sharedRuntime.cpp:591
Event: 3696.129 Thread 0x482a6400 Threw 0x0b5bb0f0 at C:\re\jdk7u51\527\hotspot\src\share\vm\runtime\sharedRuntime.cpp:591
Event: 3696.129 Thread 0x482a6400 Threw 0x0b5bb810 at C:\re\jdk7u51\527\hotspot\src\share\vm\runtime\sharedRuntime.cpp:591
Event: 3696.129 Thread 0x482a6400 Threw 0x0b5bfb68 at C:\re\jdk7u51\527\hotspot\src\share\vm\runtime\sharedRuntime.cpp:591
Event: 3696.129 Thread 0x482a6400 Threw 0x0b5c0220 at C:\re\jdk7u51\527\hotspot\src\share\vm\runtime\sharedRuntime.cpp:591
Event: 3696.129 Thread 0x482a6400 Threw 0x0b5c08c8 at C:\re\jdk7u51\527\hotspot\src\share\vm\runtime\sharedRuntime.cpp:591
Event: 3696.129 Thread 0x482a6400 Threw 0x0b5c0f70 at C:\re\jdk7u51\527\hotspot\src\share\vm\runtime\sharedRuntime.cpp:591

Events (10 events):
Event: 3717.071 Executing VM operation: GenCollectForAllocation
Event: 3717.088 Executing VM operation: GenCollectForAllocation done
Event: 3719.233 Executing VM operation: GenCollectForAllocation
Event: 3719.247 Executing VM operation: GenCollectForAllocation done
Event: 3721.422 Executing VM operation: GenCollectForAllocation
Event: 3721.442 Executing VM operation: GenCollectForAllocation done
Event: 3723.652 Executing VM operation: GenCollectForAllocation
Event: 3723.667 Executing VM operation: GenCollectForAllocation done
Event: 3725.993 Executing VM operation: GenCollectForAllocation
Event: 3726.007 Executing VM operation: GenCollectForAllocation done


Dynamic libraries:
0x01300000 - 0x0132f000 	C:\Program Files\Java\jdk1.7.0_51\bin\java.exe
0x77650000 - 0x7778c000 	C:\Windows\SYSTEM32\ntdll.dll
0x75c60000 - 0x75d34000 	C:\Windows\system32\kernel32.dll
0x75860000 - 0x758ab000 	C:\Windows\system32\KERNELBASE.dll
0x76e70000 - 0x76f10000 	C:\Windows\system32\ADVAPI32.dll
0x76fa0000 - 0x7704c000 	C:\Windows\system32\msvcrt.dll
0x75ad0000 - 0x75ae9000 	C:\Windows\SYSTEM32\sechost.dll
0x75b10000 - 0x75bb2000 	C:\Windows\system32\RPCRT4.dll
0x75a00000 - 0x75ac9000 	C:\Windows\system32\USER32.dll
0x76e10000 - 0x76e5e000 	C:\Windows\system32\GDI32.dll
0x76cf0000 - 0x76cfa000 	C:\Windows\system32\LPK.dll
0x777d0000 - 0x7786d000 	C:\Windows\system32\USP10.dll
0x745f0000 - 0x7478e000 	C:\Windows\WinSxS\x86_microsoft.windows.common-controls_6595b64144ccf1df_6.0.7601.17514_none_41e6975e2bd6f2b2\COMCTL32.dll
0x76db0000 - 0x76e07000 	C:\Windows\system32\SHLWAPI.dll
0x75af0000 - 0x75b0f000 	C:\Windows\system32\IMM32.DLL
0x77050000 - 0x7711c000 	C:\Windows\system32\MSCTF.dll
0x632e0000 - 0x6339f000 	C:\Program Files\Java\jdk1.7.0_51\jre\bin\msvcr100.dll
0x5ba60000 - 0x5bde0000 	C:\Program Files\Java\jdk1.7.0_51\jre\bin\client\jvm.dll
0x706c0000 - 0x706c7000 	C:\Windows\system32\WSOCK32.dll
0x77790000 - 0x777c5000 	C:\Windows\system32\WS2_32.dll
0x75bc0000 - 0x75bc6000 	C:\Windows\system32\NSI.dll
0x73ab0000 - 0x73ae2000 	C:\Windows\system32\WINMM.dll
0x76e60000 - 0x76e65000 	C:\Windows\system32\PSAPI.DLL
0x745e0000 - 0x745ec000 	C:\Program Files\Java\jdk1.7.0_51\jre\bin\verify.dll
0x74260000 - 0x74280000 	C:\Program Files\Java\jdk1.7.0_51\jre\bin\java.dll
0x722f0000 - 0x72303000 	C:\Program Files\Java\jdk1.7.0_51\jre\bin\zip.dll
0x62a70000 - 0x62bb3000 	C:\Program Files\Java\jdk1.7.0_51\jre\bin\awt.dll
0x76f10000 - 0x76f9f000 	C:\Windows\system32\OLEAUT32.dll
0x774f0000 - 0x7764c000 	C:\Windows\system32\ole32.dll
0x74280000 - 0x742c0000 	C:\Windows\system32\uxtheme.dll
0x73f70000 - 0x73f83000 	C:\Windows\system32\dwmapi.dll
0x755f0000 - 0x755fc000 	C:\Windows\system32\CRYPTBASE.dll
0x75d40000 - 0x7698a000 	C:\Windows\system32\SHELL32.dll
0x6f4d0000 - 0x6f509000 	C:\Program Files\Java\jdk1.7.0_51\jre\bin\fontmanager.dll
0x75110000 - 0x75126000 	C:\Windows\system32\CRYPTSP.dll
0x74eb0000 - 0x74eeb000 	C:\Windows\system32\rsaenh.dll
0x74cc0000 - 0x74cd7000 	C:\Windows\system32\USERENV.dll
0x75670000 - 0x7567b000 	C:\Windows\system32\profapi.dll
0x73710000 - 0x73724000 	C:\Program Files\Java\jdk1.7.0_51\jre\bin\net.dll
0x750d0000 - 0x7510c000 	C:\Windows\system32\mswsock.dll
0x750c0000 - 0x750c6000 	C:\Windows\System32\wship6.dll
0x73dd0000 - 0x73de0000 	C:\Windows\system32\NLAapi.dll
0x70670000 - 0x70680000 	C:\Windows\system32\napinsp.dll
0x70650000 - 0x70662000 	C:\Windows\system32\pnrpnsp.dll
0x74f90000 - 0x74fd4000 	C:\Windows\system32\DNSAPI.dll
0x70620000 - 0x70628000 	C:\Windows\System32\winrnr.dll
0x74bf0000 - 0x74bf5000 	C:\Windows\System32\wshtcpip.dll
0x73910000 - 0x7392c000 	C:\Windows\system32\IPHLPAPI.DLL
0x738d0000 - 0x738d7000 	C:\Windows\system32\WINNSI.DLL
0x70d50000 - 0x70d56000 	C:\Windows\system32\rasadhlp.dll
0x73830000 - 0x73868000 	C:\Windows\System32\fwpuclnt.dll
0x745d0000 - 0x745df000 	C:\Program Files\Java\jdk1.7.0_51\jre\bin\nio.dll
0x47e70000 - 0x47ead000 	C:\Users\dieutq\AppData\Local\Temp\jna-dieutq\jna29229620888154391.dll
0x66b80000 - 0x66ba4000 	c:\program files\videolan\vlc\libvlc.dll
0x5eac0000 - 0x5ed11000 	c:\program files\videolan\vlc\libvlccore.dll
0x6ffd0000 - 0x70193000 	C:\Windows\system32\d3d9.dll
0x74b60000 - 0x74b69000 	C:\Windows\system32\VERSION.dll
0x701a0000 - 0x701a6000 	C:\Windows\system32\d3d8thk.dll
0x53960000 - 0x540c1000 	C:\Windows\system32\nvd3dum.dll
0x74520000 - 0x74545000 	C:\Windows\system32\powrprof.dll
0x76990000 - 0x76b2d000 	C:\Windows\system32\SETUPAPI.dll
0x75700000 - 0x75727000 	C:\Windows\system32\CFGMGR32.dll
0x758f0000 - 0x75902000 	C:\Windows\system32\DEVOBJ.dll
0x6adc0000 - 0x6ade5000 	C:\Program Files\Java\jdk1.7.0_51\jre\bin\jpeg.dll
0x6f450000 - 0x6f480000 	C:\Program Files\Java\jdk1.7.0_51\jre\bin\t2k.dll
0x75bd0000 - 0x75c53000 	C:\Windows\system32\CLBCatQ.DLL
0x73af0000 - 0x73c20000 	C:\Windows\system32\WindowsCodecs.dll
0x755a0000 - 0x755ec000 	C:\Windows\system32\apphelp.dll
0x6e7a0000 - 0x6e7d6000 	C:\Users\dieutq\AppData\Local\Microsoft\SkyDrive\17.0.4041.0512\SkyDriveShell.dll
0x6e710000 - 0x6e795000 	C:\Users\dieutq\AppData\Local\Microsoft\SkyDrive\17.0.4041.0512\MSVCP110.dll
0x6e630000 - 0x6e702000 	C:\Users\dieutq\AppData\Local\Microsoft\SkyDrive\17.0.4041.0512\MSVCR110.dll
0x6e5a0000 - 0x6e627000 	C:\Users\dieutq\AppData\Local\Microsoft\SkyDrive\17.0.4041.0512\Telemetry.dll
0x6e590000 - 0x6e59a000 	C:\Users\dieutq\AppData\Local\Microsoft\SkyDrive\17.0.4041.0512\logging.dll
0x6e530000 - 0x6e582000 	C:\Windows\system32\faultrep.dll
0x6ec60000 - 0x6ec75000 	C:\Windows\system32\Cabinet.dll
0x71a50000 - 0x71aa8000 	C:\Windows\system32\WINHTTP.dll
0x71870000 - 0x718bf000 	C:\Windows\system32\webio.dll
0x73f40000 - 0x73f6f000 	C:\Windows\system32\XmlLite.dll
0x76b30000 - 0x76ced000 	C:\Windows\system32\WININET.dll
0x75850000 - 0x75854000 	C:\Windows\system32\api-ms-win-downlevel-user32-l1-1-0.dll
0x759c0000 - 0x759c4000 	C:\Windows\system32\api-ms-win-downlevel-shlwapi-l1-1-0.dll
0x759b0000 - 0x759b4000 	C:\Windows\system32\api-ms-win-downlevel-version-l1-1-0.dll
0x758b0000 - 0x758b3000 	C:\Windows\system32\api-ms-win-downlevel-normaliz-l1-1-0.dll
0x77870000 - 0x77873000 	C:\Windows\system32\normaliz.DLL
0x772d0000 - 0x774e9000 	C:\Windows\system32\iertutil.dll
0x75910000 - 0x75915000 	C:\Windows\system32\api-ms-win-downlevel-advapi32-l1-1-0.dll
0x6e050000 - 0x6e1f7000 	C:\PROGRA~1\MICROS~1\Office15\GROOVEEX.DLL
0x6eb30000 - 0x6eb99000 	C:\Windows\system32\MSVCP100.dll
0x6eac0000 - 0x6eae6000 	C:\Windows\system32\ATL100.DLL
0x71580000 - 0x717c0000 	C:\Windows\system32\msi.dll
0x6d2d0000 - 0x6db4b000 	C:\PROGRA~1\MICROS~1\Office15\1033\GrooveIntlResource.dll
0x6ea90000 - 0x6eab2000 	C:\Users\dieutq\AppData\Roaming\Dropbox\bin\DropboxExt.22.dll
0x70f00000 - 0x70feb000 	C:\Windows\system32\dbghelp.dll
0x70ff0000 - 0x7107e000 	C:\Windows\WinSxS\x86_microsoft.vc90.crt_1fc8b3b9a1e18e3b_9.0.30729.6161_none_50934f2ebcb7eb57\MSVCP90.dll
0x71080000 - 0x71123000 	C:\Windows\WinSxS\x86_microsoft.vc90.crt_1fc8b3b9a1e18e3b_9.0.30729.6161_none_50934f2ebcb7eb57\MSVCR90.dll
0x6ea50000 - 0x6ea81000 	C:\Windows\system32\EhStorShell.dll
0x742d0000 - 0x743c5000 	C:\Windows\system32\PROPSYS.dll
0x6f0e0000 - 0x6f0e7000 	C:\Program Files\Internet Download Manager\IDMShellExt.dll
0x6e9b0000 - 0x6ea1a000 	C:\Windows\System32\cscui.dll
0x6e9a0000 - 0x6e9a9000 	C:\Windows\System32\CSCDLL.dll
0x70a70000 - 0x70a7b000 	C:\Windows\system32\CSCAPI.dll
0x6f420000 - 0x6f444000 	C:\Program Files\Java\jdk1.7.0_51\jre\bin\dcpr.dll
0x49d50000 - 0x49d96000 	E:\Unikey\UKHook40.dll
0x4bbf0000 - 0x4bc44000 	C:\Users\dieutq\AppData\Local\Lingoes\Translator\lingoes-us\OpenText32.dll
0x70800000 - 0x7083c000 	C:\Windows\system32\OLEACC.dll
0x49840000 - 0x49848000 	C:\Program Files\Internet Download Manager\idmmkb.dll
0x6fc70000 - 0x6fcf4000 	C:\Windows\WinSxS\x86_microsoft.windows.common-controls_6595b64144ccf1df_5.82.7601.18201_none_ec80f00e8593ece5\comctl32.dll
0x73f10000 - 0x73f31000 	C:\Windows\system32\ntmarta.dll
0x76d60000 - 0x76da5000 	C:\Windows\system32\WLDAP32.dll
0x6b660000 - 0x6b7f8000 	C:\Windows\system32\NetworkExplorer.dll
0x6e960000 - 0x6e98f000 	C:\Windows\System32\shdocvw.dll
0x739f0000 - 0x739fa000 	C:\Windows\system32\slc.dll
0x70490000 - 0x704a2000 	C:\Windows\system32\MPR.dll
0x72330000 - 0x72338000 	C:\Windows\System32\drprov.dll
0x74e40000 - 0x74e69000 	C:\Windows\System32\WINSTA.dll
0x72310000 - 0x72324000 	C:\Windows\System32\ntlanman.dll
0x66740000 - 0x66757000 	C:\Windows\System32\davclnt.dll
0x6a270000 - 0x6a278000 	C:\Windows\System32\DAVHLPR.dll
0x73640000 - 0x7364f000 	C:\Windows\system32\wkscli.dll
0x736b0000 - 0x736b9000 	C:\Windows\system32\netutils.dll
0x52f20000 - 0x53158000 	C:\Windows\system32\wpdshext.dll
0x740d0000 - 0x74260000 	C:\Windows\WinSxS\x86_microsoft.windows.gdiplus_6595b64144ccf1df_1.1.7601.18120_none_72d2e82386681b36\gdiplus.dll
0x72380000 - 0x72409000 	C:\Windows\system32\PortableDeviceApi.dll
0x758c0000 - 0x758ee000 	C:\Windows\system32\WINTRUST.dll
0x75730000 - 0x75850000 	C:\Windows\system32\CRYPT32.dll
0x756e0000 - 0x756ec000 	C:\Windows\system32\MSASN1.dll
0x65260000 - 0x6528b000 	C:\Windows\system32\PortableDeviceTypes.dll
0x722b0000 - 0x722ef000 	C:\Windows\system32\audiodev.dll

VM Arguments:
jvm_args: -Dfile.encoding=UTF-8 -Xmx1024m 
java_command: movieannot.Process.Play
Launcher Type: SUN_STANDARD

Environment Variables:
JAVA_HOME=C:\Program Files\Java\jdk1.7.0_51
PATH=C:\Windows\system32;C:\Windows;C:\Windows\System32\Wbem;C:\Windows\System32\WindowsPowerShell\v1.0\;C:\Java\jdk1.7.0\bin;C:\opencv\build\x86\vc10\bin;C:\Program Files\Microsoft SQL Server\100\Tools\Binn\;C:\Program Files\Microsoft SQL Server\100\DTS\Binn\;C:\Program Files\MiKTeX 2.9\miktex\bin\;C:\EmguCV\bin
USERNAME=dieutq
OS=Windows_NT
PROCESSOR_IDENTIFIER=x86 Family 6 Model 30 Stepping 5, GenuineIntel



---------------  S Y S T E M  ---------------

OS: Windows 7 Build 7601 Service Pack 1

CPU:total 4 (4 cores per cpu, 1 threads per core) family 6 model 30 stepping 5, cmov, cx8, fxsr, mmx, sse, sse2, sse3, ssse3, sse4.1, sse4.2, popcnt, tsc, tscinvbit

Memory: 4k page, physical 3136880k(166264k free), swap 6853136k(885216k free)

vm_info: Java HotSpot(TM) Client VM (24.51-b03) for windows-x86 JRE (1.7.0_51-b13), built on Dec 18 2013 19:09:58 by "java_re" with unknown MS VC++:1600

time: Tue Jun 10 17:54:19 2014
elapsed time: 3729 seconds

