#
# A fatal error has been detected by the Java Runtime Environment:
#
#  EXCEPTION_ACCESS_VIOLATION (0xc0000005) at pc=0x653dace9, pid=3764, tid=2620
#
# JRE version: Java(TM) SE Runtime Environment (7.0_51-b13) (build 1.7.0_51-b13)
# Java VM: Java HotSpot(TM) Client VM (24.51-b03 mixed mode windows-x86 )
# Problematic frame:
# C  [nvd3dum.dll+0x30ace9]
#
# Failed to write core dump. Minidumps are not enabled by default on client versions of Windows
#
# If you would like to submit a bug report, please visit:
#   http://bugreport.sun.com/bugreport/crash.jsp
# The crash happened outside the Java Virtual Machine in native code.
# See problematic frame for where to report the bug.
#

---------------  T H R E A D  ---------------

Current thread (0x47da1800):  JavaThread "AWT-Windows" daemon [_thread_in_native, id=2620, stack(0x47ea0000,0x47ef0000)]

siginfo: ExceptionCode=0xc0000005, reading address 0x00000000

Registers:
EAX=0x00000000, EBX=0x0000001d, ECX=0x00063080, EDX=0x00063420
ESP=0x47eee4f8, EBP=0x47eee8b0, ESI=0x4bc4d6a0, EDI=0x4b102500
EIP=0x653dace9, EFLAGS=0x00010246

Top of Stack: (sp=0x47eee4f8)
0x47eee4f8:   0000001d 4b102500 00000020 4bc4d6a0
0x47eee508:   00000000 79f33080 00010001 0000001d
0x47eee518:   0000000a 00000020 00000000 004065d0
0x47eee528:   73ca9da3 00000000 00000000 49cf0000
0x47eee538:   01ac6720 00000000 0000001d 00000020
0x47eee548:   4b096348 4b102500 00000000 0000003f
0x47eee558:   00063080 000003a0 00000000 00007ffe
0x47eee568:   00000000 00000000 00000000 00000000 

Instructions: (pc=0x653dace9)
0x653dacc9:   44 24 50 89 50 08 c7 40 0c 00 00 00 00 f6 84 24
0x653dacd9:   10 02 00 00 08 8b 44 24 28 89 84 24 f8 00 00 00
0x653dace9:   8b 10 89 94 24 14 01 00 00 74 10 8b 8c 24 0c 01
0x653dacf9:   00 00 b8 01 00 00 00 d3 e0 eb 07 8b 84 24 0c 01 


Register to memory mapping:

EAX=0x00000000 is an unknown value
EBX=0x0000001d is an unknown value
ECX=0x00063080 is an unknown value
EDX=0x00063420 is an unknown value
ESP=0x47eee4f8 is pointing into the stack for thread: 0x47da1800
EBP=0x47eee8b0 is pointing into the stack for thread: 0x47da1800
ESI=0x4bc4d6a0 is an unknown value
EDI=0x4b102500 is an unknown value


Stack: [0x47ea0000,0x47ef0000],  sp=0x47eee4f8,  free space=313k
Native frames: (J=compiled Java code, j=interpreted, Vv=VM code, C=native code)
C  [nvd3dum.dll+0x30ace9]
C  [nvd3dum.dll+0x2ffeb2]
C  [nvd3dum.dll+0x3000d7]
C  [nvd3dum.dll+0x39a52b]
C  [nvd3dum.dll+0x2830e3]
C  [d3d9.dll+0x117ccd]
C  [d3d9.dll+0x11952a]
C  [d3d9.dll+0xb0f74]
C  [d3d9.dll+0x6aee7]
C  [d3d9.dll+0x362e2]
C  [d3d9.dll+0x36ad4]

Java frames: (J=compiled Java code, j=interpreted, Vv=VM code)
j  sun.awt.windows.WToolkit.eventLoop()V+0
j  sun.awt.windows.WToolkit.run()V+49
j  java.lang.Thread.run()V+11
v  ~StubRoutines::call_stub

---------------  P R O C E S S  ---------------

Java Threads: ( => current thread )
  0x492ad800 JavaThread "pool-2-thread-1" [_thread_blocked, id=5020, stack(0x4af40000,0x4af90000)]
  0x491f6000 JavaThread "prefuse_ActivityManager" daemon [_thread_in_Java, id=3212, stack(0x4ae90000,0x4aee0000)]
  0x490a7800 JavaThread "Swing-Shell" daemon [_thread_blocked, id=5572, stack(0x48b50000,0x48ba0000)]
  0x47cd6c00 JavaThread "D3D Screen Updater" daemon [_thread_blocked, id=5492, stack(0x4bf50000,0x4bfa0000)]
  0x49188800 JavaThread "TimerQueue" daemon [_thread_blocked, id=5368, stack(0x4beb0000,0x4bf00000)]
  0x005cc000 JavaThread "DestroyJavaVM" [_thread_blocked, id=3716, stack(0x017f0000,0x01840000)]
  0x490b2400 JavaThread "AWT-EventQueue-0" [_thread_in_native, id=2184, stack(0x49a00000,0x49a50000)]
  0x49139400 JavaThread "AWT-Shutdown" [_thread_blocked, id=5084, stack(0x482e0000,0x48330000)]
=>0x47da1800 JavaThread "AWT-Windows" daemon [_thread_in_native, id=2620, stack(0x47ea0000,0x47ef0000)]
  0x47cee800 JavaThread "Java2D Disposer" daemon [_thread_blocked, id=4956, stack(0x48120000,0x48170000)]
  0x47c1bc00 JavaThread "Service Thread" daemon [_thread_blocked, id=1900, stack(0x47fd0000,0x48020000)]
  0x47c17800 JavaThread "C1 CompilerThread0" daemon [_thread_blocked, id=4548, stack(0x47e00000,0x47e50000)]
  0x47c16400 JavaThread "Attach Listener" daemon [_thread_blocked, id=4172, stack(0x48090000,0x480e0000)]
  0x47c13000 JavaThread "Signal Dispatcher" daemon [_thread_blocked, id=2712, stack(0x48020000,0x48070000)]
  0x47be7000 JavaThread "Finalizer" daemon [_thread_blocked, id=4252, stack(0x47f70000,0x47fc0000)]
  0x47be0c00 JavaThread "Reference Handler" daemon [_thread_blocked, id=5512, stack(0x47f00000,0x47f50000)]

Other Threads:
  0x47bdf000 VMThread [stack: 0x01750000,0x017a0000] [id=3400]
  0x47c40c00 WatcherThread [stack: 0x48170000,0x481c0000] [id=3024]

VM state:not at safepoint (normal execution)

VM Mutex/Monitor currently owned by a thread: None

Heap
 def new generation   total 291904K, used 217212K [0x03840000, 0x174f0000, 0x18d90000)
  eden space 259520K,  82% used [0x03840000, 0x109f83a0, 0x135b0000)
  from space 32384K,   7% used [0x15550000, 0x157b6d68, 0x174f0000)
  to   space 32384K,   0% used [0x135b0000, 0x135b0000, 0x15550000)
 tenured generation   total 648464K, used 573552K [0x18d90000, 0x406d4000, 0x43840000)
   the space 648464K,  88% used [0x18d90000, 0x3bdac180, 0x3bdac200, 0x406d4000)
 compacting perm gen  total 12288K, used 12070K [0x43840000, 0x44440000, 0x47840000)
   the space 12288K,  98% used [0x43840000, 0x44409918, 0x44409a00, 0x44440000)
No shared spaces configured.

Card table byte_map: [0x47840000,0x47a70000] byte_map_base: 0x47823e00

Polling page: 0x00370000

Code Cache  [0x01840000, 0x01e38000, 0x03840000)
 total_blobs=3659 nmethods=3372 adapters=221 free_code_cache=26683Kb largest_free_block=27323648

Compilation events (10 events):
Event: 2428.775 Thread 0x47c17800 3374             java.awt.image.ColorModel::getDefaultTransferType (27 bytes)
Event: 2428.775 Thread 0x47c17800 nmethod 3374 0x01e2ef48 code [0x01e2f040, 0x01e2f100]
Event: 2441.102 Thread 0x47c17800 3375             java.awt.image.DirectColorModel::<init> (37 bytes)
Event: 2441.119 Thread 0x47c17800 nmethod 3375 0x01e2f148 code [0x01e2f260, 0x01e2f3c4]
Event: 2451.186 Thread 0x47c17800 3376             sun.java2d.SurfaceDataProxy$CountdownTracker::<init> (10 bytes)
Event: 2451.186 Thread 0x47c17800 nmethod 3376 0x01e2f488 code [0x01e2f580, 0x01e2f600]
Event: 2480.236 Thread 0x47c17800 3377             movieannot.Process.Play::RefreshRelation (183 bytes)
Event: 2480.268 Thread 0x47c17800 nmethod 3377 0x01e2f648 code [0x01e2f870, 0x01e2fea8]
Event: 2502.871 Thread 0x47c17800 3378             sun.util.locale.LocaleUtils::toLowerString (95 bytes)
Event: 2502.872 Thread 0x47c17800 nmethod 3378 0x01e30848 code [0x01e309a0, 0x01e30e44]

GC Heap History (10 events):
Event: 2534.991 GC heap before
{Heap before GC invocations=877 (full 7):
 def new generation   total 291904K, used 263147K [0x03840000, 0x174f0000, 0x18d90000)
  eden space 259520K, 100% used [0x03840000, 0x135b0000, 0x135b0000)
  from space 32384K,  11% used [0x135b0000, 0x1393aef0, 0x15550000)
  to   space 32384K,   0% used [0x15550000, 0x15550000, 0x174f0000)
 tenured generation   total 648464K, used 571947K [0x18d90000, 0x406d4000, 0x43840000)
   the space 648464K,  88% used [0x18d90000, 0x3bc1afb8, 0x3bc1b000, 0x406d4000)
 compacting perm gen  total 12288K, used 12070K [0x43840000, 0x44440000, 0x47840000)
   the space 12288K,  98% used [0x43840000, 0x44409918, 0x44409a00, 0x44440000)
No shared spaces configured.
Event: 2535.003 GC heap after
Heap after GC invocations=878 (full 7):
 def new generation   total 291904K, used 3607K [0x03840000, 0x174f0000, 0x18d90000)
  eden space 259520K,   0% used [0x03840000, 0x03840000, 0x135b0000)
  from space 32384K,  11% used [0x15550000, 0x158d5e38, 0x174f0000)
  to   space 32384K,   0% used [0x135b0000, 0x135b0000, 0x15550000)
 tenured generation   total 648464K, used 572037K [0x18d90000, 0x406d4000, 0x43840000)
   the space 648464K,  88% used [0x18d90000, 0x3bc31700, 0x3bc31800, 0x406d4000)
 compacting perm gen  total 12288K, used 12070K [0x43840000, 0x44440000, 0x47840000)
   the space 12288K,  98% used [0x43840000, 0x44409918, 0x44409a00, 0x44440000)
No shared spaces configured.
}
Event: 2537.303 GC heap before
{Heap before GC invocations=878 (full 7):
 def new generation   total 291904K, used 263127K [0x03840000, 0x174f0000, 0x18d90000)
  eden space 259520K, 100% used [0x03840000, 0x135b0000, 0x135b0000)
  from space 32384K,  11% used [0x15550000, 0x158d5e38, 0x174f0000)
  to   space 32384K,   0% used [0x135b0000, 0x135b0000, 0x15550000)
 tenured generation   total 648464K, used 572037K [0x18d90000, 0x406d4000, 0x43840000)
   the space 648464K,  88% used [0x18d90000, 0x3bc31700, 0x3bc31800, 0x406d4000)
 compacting perm gen  total 12288K, used 12070K [0x43840000, 0x44440000, 0x47840000)
   the space 12288K,  98% used [0x43840000, 0x44409918, 0x44409a00, 0x44440000)
No shared spaces configured.
Event: 2537.316 GC heap after
Heap after GC invocations=879 (full 7):
 def new generation   total 291904K, used 3616K [0x03840000, 0x174f0000, 0x18d90000)
  eden space 259520K,   0% used [0x03840000, 0x03840000, 0x135b0000)
  from space 32384K,  11% used [0x135b0000, 0x13938350, 0x15550000)
  to   space 32384K,   0% used [0x15550000, 0x15550000, 0x174f0000)
 tenured generation   total 648464K, used 572108K [0x18d90000, 0x406d4000, 0x43840000)
   the space 648464K,  88% used [0x18d90000, 0x3bc43308, 0x3bc43400, 0x406d4000)
 compacting perm gen  total 12288K, used 12070K [0x43840000, 0x44440000, 0x47840000)
   the space 12288K,  98% used [0x43840000, 0x44409918, 0x44409a00, 0x44440000)
No shared spaces configured.
}
Event: 2540.037 GC heap before
{Heap before GC invocations=879 (full 7):
 def new generation   total 291904K, used 263136K [0x03840000, 0x174f0000, 0x18d90000)
  eden space 259520K, 100% used [0x03840000, 0x135b0000, 0x135b0000)
  from space 32384K,  11% used [0x135b0000, 0x13938350, 0x15550000)
  to   space 32384K,   0% used [0x15550000, 0x15550000, 0x174f0000)
 tenured generation   total 648464K, used 572108K [0x18d90000, 0x406d4000, 0x43840000)
   the space 648464K,  88% used [0x18d90000, 0x3bc43308, 0x3bc43400, 0x406d4000)
 compacting perm gen  total 12288K, used 12070K [0x43840000, 0x44440000, 0x47840000)
   the space 12288K,  98% used [0x43840000, 0x44409918, 0x44409a00, 0x44440000)
No shared spaces configured.
Event: 2540.049 GC heap after
Heap after GC invocations=880 (full 7):
 def new generation   total 291904K, used 3616K [0x03840000, 0x174f0000, 0x18d90000)
  eden space 259520K,   0% used [0x03840000, 0x03840000, 0x135b0000)
  from space 32384K,  11% used [0x15550000, 0x158d8038, 0x174f0000)
  to   space 32384K,   0% used [0x135b0000, 0x135b0000, 0x15550000)
 tenured generation   total 648464K, used 572180K [0x18d90000, 0x406d4000, 0x43840000)
   the space 648464K,  88% used [0x18d90000, 0x3bc553b0, 0x3bc55400, 0x406d4000)
 compacting perm gen  total 12288K, used 12070K [0x43840000, 0x44440000, 0x47840000)
   the space 12288K,  98% used [0x43840000, 0x44409918, 0x44409a00, 0x44440000)
No shared spaces configured.
}
Event: 2542.355 GC heap before
{Heap before GC invocations=880 (full 7):
 def new generation   total 291904K, used 263136K [0x03840000, 0x174f0000, 0x18d90000)
  eden space 259520K, 100% used [0x03840000, 0x135b0000, 0x135b0000)
  from space 32384K,  11% used [0x15550000, 0x158d8038, 0x174f0000)
  to   space 32384K,   0% used [0x135b0000, 0x135b0000, 0x15550000)
 tenured generation   total 648464K, used 572180K [0x18d90000, 0x406d4000, 0x43840000)
   the space 648464K,  88% used [0x18d90000, 0x3bc553b0, 0x3bc55400, 0x406d4000)
 compacting perm gen  total 12288K, used 12070K [0x43840000, 0x44440000, 0x47840000)
   the space 12288K,  98% used [0x43840000, 0x44409918, 0x44409a00, 0x44440000)
No shared spaces configured.
Event: 2542.368 GC heap after
Heap after GC invocations=881 (full 7):
 def new generation   total 291904K, used 2402K [0x03840000, 0x174f0000, 0x18d90000)
  eden space 259520K,   0% used [0x03840000, 0x03840000, 0x135b0000)
  from space 32384K,   7% used [0x135b0000, 0x13808a98, 0x15550000)
  to   space 32384K,   0% used [0x15550000, 0x15550000, 0x174f0000)
 tenured generation   total 648464K, used 573468K [0x18d90000, 0x406d4000, 0x43840000)
   the space 648464K,  88% used [0x18d90000, 0x3bd97198, 0x3bd97200, 0x406d4000)
 compacting perm gen  total 12288K, used 12070K [0x43840000, 0x44440000, 0x47840000)
   the space 12288K,  98% used [0x43840000, 0x44409918, 0x44409a00, 0x44440000)
No shared spaces configured.
}
Event: 2544.936 GC heap before
{Heap before GC invocations=881 (full 7):
 def new generation   total 291904K, used 261922K [0x03840000, 0x174f0000, 0x18d90000)
  eden space 259520K, 100% used [0x03840000, 0x135b0000, 0x135b0000)
  from space 32384K,   7% used [0x135b0000, 0x13808a98, 0x15550000)
  to   space 32384K,   0% used [0x15550000, 0x15550000, 0x174f0000)
 tenured generation   total 648464K, used 573468K [0x18d90000, 0x406d4000, 0x43840000)
   the space 648464K,  88% used [0x18d90000, 0x3bd97198, 0x3bd97200, 0x406d4000)
 compacting perm gen  total 12288K, used 12070K [0x43840000, 0x44440000, 0x47840000)
   the space 12288K,  98% used [0x43840000, 0x44409918, 0x44409a00, 0x44440000)
No shared spaces configured.
Event: 2545.057 GC heap after
Heap after GC invocations=882 (full 7):
 def new generation   total 291904K, used 2459K [0x03840000, 0x174f0000, 0x18d90000)
  eden space 259520K,   0% used [0x03840000, 0x03840000, 0x135b0000)
  from space 32384K,   7% used [0x15550000, 0x157b6d68, 0x174f0000)
  to   space 32384K,   0% used [0x135b0000, 0x135b0000, 0x15550000)
 tenured generation   total 648464K, used 573552K [0x18d90000, 0x406d4000, 0x43840000)
   the space 648464K,  88% used [0x18d90000, 0x3bdac180, 0x3bdac200, 0x406d4000)
 compacting perm gen  total 12288K, used 12070K [0x43840000, 0x44440000, 0x47840000)
   the space 12288K,  98% used [0x43840000, 0x44409918, 0x44409a00, 0x44440000)
No shared spaces configured.
}

Deoptimization events (0 events):
No events

Internal exceptions (10 events):
Event: 2509.929 Thread 0x490b2400 Threw 0x0a83af10 at C:\re\jdk7u51\527\hotspot\src\share\vm\runtime\sharedRuntime.cpp:591
Event: 2509.929 Thread 0x490b2400 Threw 0x0a83b740 at C:\re\jdk7u51\527\hotspot\src\share\vm\runtime\sharedRuntime.cpp:591
Event: 2509.930 Thread 0x490b2400 Threw 0x0a841060 at C:\re\jdk7u51\527\hotspot\src\share\vm\runtime\sharedRuntime.cpp:591
Event: 2509.930 Thread 0x490b2400 Threw 0x0a841788 at C:\re\jdk7u51\527\hotspot\src\share\vm\runtime\sharedRuntime.cpp:591
Event: 2509.930 Thread 0x490b2400 Threw 0x0a841ea0 at C:\re\jdk7u51\527\hotspot\src\share\vm\runtime\sharedRuntime.cpp:591
Event: 2509.930 Thread 0x490b2400 Threw 0x0a8425b8 at C:\re\jdk7u51\527\hotspot\src\share\vm\runtime\sharedRuntime.cpp:591
Event: 2509.930 Thread 0x490b2400 Threw 0x0a846908 at C:\re\jdk7u51\527\hotspot\src\share\vm\runtime\sharedRuntime.cpp:591
Event: 2509.930 Thread 0x490b2400 Threw 0x0a846fc0 at C:\re\jdk7u51\527\hotspot\src\share\vm\runtime\sharedRuntime.cpp:591
Event: 2509.930 Thread 0x490b2400 Threw 0x0a847668 at C:\re\jdk7u51\527\hotspot\src\share\vm\runtime\sharedRuntime.cpp:591
Event: 2509.930 Thread 0x490b2400 Threw 0x0a847d10 at C:\re\jdk7u51\527\hotspot\src\share\vm\runtime\sharedRuntime.cpp:591

Events (10 events):
Event: 2534.991 Executing VM operation: GenCollectForAllocation
Event: 2535.003 Executing VM operation: GenCollectForAllocation done
Event: 2537.303 Executing VM operation: GenCollectForAllocation
Event: 2537.316 Executing VM operation: GenCollectForAllocation done
Event: 2540.037 Executing VM operation: GenCollectForAllocation
Event: 2540.049 Executing VM operation: GenCollectForAllocation done
Event: 2542.355 Executing VM operation: GenCollectForAllocation
Event: 2542.368 Executing VM operation: GenCollectForAllocation done
Event: 2544.935 Executing VM operation: GenCollectForAllocation
Event: 2545.057 Executing VM operation: GenCollectForAllocation done


Dynamic libraries:
0x009b0000 - 0x009df000 	C:\Program Files\Java\jdk1.7.0_51\bin\java.exe
0x77510000 - 0x7764c000 	C:\Windows\SYSTEM32\ntdll.dll
0x75ef0000 - 0x75fc4000 	C:\Windows\system32\kernel32.dll
0x75740000 - 0x7578b000 	C:\Windows\system32\KERNELBASE.dll
0x76000000 - 0x760a0000 	C:\Windows\system32\ADVAPI32.dll
0x75cc0000 - 0x75d6c000 	C:\Windows\system32\msvcrt.dll
0x77650000 - 0x77669000 	C:\Windows\SYSTEM32\sechost.dll
0x75a40000 - 0x75ae2000 	C:\Windows\system32\RPCRT4.dll
0x76d30000 - 0x76df9000 	C:\Windows\system32\USER32.dll
0x75d70000 - 0x75dbe000 	C:\Windows\system32\GDI32.dll
0x75e50000 - 0x75e5a000 	C:\Windows\system32\LPK.dll
0x771f0000 - 0x7728d000 	C:\Windows\system32\USP10.dll
0x74490000 - 0x7462e000 	C:\Windows\WinSxS\x86_microsoft.windows.common-controls_6595b64144ccf1df_6.0.7601.17514_none_41e6975e2bd6f2b2\COMCTL32.dll
0x75b00000 - 0x75b57000 	C:\Windows\system32\SHLWAPI.dll
0x760b0000 - 0x760cf000 	C:\Windows\system32\IMM32.DLL
0x77670000 - 0x7773c000 	C:\Windows\system32\MSCTF.dll
0x5f650000 - 0x5f70f000 	C:\Program Files\Java\jdk1.7.0_51\jre\bin\msvcr100.dll
0x77990000 - 0x77d10000 	C:\Program Files\Java\jdk1.7.0_51\jre\bin\client\jvm.dll
0x70910000 - 0x70917000 	C:\Windows\system32\WSOCK32.dll
0x75e10000 - 0x75e45000 	C:\Windows\system32\WS2_32.dll
0x75af0000 - 0x75af6000 	C:\Windows\system32\NSI.dll
0x737a0000 - 0x737d2000 	C:\Windows\system32\WINMM.dll
0x76d20000 - 0x76d25000 	C:\Windows\system32\PSAPI.DLL
0x6cb00000 - 0x6cb0c000 	C:\Program Files\Java\jdk1.7.0_51\jre\bin\verify.dll
0x66120000 - 0x66140000 	C:\Program Files\Java\jdk1.7.0_51\jre\bin\java.dll
0x63960000 - 0x63973000 	C:\Program Files\Java\jdk1.7.0_51\jre\bin\zip.dll
0x77840000 - 0x77983000 	C:\Program Files\Java\jdk1.7.0_51\jre\bin\awt.dll
0x77160000 - 0x771ef000 	C:\Windows\system32\OLEAUT32.dll
0x75b60000 - 0x75cbc000 	C:\Windows\system32\ole32.dll
0x74200000 - 0x74240000 	C:\Windows\system32\uxtheme.dll
0x73e10000 - 0x73e23000 	C:\Windows\system32\dwmapi.dll
0x754a0000 - 0x754ac000 	C:\Windows\system32\CRYPTBASE.dll
0x760d0000 - 0x76d1a000 	C:\Windows\system32\SHELL32.dll
0x62270000 - 0x622a9000 	C:\Program Files\Java\jdk1.7.0_51\jre\bin\fontmanager.dll
0x74fc0000 - 0x74fd6000 	C:\Windows\system32\CRYPTSP.dll
0x74d60000 - 0x74d9b000 	C:\Windows\system32\rsaenh.dll
0x75870000 - 0x75887000 	C:\Windows\system32\USERENV.dll
0x75580000 - 0x7558b000 	C:\Windows\system32\profapi.dll
0x636b0000 - 0x636c4000 	C:\Program Files\Java\jdk1.7.0_51\jre\bin\net.dll
0x74f80000 - 0x74fbc000 	C:\Windows\system32\mswsock.dll
0x74f70000 - 0x74f76000 	C:\Windows\System32\wship6.dll
0x73920000 - 0x73930000 	C:\Windows\system32\NLAapi.dll
0x708f0000 - 0x70900000 	C:\Windows\system32\napinsp.dll
0x708d0000 - 0x708e2000 	C:\Windows\system32\pnrpnsp.dll
0x74e40000 - 0x74e84000 	C:\Windows\system32\DNSAPI.dll
0x708c0000 - 0x708c8000 	C:\Windows\System32\winrnr.dll
0x74ac0000 - 0x74ac5000 	C:\Windows\System32\wshtcpip.dll
0x735c0000 - 0x735dc000 	C:\Windows\system32\IPHLPAPI.DLL
0x73580000 - 0x73587000 	C:\Windows\system32\WINNSI.DLL
0x71480000 - 0x71486000 	C:\Windows\system32\rasadhlp.dll
0x73530000 - 0x73568000 	C:\Windows\System32\fwpuclnt.dll
0x6e5c0000 - 0x6e5cf000 	C:\Program Files\Java\jdk1.7.0_51\jre\bin\nio.dll
0x47e50000 - 0x47e8d000 	C:\Users\dieutq\AppData\Local\Temp\jna-dieutq\jna2085842649931447772.dll
0x6fa40000 - 0x6fa64000 	c:\program files\videolan\vlc\libvlc.dll
0x5b450000 - 0x5b6a1000 	c:\program files\videolan\vlc\libvlccore.dll
0x700b0000 - 0x70273000 	C:\Windows\system32\d3d9.dll
0x74a30000 - 0x74a39000 	C:\Windows\system32\VERSION.dll
0x700a0000 - 0x700a6000 	C:\Windows\system32\d3d8thk.dll
0x650d0000 - 0x65831000 	C:\Windows\system32\nvd3dum.dll
0x743e0000 - 0x74405000 	C:\Windows\system32\powrprof.dll
0x758a0000 - 0x75a3d000 	C:\Windows\system32\SETUPAPI.dll
0x75830000 - 0x75857000 	C:\Windows\system32\CFGMGR32.dll
0x755f0000 - 0x75602000 	C:\Windows\system32\DEVOBJ.dll
0x674a0000 - 0x674c5000 	C:\Program Files\Java\jdk1.7.0_51\jre\bin\jpeg.dll
0x5a330000 - 0x5a360000 	C:\Program Files\Java\jdk1.7.0_51\jre\bin\t2k.dll
0x75e60000 - 0x75ee3000 	C:\Windows\system32\CLBCatQ.DLL
0x73cb0000 - 0x73de0000 	C:\Windows\system32\WindowsCodecs.dll
0x75450000 - 0x7549c000 	C:\Windows\system32\apphelp.dll
0x6f230000 - 0x6f268000 	C:\Users\dieutq\AppData\Local\Microsoft\SkyDrive\17.3.1166.0618\SkyDriveShell.dll
0x6f100000 - 0x6f185000 	C:\Users\dieutq\AppData\Local\Microsoft\SkyDrive\17.3.1166.0618\MSVCP110.dll
0x6eff0000 - 0x6f0c2000 	C:\Users\dieutq\AppData\Local\Microsoft\SkyDrive\17.3.1166.0618\MSVCR110.dll
0x6ef40000 - 0x6efc5000 	C:\Users\dieutq\AppData\Local\Microsoft\SkyDrive\17.3.1166.0618\Telemetry.dll
0x6ef30000 - 0x6ef3a000 	C:\Users\dieutq\AppData\Local\Microsoft\SkyDrive\17.3.1166.0618\logging.dll
0x6eed0000 - 0x6ef22000 	C:\Windows\system32\faultrep.dll
0x6eeb0000 - 0x6eec5000 	C:\Windows\system32\Cabinet.dll
0x71720000 - 0x71778000 	C:\Windows\system32\WINHTTP.dll
0x716d0000 - 0x7171f000 	C:\Windows\system32\webio.dll
0x73de0000 - 0x73e0f000 	C:\Windows\system32\XmlLite.dll
0x76f20000 - 0x770dd000 	C:\Windows\system32\WININET.dll
0x755e0000 - 0x755e4000 	C:\Windows\system32\api-ms-win-downlevel-user32-l1-1-0.dll
0x755a0000 - 0x755a4000 	C:\Windows\system32\api-ms-win-downlevel-shlwapi-l1-1-0.dll
0x75730000 - 0x75734000 	C:\Windows\system32\api-ms-win-downlevel-version-l1-1-0.dll
0x75890000 - 0x75893000 	C:\Windows\system32\api-ms-win-downlevel-normaliz-l1-1-0.dll
0x760a0000 - 0x760a3000 	C:\Windows\system32\normaliz.DLL
0x772f0000 - 0x77509000 	C:\Windows\system32\iertutil.dll
0x75860000 - 0x75865000 	C:\Windows\system32\api-ms-win-downlevel-advapi32-l1-1-0.dll
0x6e340000 - 0x6e4e8000 	C:\PROGRA~1\MICROS~1\Office15\GROOVEEX.DLL
0x6de30000 - 0x6de99000 	C:\Windows\system32\MSVCP100.dll
0x6de00000 - 0x6de26000 	C:\Windows\system32\ATL100.DLL
0x71490000 - 0x716d0000 	C:\Windows\system32\msi.dll
0x6cc40000 - 0x6d4bb000 	C:\PROGRA~1\MICROS~1\Office15\1033\GrooveIntlResource.dll
0x50000000 - 0x50023000 	C:\Users\dieutq\AppData\Roaming\Dropbox\bin\DropboxExt.24.dll
0x6ed70000 - 0x6ee5b000 	C:\Windows\system32\dbghelp.dll
0x6d870000 - 0x6d8fe000 	C:\Windows\WinSxS\x86_microsoft.vc90.crt_1fc8b3b9a1e18e3b_9.0.30729.6161_none_50934f2ebcb7eb57\MSVCP90.dll
0x72b50000 - 0x72bf3000 	C:\Windows\WinSxS\x86_microsoft.vc90.crt_1fc8b3b9a1e18e3b_9.0.30729.6161_none_50934f2ebcb7eb57\MSVCR90.dll
0x6d810000 - 0x6d841000 	C:\Windows\system32\EhStorShell.dll
0x740c0000 - 0x741b5000 	C:\Windows\system32\PROPSYS.dll
0x6d5e0000 - 0x6d64a000 	C:\Windows\System32\cscui.dll
0x6d800000 - 0x6d809000 	C:\Windows\System32\CSCDLL.dll
0x70c90000 - 0x70c9b000 	C:\Windows\system32\CSCAPI.dll
0x49800000 - 0x49824000 	C:\Program Files\Java\jdk1.7.0_51\jre\bin\dcpr.dll
0x48430000 - 0x48484000 	C:\Users\dieutq\AppData\Local\Lingoes\Translator\lingoes-us\OpenText32.dll
0x70a50000 - 0x70a8c000 	C:\Windows\system32\OLEACC.dll
0x485c0000 - 0x485c8000 	C:\Program Files\Internet Download Manager\idmmkb.dll
0x70660000 - 0x706e4000 	C:\Windows\WinSxS\x86_microsoft.windows.common-controls_6595b64144ccf1df_5.82.7601.18201_none_ec80f00e8593ece5\comctl32.dll
0x74630000 - 0x74651000 	C:\Windows\system32\ntmarta.dll
0x75dc0000 - 0x75e05000 	C:\Windows\system32\WLDAP32.dll
0x6c8a0000 - 0x6ca38000 	C:\Windows\system32\NetworkExplorer.dll
0x6d7c0000 - 0x6d7ef000 	C:\Windows\System32\shdocvw.dll
0x736b0000 - 0x736ba000 	C:\Windows\system32\slc.dll
0x6f8d0000 - 0x6f8e2000 	C:\Windows\system32\MPR.dll
0x6ee60000 - 0x6ee68000 	C:\Windows\System32\drprov.dll
0x74d30000 - 0x74d59000 	C:\Windows\System32\WINSTA.dll
0x6e570000 - 0x6e584000 	C:\Windows\System32\ntlanman.dll
0x6e550000 - 0x6e567000 	C:\Windows\System32\davclnt.dll
0x6e540000 - 0x6e548000 	C:\Windows\System32\DAVHLPR.dll
0x73b70000 - 0x73b7f000 	C:\Windows\system32\wkscli.dll
0x73b80000 - 0x73b89000 	C:\Windows\system32\netutils.dll
0x5f7f0000 - 0x5fa28000 	C:\Windows\system32\wpdshext.dll
0x73f30000 - 0x740c0000 	C:\Windows\WinSxS\x86_microsoft.windows.gdiplus_6595b64144ccf1df_1.1.7601.18455_none_72d576ad8665e853\gdiplus.dll
0x66bf0000 - 0x66c79000 	C:\Windows\system32\PortableDeviceApi.dll
0x755b0000 - 0x755de000 	C:\Windows\system32\WINTRUST.dll
0x75610000 - 0x75730000 	C:\Windows\system32\CRYPT32.dll
0x75590000 - 0x7559c000 	C:\Windows\system32\MSASN1.dll
0x66780000 - 0x667ab000 	C:\Windows\system32\PortableDeviceTypes.dll
0x73450000 - 0x7348f000 	C:\Windows\system32\audiodev.dll
0x64e20000 - 0x65087000 	C:\Windows\system32\WMVCore.DLL
0x64dd0000 - 0x64e0d000 	C:\Windows\system32\WMASF.DLL

VM Arguments:
jvm_args: -Dfile.encoding=UTF-8 -Xmx1024m 
java_command: movieannot.Process.Play
Launcher Type: SUN_STANDARD

Environment Variables:
JAVA_HOME=C:\Program Files\Java\jdk1.7.0_51
PATH=C:\Windows\system32;C:\Windows;C:\Windows\System32\Wbem;C:\Windows\System32\WindowsPowerShell\v1.0\;C:\Java\jdk1.7.0\bin;C:\opencv\build\x86\vc10\bin;C:\Program Files\Microsoft SQL Server\100\Tools\Binn\;C:\Program Files\Microsoft SQL Server\100\DTS\Binn\;C:\Program Files\MiKTeX 2.9\miktex\bin\;C:\EmguCV\bin
USERNAME=dieutq
OS=Windows_NT
PROCESSOR_IDENTIFIER=x86 Family 6 Model 30 Stepping 5, GenuineIntel



---------------  S Y S T E M  ---------------

OS: Windows 7 Build 7601 Service Pack 1

CPU:total 4 (4 cores per cpu, 1 threads per core) family 6 model 30 stepping 5, cmov, cx8, fxsr, mmx, sse, sse2, sse3, ssse3, sse4.1, sse4.2, popcnt, tsc, tscinvbit

Memory: 4k page, physical 3136880k(200016k free), swap 6386696k(498304k free)

vm_info: Java HotSpot(TM) Client VM (24.51-b03) for windows-x86 JRE (1.7.0_51-b13), built on Dec 18 2013 19:09:58 by "java_re" with unknown MS VC++:1600

time: Sat Jul 26 15:47:37 2014
elapsed time: 2547 seconds

