#
# A fatal error has been detected by the Java Runtime Environment:
#
#  EXCEPTION_ACCESS_VIOLATION (0xc0000005) at pc=0x7746224d, pid=4880, tid=4596
#
# JRE version: Java(TM) SE Runtime Environment (7.0_51-b13) (build 1.7.0_51-b13)
# Java VM: Java HotSpot(TM) Client VM (24.51-b03 mixed mode windows-x86 )
# Problematic frame:
# C  [ntdll.dll+0x3224d]
#
# Failed to write core dump. Minidumps are not enabled by default on client versions of Windows
#
# If you would like to submit a bug report, please visit:
#   http://bugreport.sun.com/bugreport/crash.jsp
# The crash happened outside the Java Virtual Machine in native code.
# See problematic frame for where to report the bug.
#

---------------  T H R E A D  ---------------

Current thread (0x18c51000):  JavaThread "AWT-EventQueue-0" [_thread_in_native, id=4596, stack(0x196d0000,0x19720000)]

siginfo: ExceptionCode=0xc0000005, writing address 0x00000014

Registers:
EAX=0x00000000, EBX=0xfffffffc, ECX=0x00000000, EDX=0x00000004
ESP=0x1971dc00, EBP=0x1971dc50, ESI=0x192e3530, EDI=0x192e3534
EIP=0x7746224d, EFLAGS=0x00010213

Top of Stack: (sp=0x1971dc00)
0x1971dc00:   192e3530 192e3534 192e3530 1971dc38
0x1971dc10:   135bf4f0 00000000 135bf250 00000000
0x1971dc20:   1971dc2c 1971dc5c 0146341a 00000001
0x1971dc30:   089bf930 0000001d 03879e10 00000000
0x1971dc40:   00000000 00000000 7ffaa000 00000980
0x1971dc50:   1971dc78 7746215c 00000000 00000000
0x1971dc60:   192e3530 192e352c 1d7411f0 00000004
0x1971dc70:   00000000 00000001 1971dc98 663e6653 

Instructions: (pc=0x7746224d)
0x7746222d:   c2 8b d8 8b c1 f0 0f b1 1f 3b c1 0f 85 03 da ff
0x7746223d:   ff 33 c0 89 45 0c 89 45 08 8b 06 83 f8 ff 74 03
0x7746224d:   ff 40 14 8b 5d f4 8b 7d f0 80 3d 82 03 fe 7f 00
0x7746225d:   0f 85 15 fc 04 00 8b 45 fc 57 6a 00 83 f8 ff 0f 


Register to memory mapping:

EAX=0x00000000 is an unknown value
EBX=0xfffffffc is an unknown value
ECX=0x00000000 is an unknown value
EDX=0x00000004 is an unknown value
ESP=0x1971dc00 is pointing into the stack for thread: 0x18c51000
EBP=0x1971dc50 is pointing into the stack for thread: 0x18c51000
ESI=0x192e3530 is an unknown value
EDI=0x192e3534 is an unknown value


Stack: [0x196d0000,0x19720000],  sp=0x1971dc00,  free space=311k
Native frames: (J=compiled Java code, j=interpreted, Vv=VM code, C=native code)
C  [ntdll.dll+0x3224d]
C  [ntdll.dll+0x3215c]
C  [libvlccore.dll+0x86653]
C  [libvlc.dll+0xa7da]
C  [jna1526734947384289813.dll+0xd546]
C  [jna1526734947384289813.dll+0x2e5e]
C  [jna1526734947384289813.dll+0x554e]
j  com.sun.jna.Native.invokeVoid(JI[Ljava/lang/Object;)V+0
j  com.sun.jna.Function.invoke([Ljava/lang/Object;Ljava/lang/Class;Z)Ljava/lang/Object;+48
j  com.sun.jna.Function.invoke(Ljava/lang/Class;[Ljava/lang/Object;Ljava/util/Map;)Ljava/lang/Object;+214
j  com.sun.jna.Library$Handler.invoke(Ljava/lang/Object;Ljava/lang/reflect/Method;[Ljava/lang/Object;)Ljava/lang/Object;+341
j  com.sun.proxy.$Proxy0.libvlc_media_player_set_media(Luk/co/caprica/vlcj/binding/internal/libvlc_media_player_t;Luk/co/caprica/vlcj/binding/internal/libvlc_media_t;)V+20
j  uk.co.caprica.vlcj.player.DefaultMediaPlayer.setMedia(Ljava/lang/String;[Ljava/lang/String;)Z+295
j  uk.co.caprica.vlcj.player.DefaultMediaPlayer.prepareMedia(Ljava/lang/String;[Ljava/lang/String;)Z+23
j  uk.co.caprica.vlcj.player.DefaultMediaPlayer.playMedia(Ljava/lang/String;[Ljava/lang/String;)Z+23
j  movieannot.Process.Play.jButton1ActionPerformed(Ljava/awt/event/ActionEvent;)V+169
j  movieannot.Process.Play.access$900(Lmovieannot/Process/Play;Ljava/awt/event/ActionEvent;)V+2
j  movieannot.Process.Play$5.actionPerformed(Ljava/awt/event/ActionEvent;)V+5
j  javax.swing.AbstractButton.fireActionPerformed(Ljava/awt/event/ActionEvent;)V+84
j  javax.swing.AbstractButton$Handler.actionPerformed(Ljava/awt/event/ActionEvent;)V+5
j  javax.swing.DefaultButtonModel.fireActionPerformed(Ljava/awt/event/ActionEvent;)V+35
j  javax.swing.DefaultButtonModel.setPressed(Z)V+117
j  javax.swing.plaf.basic.BasicButtonListener.mouseReleased(Ljava/awt/event/MouseEvent;)V+35
j  java.awt.Component.processMouseEvent(Ljava/awt/event/MouseEvent;)V+64
j  javax.swing.JComponent.processMouseEvent(Ljava/awt/event/MouseEvent;)V+23
j  java.awt.Component.processEvent(Ljava/awt/AWTEvent;)V+81
j  java.awt.Container.processEvent(Ljava/awt/AWTEvent;)V+18
j  java.awt.Component.dispatchEventImpl(Ljava/awt/AWTEvent;)V+581
j  java.awt.Container.dispatchEventImpl(Ljava/awt/AWTEvent;)V+42
j  java.awt.Component.dispatchEvent(Ljava/awt/AWTEvent;)V+2
j  java.awt.LightweightDispatcher.retargetMouseEvent(Ljava/awt/Component;ILjava/awt/event/MouseEvent;)V+327
j  java.awt.LightweightDispatcher.processMouseEvent(Ljava/awt/event/MouseEvent;)Z+139
j  java.awt.LightweightDispatcher.dispatchEvent(Ljava/awt/AWTEvent;)Z+50
j  java.awt.Container.dispatchEventImpl(Ljava/awt/AWTEvent;)V+12
j  java.awt.Window.dispatchEventImpl(Ljava/awt/AWTEvent;)V+19
j  java.awt.Component.dispatchEvent(Ljava/awt/AWTEvent;)V+2
j  java.awt.EventQueue.dispatchEventImpl(Ljava/awt/AWTEvent;Ljava/lang/Object;)V+41
j  java.awt.EventQueue.access$200(Ljava/awt/EventQueue;Ljava/awt/AWTEvent;Ljava/lang/Object;)V+3
j  java.awt.EventQueue$3.run()Ljava/lang/Void;+12
j  java.awt.EventQueue$3.run()Ljava/lang/Object;+1
v  ~StubRoutines::call_stub
V  [jvm.dll+0x13f35a]
V  [jvm.dll+0x202c6e]
V  [jvm.dll+0x13f3dd]
V  [jvm.dll+0xfa85a]
C  [java.dll+0x102f]
j  java.security.ProtectionDomain$1.doIntersectionPrivilege(Ljava/security/PrivilegedAction;Ljava/security/AccessControlContext;Ljava/security/AccessControlContext;)Ljava/lang/Object;+28
j  java.security.ProtectionDomain$1.doIntersectionPrivilege(Ljava/security/PrivilegedAction;Ljava/security/AccessControlContext;)Ljava/lang/Object;+6
j  java.awt.EventQueue$4.run()Ljava/lang/Void;+11
j  java.awt.EventQueue$4.run()Ljava/lang/Object;+1
v  ~StubRoutines::call_stub
V  [jvm.dll+0x13f35a]
V  [jvm.dll+0x202c6e]
V  [jvm.dll+0x13f3dd]
V  [jvm.dll+0xfa85a]
C  [java.dll+0x102f]
j  java.security.ProtectionDomain$1.doIntersectionPrivilege(Ljava/security/PrivilegedAction;Ljava/security/AccessControlContext;Ljava/security/AccessControlContext;)Ljava/lang/Object;+28
j  java.awt.EventQueue.dispatchEvent(Ljava/awt/AWTEvent;)V+73
j  java.awt.EventDispatchThread.pumpOneEventForFilters(I)V+245
j  java.awt.EventDispatchThread.pumpEventsForFilter(ILjava/awt/Conditional;Ljava/awt/EventFilter;)V+35
j  java.awt.EventDispatchThread.pumpEventsForHierarchy(ILjava/awt/Conditional;Ljava/awt/Component;)V+11
j  java.awt.EventDispatchThread.pumpEvents(ILjava/awt/Conditional;)V+4
j  java.awt.EventDispatchThread.pumpEvents(Ljava/awt/Conditional;)V+3
j  java.awt.EventDispatchThread.run()V+9
v  ~StubRoutines::call_stub
V  [jvm.dll+0x13f35a]
V  [jvm.dll+0x202c6e]
V  [jvm.dll+0x13f525]
V  [jvm.dll+0x13f587]
V  [jvm.dll+0xeb81f]
V  [jvm.dll+0x16059c]
V  [jvm.dll+0x160fd7]
V  [jvm.dll+0x1a4b79]
C  [msvcr100.dll+0x5c556]
C  [msvcr100.dll+0x5c600]
C  [kernel32.dll+0x4ee1c]
C  [ntdll.dll+0x637eb]
C  [ntdll.dll+0x637be]

Java frames: (J=compiled Java code, j=interpreted, Vv=VM code)
j  com.sun.jna.Native.invokeVoid(JI[Ljava/lang/Object;)V+0
j  com.sun.jna.Function.invoke([Ljava/lang/Object;Ljava/lang/Class;Z)Ljava/lang/Object;+48
j  com.sun.jna.Function.invoke(Ljava/lang/Class;[Ljava/lang/Object;Ljava/util/Map;)Ljava/lang/Object;+214
j  com.sun.jna.Library$Handler.invoke(Ljava/lang/Object;Ljava/lang/reflect/Method;[Ljava/lang/Object;)Ljava/lang/Object;+341
j  com.sun.proxy.$Proxy0.libvlc_media_player_set_media(Luk/co/caprica/vlcj/binding/internal/libvlc_media_player_t;Luk/co/caprica/vlcj/binding/internal/libvlc_media_t;)V+20
j  uk.co.caprica.vlcj.player.DefaultMediaPlayer.setMedia(Ljava/lang/String;[Ljava/lang/String;)Z+295
j  uk.co.caprica.vlcj.player.DefaultMediaPlayer.prepareMedia(Ljava/lang/String;[Ljava/lang/String;)Z+23
j  uk.co.caprica.vlcj.player.DefaultMediaPlayer.playMedia(Ljava/lang/String;[Ljava/lang/String;)Z+23
j  movieannot.Process.Play.jButton1ActionPerformed(Ljava/awt/event/ActionEvent;)V+169
j  movieannot.Process.Play.access$900(Lmovieannot/Process/Play;Ljava/awt/event/ActionEvent;)V+2
j  movieannot.Process.Play$5.actionPerformed(Ljava/awt/event/ActionEvent;)V+5
j  javax.swing.AbstractButton.fireActionPerformed(Ljava/awt/event/ActionEvent;)V+84
j  javax.swing.AbstractButton$Handler.actionPerformed(Ljava/awt/event/ActionEvent;)V+5
j  javax.swing.DefaultButtonModel.fireActionPerformed(Ljava/awt/event/ActionEvent;)V+35
j  javax.swing.DefaultButtonModel.setPressed(Z)V+117
j  javax.swing.plaf.basic.BasicButtonListener.mouseReleased(Ljava/awt/event/MouseEvent;)V+35
j  java.awt.Component.processMouseEvent(Ljava/awt/event/MouseEvent;)V+64
j  javax.swing.JComponent.processMouseEvent(Ljava/awt/event/MouseEvent;)V+23
j  java.awt.Component.processEvent(Ljava/awt/AWTEvent;)V+81
j  java.awt.Container.processEvent(Ljava/awt/AWTEvent;)V+18
j  java.awt.Component.dispatchEventImpl(Ljava/awt/AWTEvent;)V+581
j  java.awt.Container.dispatchEventImpl(Ljava/awt/AWTEvent;)V+42
j  java.awt.Component.dispatchEvent(Ljava/awt/AWTEvent;)V+2
j  java.awt.LightweightDispatcher.retargetMouseEvent(Ljava/awt/Component;ILjava/awt/event/MouseEvent;)V+327
j  java.awt.LightweightDispatcher.processMouseEvent(Ljava/awt/event/MouseEvent;)Z+139
j  java.awt.LightweightDispatcher.dispatchEvent(Ljava/awt/AWTEvent;)Z+50
j  java.awt.Container.dispatchEventImpl(Ljava/awt/AWTEvent;)V+12
j  java.awt.Window.dispatchEventImpl(Ljava/awt/AWTEvent;)V+19
j  java.awt.Component.dispatchEvent(Ljava/awt/AWTEvent;)V+2
j  java.awt.EventQueue.dispatchEventImpl(Ljava/awt/AWTEvent;Ljava/lang/Object;)V+41
j  java.awt.EventQueue.access$200(Ljava/awt/EventQueue;Ljava/awt/AWTEvent;Ljava/lang/Object;)V+3
j  java.awt.EventQueue$3.run()Ljava/lang/Void;+12
j  java.awt.EventQueue$3.run()Ljava/lang/Object;+1
v  ~StubRoutines::call_stub
j  java.security.AccessController.doPrivileged(Ljava/security/PrivilegedAction;Ljava/security/AccessControlContext;)Ljava/lang/Object;+0
j  java.security.ProtectionDomain$1.doIntersectionPrivilege(Ljava/security/PrivilegedAction;Ljava/security/AccessControlContext;Ljava/security/AccessControlContext;)Ljava/lang/Object;+28
j  java.security.ProtectionDomain$1.doIntersectionPrivilege(Ljava/security/PrivilegedAction;Ljava/security/AccessControlContext;)Ljava/lang/Object;+6
j  java.awt.EventQueue$4.run()Ljava/lang/Void;+11
j  java.awt.EventQueue$4.run()Ljava/lang/Object;+1
v  ~StubRoutines::call_stub
j  java.security.AccessController.doPrivileged(Ljava/security/PrivilegedAction;Ljava/security/AccessControlContext;)Ljava/lang/Object;+0
j  java.security.ProtectionDomain$1.doIntersectionPrivilege(Ljava/security/PrivilegedAction;Ljava/security/AccessControlContext;Ljava/security/AccessControlContext;)Ljava/lang/Object;+28
j  java.awt.EventQueue.dispatchEvent(Ljava/awt/AWTEvent;)V+73
j  java.awt.EventDispatchThread.pumpOneEventForFilters(I)V+245
j  java.awt.EventDispatchThread.pumpEventsForFilter(ILjava/awt/Conditional;Ljava/awt/EventFilter;)V+35
j  java.awt.EventDispatchThread.pumpEventsForHierarchy(ILjava/awt/Conditional;Ljava/awt/Component;)V+11
j  java.awt.EventDispatchThread.pumpEvents(ILjava/awt/Conditional;)V+4
j  java.awt.EventDispatchThread.pumpEvents(Ljava/awt/Conditional;)V+3
j  java.awt.EventDispatchThread.run()V+9
v  ~StubRoutines::call_stub

---------------  P R O C E S S  ---------------

Java Threads: ( => current thread )
  0x18d8e800 JavaThread "Swing-Shell" daemon [_thread_blocked, id=5452, stack(0x1bc80000,0x1bcd0000)]
  0x18d79400 JavaThread "D3D Screen Updater" daemon [_thread_blocked, id=4664, stack(0x1bcf0000,0x1bd40000)]
  0x18d53800 JavaThread "TimerQueue" daemon [_thread_blocked, id=508, stack(0x1b920000,0x1b970000)]
  0x18ce2c00 JavaThread "org.netbeans.modules.debugger.jpda.visual AWT Access Loop" daemon [_thread_blocked, id=4436, stack(0x193d0000,0x19420000)]
  0x0126c000 JavaThread "DestroyJavaVM" [_thread_blocked, id=2440, stack(0x011f0000,0x01240000)]
=>0x18c51000 JavaThread "AWT-EventQueue-0" [_thread_in_native, id=4596, stack(0x196d0000,0x19720000)]
  0x1761a400 JavaThread "AWT-Windows" daemon [_thread_in_native, id=4676, stack(0x17e70000,0x17ec0000)]
  0x17619c00 JavaThread "AWT-Shutdown" [_thread_blocked, id=5776, stack(0x17c10000,0x17c60000)]
  0x17619400 JavaThread "Java2D Disposer" daemon [_thread_blocked, id=4036, stack(0x17e10000,0x17e60000)]
  0x1752bc00 JavaThread "Service Thread" daemon [_thread_blocked, id=2940, stack(0x17b70000,0x17bc0000)]
  0x17524000 JavaThread "C1 CompilerThread0" daemon [_thread_blocked, id=2924, stack(0x17ae0000,0x17b30000)]
  0x1751d400 JavaThread "JDWP Command Reader" daemon [_thread_in_native, id=3656, stack(0x17bc0000,0x17c10000)]
  0x1751c800 JavaThread "JDWP Event Helper Thread" daemon [_thread_blocked, id=6080, stack(0x17a20000,0x17a70000)]
  0x17513400 JavaThread "JDWP Transport Listener: dt_shmem" daemon [_thread_blocked, id=4912, stack(0x17a90000,0x17ae0000)]
  0x17505000 JavaThread "Attach Listener" daemon [_thread_blocked, id=1956, stack(0x17980000,0x179d0000)]
  0x17502000 JavaThread "Signal Dispatcher" daemon [_thread_blocked, id=5800, stack(0x17830000,0x17880000)]
  0x174d6c00 JavaThread "Finalizer" daemon [_thread_blocked, id=2312, stack(0x17720000,0x17770000)]
  0x174d0c00 JavaThread "Reference Handler" daemon [_thread_blocked, id=5632, stack(0x17770000,0x177c0000)]

Other Threads:
  0x174cf000 VMThread [stack: 0x176d0000,0x17720000] [id=4116]
  0x1753d400 WatcherThread [stack: 0x17d00000,0x17d50000] [id=3828]

VM state:not at safepoint (normal execution)

VM Mutex/Monitor currently owned by a thread: None

Heap
 def new generation   total 4928K, used 4467K [0x03460000, 0x039b0000, 0x089b0000)
  eden space 4416K,  95% used [0x03460000, 0x03881ba8, 0x038b0000)
  from space 512K,  46% used [0x038b0000, 0x038eb340, 0x03930000)
  to   space 512K,   0% used [0x03930000, 0x03930000, 0x039b0000)
 tenured generation   total 10944K, used 2638K [0x089b0000, 0x09460000, 0x13460000)
   the space 10944K,  24% used [0x089b0000, 0x08c43ba8, 0x08c43c00, 0x09460000)
 compacting perm gen  total 12288K, used 10017K [0x13460000, 0x14060000, 0x17460000)
   the space 12288K,  81% used [0x13460000, 0x13e285e8, 0x13e28600, 0x14060000)
No shared spaces configured.

Card table byte_map: [0x01270000,0x01320000] byte_map_base: 0x01255d00

Polling page: 0x00270000

Code Cache  [0x01460000, 0x015a8000, 0x03460000)
 total_blobs=753 nmethods=505 adapters=192 free_code_cache=31460Kb largest_free_block=32215872

Compilation events (10 events):
Event: 6.384 Thread 0x17524000  502             java.lang.String::lastIndexOf (13 bytes)
Event: 6.384 Thread 0x17524000 nmethod 502 0x015a5c48 code [0x015a5d50, 0x015a5dfc]
Event: 6.392 Thread 0x17524000  504             java.util.Arrays::copyOf (13 bytes)
Event: 6.392 Thread 0x17524000 nmethod 504 0x015a6108 code [0x015a6200, 0x015a629c]
Event: 6.394 Thread 0x17524000  505             java.util.AbstractCollection::addAll (42 bytes)
Event: 6.394 Thread 0x17524000 nmethod 505 0x015a6348 code [0x015a6480, 0x015a65c0]
Event: 8.928 Thread 0x17524000  506             java.lang.reflect.Modifier::isPublic (12 bytes)
Event: 8.929 Thread 0x17524000 nmethod 506 0x015a66c8 code [0x015a67c0, 0x015a6840]
Event: 8.929 Thread 0x17524000  507             java.lang.reflect.AccessibleObject::<init> (5 bytes)
Event: 8.929 Thread 0x17524000 nmethod 507 0x015a6888 code [0x015a6980, 0x015a6a00]

GC Heap History (10 events):
Event: 1.994 GC heap before
{Heap before GC invocations=5 (full 0):
 def new generation   total 4928K, used 4562K [0x03460000, 0x039b0000, 0x089b0000)
  eden space 4416K, 100% used [0x03460000, 0x038b0000, 0x038b0000)
  from space 512K,  28% used [0x03930000, 0x03954848, 0x039b0000)
  to   space 512K,   0% used [0x038b0000, 0x038b0000, 0x03930000)
 tenured generation   total 10944K, used 2540K [0x089b0000, 0x09460000, 0x13460000)
   the space 10944K,  23% used [0x089b0000, 0x08c2b080, 0x08c2b200, 0x09460000)
 compacting perm gen  total 12288K, used 9439K [0x13460000, 0x14060000, 0x17460000)
   the space 12288K,  76% used [0x13460000, 0x13d97c90, 0x13d97e00, 0x14060000)
No shared spaces configured.
Event: 1.996 GC heap after
Heap after GC invocations=6 (full 0):
 def new generation   total 4928K, used 202K [0x03460000, 0x039b0000, 0x089b0000)
  eden space 4416K,   0% used [0x03460000, 0x03460000, 0x038b0000)
  from space 512K,  39% used [0x038b0000, 0x038e2930, 0x03930000)
  to   space 512K,   0% used [0x03930000, 0x03930000, 0x039b0000)
 tenured generation   total 10944K, used 2540K [0x089b0000, 0x09460000, 0x13460000)
   the space 10944K,  23% used [0x089b0000, 0x08c2b080, 0x08c2b200, 0x09460000)
 compacting perm gen  total 12288K, used 9439K [0x13460000, 0x14060000, 0x17460000)
   the space 12288K,  76% used [0x13460000, 0x13d97c90, 0x13d97e00, 0x14060000)
No shared spaces configured.
}
Event: 2.003 GC heap before
{Heap before GC invocations=6 (full 0):
 def new generation   total 4928K, used 4618K [0x03460000, 0x039b0000, 0x089b0000)
  eden space 4416K, 100% used [0x03460000, 0x038b0000, 0x038b0000)
  from space 512K,  39% used [0x038b0000, 0x038e2930, 0x03930000)
  to   space 512K,   0% used [0x03930000, 0x03930000, 0x039b0000)
 tenured generation   total 10944K, used 2540K [0x089b0000, 0x09460000, 0x13460000)
   the space 10944K,  23% used [0x089b0000, 0x08c2b080, 0x08c2b200, 0x09460000)
 compacting perm gen  total 12288K, used 9460K [0x13460000, 0x14060000, 0x17460000)
   the space 12288K,  76% used [0x13460000, 0x13d9d170, 0x13d9d200, 0x14060000)
No shared spaces configured.
Event: 2.005 GC heap after
Heap after GC invocations=7 (full 0):
 def new generation   total 4928K, used 179K [0x03460000, 0x039b0000, 0x089b0000)
  eden space 4416K,   0% used [0x03460000, 0x03460000, 0x038b0000)
  from space 512K,  35% used [0x03930000, 0x0395ce58, 0x039b0000)
  to   space 512K,   0% used [0x038b0000, 0x038b0000, 0x03930000)
 tenured generation   total 10944K, used 2540K [0x089b0000, 0x09460000, 0x13460000)
   the space 10944K,  23% used [0x089b0000, 0x08c2b080, 0x08c2b200, 0x09460000)
 compacting perm gen  total 12288K, used 9460K [0x13460000, 0x14060000, 0x17460000)
   the space 12288K,  76% used [0x13460000, 0x13d9d170, 0x13d9d200, 0x14060000)
No shared spaces configured.
}
Event: 2.089 GC heap before
{Heap before GC invocations=7 (full 0):
 def new generation   total 4928K, used 4595K [0x03460000, 0x039b0000, 0x089b0000)
  eden space 4416K, 100% used [0x03460000, 0x038b0000, 0x038b0000)
  from space 512K,  35% used [0x03930000, 0x0395ce58, 0x039b0000)
  to   space 512K,   0% used [0x038b0000, 0x038b0000, 0x03930000)
 tenured generation   total 10944K, used 2540K [0x089b0000, 0x09460000, 0x13460000)
   the space 10944K,  23% used [0x089b0000, 0x08c2b080, 0x08c2b200, 0x09460000)
 compacting perm gen  total 12288K, used 9575K [0x13460000, 0x14060000, 0x17460000)
   the space 12288K,  77% used [0x13460000, 0x13db9c78, 0x13db9e00, 0x14060000)
No shared spaces configured.
Event: 2.092 GC heap after
Heap after GC invocations=8 (full 0):
 def new generation   total 4928K, used 263K [0x03460000, 0x039b0000, 0x089b0000)
  eden space 4416K,   0% used [0x03460000, 0x03460000, 0x038b0000)
  from space 512K,  51% used [0x038b0000, 0x038f1d40, 0x03930000)
  to   space 512K,   0% used [0x03930000, 0x03930000, 0x039b0000)
 tenured generation   total 10944K, used 2540K [0x089b0000, 0x09460000, 0x13460000)
   the space 10944K,  23% used [0x089b0000, 0x08c2b080, 0x08c2b200, 0x09460000)
 compacting perm gen  total 12288K, used 9575K [0x13460000, 0x14060000, 0x17460000)
   the space 12288K,  77% used [0x13460000, 0x13db9c78, 0x13db9e00, 0x14060000)
No shared spaces configured.
}
Event: 2.771 GC heap before
{Heap before GC invocations=8 (full 0):
 def new generation   total 4928K, used 4679K [0x03460000, 0x039b0000, 0x089b0000)
  eden space 4416K, 100% used [0x03460000, 0x038b0000, 0x038b0000)
  from space 512K,  51% used [0x038b0000, 0x038f1d40, 0x03930000)
  to   space 512K,   0% used [0x03930000, 0x03930000, 0x039b0000)
 tenured generation   total 10944K, used 2540K [0x089b0000, 0x09460000, 0x13460000)
   the space 10944K,  23% used [0x089b0000, 0x08c2b080, 0x08c2b200, 0x09460000)
 compacting perm gen  total 12288K, used 9642K [0x13460000, 0x14060000, 0x17460000)
   the space 12288K,  78% used [0x13460000, 0x13dcaa90, 0x13dcac00, 0x14060000)
No shared spaces configured.
Event: 2.774 GC heap after
Heap after GC invocations=9 (full 0):
 def new generation   total 4928K, used 210K [0x03460000, 0x039b0000, 0x089b0000)
  eden space 4416K,   0% used [0x03460000, 0x03460000, 0x038b0000)
  from space 512K,  41% used [0x03930000, 0x03964a80, 0x039b0000)
  to   space 512K,   0% used [0x038b0000, 0x038b0000, 0x03930000)
 tenured generation   total 10944K, used 2638K [0x089b0000, 0x09460000, 0x13460000)
   the space 10944K,  24% used [0x089b0000, 0x08c43ba8, 0x08c43c00, 0x09460000)
 compacting perm gen  total 12288K, used 9642K [0x13460000, 0x14060000, 0x17460000)
   the space 12288K,  78% used [0x13460000, 0x13dcaa90, 0x13dcac00, 0x14060000)
No shared spaces configured.
}
Event: 3.525 GC heap before
{Heap before GC invocations=9 (full 0):
 def new generation   total 4928K, used 4626K [0x03460000, 0x039b0000, 0x089b0000)
  eden space 4416K, 100% used [0x03460000, 0x038b0000, 0x038b0000)
  from space 512K,  41% used [0x03930000, 0x03964a80, 0x039b0000)
  to   space 512K,   0% used [0x038b0000, 0x038b0000, 0x03930000)
 tenured generation   total 10944K, used 2638K [0x089b0000, 0x09460000, 0x13460000)
   the space 10944K,  24% used [0x089b0000, 0x08c43ba8, 0x08c43c00, 0x09460000)
 compacting perm gen  total 12288K, used 9652K [0x13460000, 0x14060000, 0x17460000)
   the space 12288K,  78% used [0x13460000, 0x13dcd330, 0x13dcd400, 0x14060000)
No shared spaces configured.
Event: 3.527 GC heap after
Heap after GC invocations=10 (full 0):
 def new generation   total 4928K, used 236K [0x03460000, 0x039b0000, 0x089b0000)
  eden space 4416K,   0% used [0x03460000, 0x03460000, 0x038b0000)
  from space 512K,  46% used [0x038b0000, 0x038eb340, 0x03930000)
  to   space 512K,   0% used [0x03930000, 0x03930000, 0x039b0000)
 tenured generation   total 10944K, used 2638K [0x089b0000, 0x09460000, 0x13460000)
   the space 10944K,  24% used [0x089b0000, 0x08c43ba8, 0x08c43c00, 0x09460000)
 compacting perm gen  total 12288K, used 9652K [0x13460000, 0x14060000, 0x17460000)
   the space 12288K,  78% used [0x13460000, 0x13dcd330, 0x13dcd400, 0x14060000)
No shared spaces configured.
}

Deoptimization events (0 events):
No events

Internal exceptions (10 events):
Event: 6.404 Thread 0x18c51000 Threw 0x038403b8 at C:\re\jdk7u51\527\hotspot\src\share\vm\prims\jvm.cpp:1244
Event: 6.405 Thread 0x18c51000 Threw 0x038445d8 at C:\re\jdk7u51\527\hotspot\src\share\vm\prims\jvm.cpp:1244
Event: 6.405 Thread 0x18c51000 Threw 0x038483c8 at C:\re\jdk7u51\527\hotspot\src\share\vm\prims\jvm.cpp:1244
Event: 8.929 Thread 0x18c51000 Threw 0x0385e2d0 at C:\re\jdk7u51\527\hotspot\src\share\vm\prims\jvm.cpp:1244
Event: 8.931 Thread 0x18c51000 Threw 0x03861710 at C:\re\jdk7u51\527\hotspot\src\share\vm\prims\jvm.cpp:1244
Event: 8.933 Thread 0x18c51000 Threw 0x03865c68 at C:\re\jdk7u51\527\hotspot\src\share\vm\prims\jvm.cpp:1244
Event: 8.933 Thread 0x18c51000 Threw 0x03868ce8 at C:\re\jdk7u51\527\hotspot\src\share\vm\prims\jvm.cpp:1244
Event: 8.934 Thread 0x18c51000 Threw 0x0386bd30 at C:\re\jdk7u51\527\hotspot\src\share\vm\prims\jvm.cpp:1244
Event: 10.455 Thread 0x18c51000 Threw 0x038722d0 at C:\re\jdk7u51\527\hotspot\src\share\vm\prims\jvm.cpp:1244
Event: 10.456 Thread 0x18c51000 Threw 0x038763c8 at C:\re\jdk7u51\527\hotspot\src\share\vm\prims\jvm.cpp:1244

Events (10 events):
Event: 9.645 Thread 0x18ca5400 DEOPT UNPACKING pc=0x0148dfc2 sp=0x1810f024 mode 1
Event: 9.645 Executing VM operation: RevokeBias
Event: 9.645 Executing VM operation: RevokeBias done
Event: 9.645 Thread 0x18ca5400 Thread exited: 0x18ca5400
Event: 10.383 Executing VM operation: GetOrSetLocal
Event: 10.383 Executing VM operation: GetOrSetLocal done
Event: 10.455 loading class 0x18cbc818
Event: 10.455 loading class 0x18cbc818 done
Event: 10.456 loading class 0x18c07740
Event: 10.456 loading class 0x18c07740 done


Dynamic libraries:
0x01190000 - 0x011bf000 	C:\Program Files\Java\jdk1.7.0_51\bin\java.exe
0x77430000 - 0x7756c000 	C:\Windows\SYSTEM32\ntdll.dll
0x76050000 - 0x76124000 	C:\Windows\system32\kernel32.dll
0x75740000 - 0x7578b000 	C:\Windows\system32\KERNELBASE.dll
0x763a0000 - 0x76440000 	C:\Windows\system32\ADVAPI32.dll
0x775a0000 - 0x7764c000 	C:\Windows\system32\msvcrt.dll
0x75e30000 - 0x75e49000 	C:\Windows\SYSTEM32\sechost.dll
0x75b10000 - 0x75bb2000 	C:\Windows\system32\RPCRT4.dll
0x762d0000 - 0x76399000 	C:\Windows\system32\USER32.dll
0x75880000 - 0x758ce000 	C:\Windows\system32\GDI32.dll
0x77650000 - 0x7765a000 	C:\Windows\system32\LPK.dll
0x75d90000 - 0x75e2d000 	C:\Windows\system32\USP10.dll
0x74250000 - 0x743ee000 	C:\Windows\WinSxS\x86_microsoft.windows.common-controls_6595b64144ccf1df_6.0.7601.17514_none_41e6975e2bd6f2b2\COMCTL32.dll
0x758f0000 - 0x75947000 	C:\Windows\system32\SHLWAPI.dll
0x758d0000 - 0x758ef000 	C:\Windows\system32\IMM32.DLL
0x76710000 - 0x767dc000 	C:\Windows\system32\MSCTF.dll
0x6bd20000 - 0x6bddf000 	C:\Program Files\Java\jdk1.7.0_51\jre\bin\msvcr100.dll
0x65ec0000 - 0x66240000 	C:\Program Files\Java\jdk1.7.0_51\jre\bin\client\jvm.dll
0x72750000 - 0x72757000 	C:\Windows\system32\WSOCK32.dll
0x764a0000 - 0x764d5000 	C:\Windows\system32\WS2_32.dll
0x75d80000 - 0x75d86000 	C:\Windows\system32\NSI.dll
0x71160000 - 0x71192000 	C:\Windows\system32\WINMM.dll
0x76570000 - 0x76575000 	C:\Windows\system32\PSAPI.DLL
0x6f540000 - 0x6f54c000 	C:\Program Files\Java\jdk1.7.0_51\jre\bin\verify.dll
0x6f500000 - 0x6f520000 	C:\Program Files\Java\jdk1.7.0_51\jre\bin\java.dll
0x70f70000 - 0x70f9a000 	C:\Program Files\Java\jdk1.7.0_51\jre\bin\jdwp.dll
0x71230000 - 0x71237000 	C:\Program Files\Java\jdk1.7.0_51\jre\bin\npt.dll
0x6f4e0000 - 0x6f4f3000 	C:\Program Files\Java\jdk1.7.0_51\jre\bin\zip.dll
0x71980000 - 0x71989000 	C:\Program Files\Java\jdk1.7.0_51\jre\bin\dt_shmem.dll
0x6b570000 - 0x6b6b3000 	C:\Program Files\Java\jdk1.7.0_51\jre\bin\awt.dll
0x76580000 - 0x7660f000 	C:\Windows\system32\OLEAUT32.dll
0x75c20000 - 0x75d7c000 	C:\Windows\system32\ole32.dll
0x74210000 - 0x74250000 	C:\Windows\system32\uxtheme.dll
0x737d0000 - 0x737e3000 	C:\Windows\system32\dwmapi.dll
0x75500000 - 0x7550c000 	C:\Windows\system32\CRYPTBASE.dll
0x767e0000 - 0x7742a000 	C:\Windows\system32\SHELL32.dll
0x6bce0000 - 0x6bd19000 	C:\Program Files\Java\jdk1.7.0_51\jre\bin\fontmanager.dll
0x74ff0000 - 0x75006000 	C:\Windows\system32\CRYPTSP.dll
0x74d90000 - 0x74dcb000 	C:\Windows\system32\rsaenh.dll
0x74bd0000 - 0x74be7000 	C:\Windows\system32\USERENV.dll
0x75580000 - 0x7558b000 	C:\Windows\system32\profapi.dll
0x6cd90000 - 0x6cda4000 	C:\Program Files\Java\jdk1.7.0_51\jre\bin\net.dll
0x74fb0000 - 0x74fec000 	C:\Windows\system32\mswsock.dll
0x74fa0000 - 0x74fa6000 	C:\Windows\System32\wship6.dll
0x74720000 - 0x74730000 	C:\Windows\system32\NLAapi.dll
0x72740000 - 0x72750000 	C:\Windows\system32\napinsp.dll
0x72720000 - 0x72732000 	C:\Windows\system32\pnrpnsp.dll
0x74e70000 - 0x74eb4000 	C:\Windows\system32\DNSAPI.dll
0x72710000 - 0x72718000 	C:\Windows\System32\winrnr.dll
0x74b00000 - 0x74b05000 	C:\Windows\System32\wshtcpip.dll
0x73520000 - 0x7353c000 	C:\Windows\system32\IPHLPAPI.DLL
0x73510000 - 0x73517000 	C:\Windows\system32\WINNSI.DLL
0x71d90000 - 0x71d96000 	C:\Windows\system32\rasadhlp.dll
0x730a0000 - 0x730d8000 	C:\Windows\System32\fwpuclnt.dll
0x701f0000 - 0x701ff000 	C:\Program Files\Java\jdk1.7.0_51\jre\bin\nio.dll
0x177c0000 - 0x177fd000 	C:\Users\dieutq\AppData\Local\Temp\jna-dieutq\jna1526734947384289813.dll
0x70dd0000 - 0x70df4000 	c:\program files\videolan\vlc\libvlc.dll
0x66360000 - 0x665b1000 	c:\program files\videolan\vlc\libvlccore.dll
0x69740000 - 0x69903000 	C:\Windows\system32\d3d9.dll
0x74a70000 - 0x74a79000 	C:\Windows\system32\VERSION.dll
0x6cce0000 - 0x6cce6000 	C:\Windows\system32\d3d8thk.dll
0x667e0000 - 0x66f41000 	C:\Windows\system32\nvd3dum.dll
0x74660000 - 0x74685000 	C:\Windows\system32\powrprof.dll
0x76130000 - 0x762cd000 	C:\Windows\system32\SETUPAPI.dll
0x757c0000 - 0x757e7000 	C:\Windows\system32\CFGMGR32.dll
0x75720000 - 0x75732000 	C:\Windows\system32\DEVOBJ.dll
0x6c7b0000 - 0x6c7e0000 	C:\Program Files\Java\jdk1.7.0_51\jre\bin\t2k.dll
0x764e0000 - 0x76563000 	C:\Windows\system32\CLBCatQ.DLL
0x73380000 - 0x7347b000 	C:\Windows\system32\WindowsCodecs.dll
0x754b0000 - 0x754fc000 	C:\Windows\system32\apphelp.dll
0x71070000 - 0x710a6000 	C:\Users\dieutq\AppData\Local\Microsoft\SkyDrive\17.0.4041.0512\SkyDriveShell.dll
0x70c40000 - 0x70cc5000 	C:\Users\dieutq\AppData\Local\Microsoft\SkyDrive\17.0.4041.0512\MSVCP110.dll
0x63b20000 - 0x63bf2000 	C:\Users\dieutq\AppData\Local\Microsoft\SkyDrive\17.0.4041.0512\MSVCR110.dll
0x69650000 - 0x696d7000 	C:\Users\dieutq\AppData\Local\Microsoft\SkyDrive\17.0.4041.0512\Telemetry.dll
0x70cd0000 - 0x70cda000 	C:\Users\dieutq\AppData\Local\Microsoft\SkyDrive\17.0.4041.0512\logging.dll
0x696e0000 - 0x69732000 	C:\Windows\system32\faultrep.dll
0x70200000 - 0x70215000 	C:\Windows\system32\Cabinet.dll
0x72c80000 - 0x72cd8000 	C:\Windows\system32\WINHTTP.dll
0x72c30000 - 0x72c7f000 	C:\Windows\system32\webio.dll
0x737a0000 - 0x737cf000 	C:\Windows\system32\XmlLite.dll
0x76610000 - 0x76705000 	C:\Windows\system32\WININET.dll
0x759d0000 - 0x75b07000 	C:\Windows\system32\urlmon.dll
0x75600000 - 0x75720000 	C:\Windows\system32\CRYPT32.dll
0x755f0000 - 0x755fc000 	C:\Windows\system32\MSASN1.dll
0x75e50000 - 0x7604f000 	C:\Windows\system32\iertutil.dll
0x6e800000 - 0x6e9a7000 	C:\PROGRA~1\MICROS~1\Office15\GROOVEEX.DLL
0x709c0000 - 0x70a29000 	C:\Windows\system32\MSVCP100.dll
0x70d90000 - 0x70db6000 	C:\Windows\system32\ATL100.DLL
0x729f0000 - 0x72c30000 	C:\Windows\system32\msi.dll
0x6dab0000 - 0x6e32b000 	C:\PROGRA~1\MICROS~1\Office15\1033\GrooveIntlResource.dll
0x70440000 - 0x70462000 	C:\Users\dieutq\AppData\Roaming\Dropbox\bin\DropboxExt.22.dll
0x73860000 - 0x7394b000 	C:\Windows\system32\dbghelp.dll
0x6fc50000 - 0x6fcde000 	C:\Windows\WinSxS\x86_microsoft.vc90.crt_1fc8b3b9a1e18e3b_9.0.30729.4940_none_50916076bcb9a742\MSVCP90.dll
0x6f8c0000 - 0x6f963000 	C:\Windows\WinSxS\x86_microsoft.vc90.crt_1fc8b3b9a1e18e3b_9.0.30729.4940_none_50916076bcb9a742\MSVCR90.dll
0x6efd0000 - 0x6f001000 	C:\Windows\system32\EhStorShell.dll
0x743f0000 - 0x744e5000 	C:\Windows\system32\PROPSYS.dll
0x6eef0000 - 0x6ef5a000 	C:\Windows\System32\cscui.dll
0x73d40000 - 0x73d49000 	C:\Windows\System32\CSCDLL.dll
0x71260000 - 0x7126b000 	C:\Windows\system32\CSCAPI.dll
0x6ee80000 - 0x6eef0000 	C:\Windows\system32\ntshrui.dll
0x75230000 - 0x75249000 	C:\Windows\system32\srvcli.dll
0x73fb0000 - 0x73fba000 	C:\Windows\system32\slc.dll
0x70980000 - 0x709a4000 	C:\Program Files\Java\jdk1.7.0_51\jre\bin\dcpr.dll
0x1b8d0000 - 0x1b916000 	E:\Unikey\UKHook40.dll
0x70b10000 - 0x70b94000 	C:\Windows\WinSxS\x86_microsoft.windows.common-controls_6595b64144ccf1df_5.82.7601.18201_none_ec80f00e8593ece5\comctl32.dll
0x74630000 - 0x74651000 	C:\Windows\system32\ntmarta.dll
0x76450000 - 0x76495000 	C:\Windows\system32\WLDAP32.dll
0x6f6c0000 - 0x6f858000 	C:\Windows\system32\NetworkExplorer.dll
0x71000000 - 0x7102f000 	C:\Windows\System32\shdocvw.dll
0x73a20000 - 0x73a32000 	C:\Windows\system32\MPR.dll
0x70060000 - 0x70068000 	C:\Windows\System32\drprov.dll
0x750a0000 - 0x750c9000 	C:\Windows\System32\WINSTA.dll
0x6d0e0000 - 0x6d0f4000 	C:\Windows\System32\ntlanman.dll
0x6ef70000 - 0x6ef87000 	C:\Windows\System32\davclnt.dll
0x70af0000 - 0x70af8000 	C:\Windows\System32\DAVHLPR.dll
0x73250000 - 0x7325f000 	C:\Windows\system32\wkscli.dll
0x73260000 - 0x73269000 	C:\Windows\system32\netutils.dll
0x68960000 - 0x68b98000 	C:\Windows\system32\wpdshext.dll
0x73e10000 - 0x73fa0000 	C:\Windows\WinSxS\x86_microsoft.windows.gdiplus_6595b64144ccf1df_1.1.7601.18120_none_72d2e82386681b36\gdiplus.dll
0x71990000 - 0x71a19000 	C:\Windows\system32\PortableDeviceApi.dll
0x75790000 - 0x757be000 	C:\Windows\system32\WINTRUST.dll
0x71100000 - 0x7112b000 	C:\Windows\system32\PortableDeviceTypes.dll
0x6d9b0000 - 0x6d9ef000 	C:\Windows\system32\audiodev.dll
0x712d0000 - 0x71537000 	C:\Windows\system32\WMVCore.DLL
0x71290000 - 0x712cd000 	C:\Windows\system32\WMASF.DLL
0x70e00000 - 0x70e22000 	C:\Windows\system32\EhStorAPI.dll
0x71270000 - 0x71279000 	C:\Windows\system32\LINKINFO.dll
0x6c7e0000 - 0x6c828000 	c:\program files\videolan\vlc\plugins\access\libdshow_plugin.dll

VM Arguments:
jvm_args: -Xdebug -Xrunjdwp:transport=dt_shmem,address=javadebug -Dfile.encoding=UTF-8 
java_command: movieannot.Process.Play
Launcher Type: SUN_STANDARD

Environment Variables:
JAVA_HOME=C:\Program Files\Java\jdk1.7.0_51
PATH=C:\Windows\system32;C:\Windows;C:\Windows\System32\Wbem;C:\Windows\System32\WindowsPowerShell\v1.0\;C:\Java\jdk1.7.0\bin
USERNAME=dieutq
OS=Windows_NT
PROCESSOR_IDENTIFIER=x86 Family 6 Model 30 Stepping 5, GenuineIntel



---------------  S Y S T E M  ---------------

OS: Windows 7 Build 7601 Service Pack 1

CPU:total 4 (4 cores per cpu, 1 threads per core) family 6 model 30 stepping 5, cmov, cx8, fxsr, mmx, sse, sse2, sse3, ssse3, sse4.1, sse4.2, popcnt, tsc, tscinvbit

Memory: 4k page, physical 3136880k(1049388k free), swap 6272008k(3012884k free)

vm_info: Java HotSpot(TM) Client VM (24.51-b03) for windows-x86 JRE (1.7.0_51-b13), built on Dec 18 2013 19:09:58 by "java_re" with unknown MS VC++:1600

time: Sat May 17 16:39:19 2014
elapsed time: 10 seconds

